<?xml version="1.0" encoding="UTF-8"?>
<coverage generated="1780489142646" clover="3.2.0">
  <project timestamp="1780489142646" name="All files">
    <metrics statements="1265" coveredstatements="371" conditionals="798" coveredconditionals="29" methods="354" coveredmethods="30" elements="2417" coveredelements="430" complexity="0" loc="1265" ncloc="1265" packages="16" files="76" classes="76"/>
    <package name="server.src">
      <metrics statements="8" coveredstatements="8" conditionals="0" coveredconditionals="0" methods="2" coveredmethods="2"/>
      <file name="app.ts" path="C:\Users\nitin\Downloads\jobnest-react-vite-npm\server\src\app.ts">
        <metrics statements="8" coveredstatements="8" conditionals="0" coveredconditionals="0" methods="2" coveredmethods="2"/>
        <line num="7" count="1" type="stmt"/>
        <line num="9" count="1" type="stmt"/>
        <line num="14" count="1" type="stmt"/>
        <line num="21" count="1" type="stmt"/>
        <line num="28" count="1" type="stmt"/>
        <line num="29" count="1" type="stmt"/>
        <line num="30" count="1" type="stmt"/>
        <line num="32" count="1" type="stmt"/>
      </file>
    </package>
    <package name="server.src.api-zod">
      <metrics statements="0" coveredstatements="0" conditionals="0" coveredconditionals="0" methods="0" coveredmethods="0"/>
      <file name="index.ts" path="C:\Users\nitin\Downloads\jobnest-react-vite-npm\server\src\api-zod\index.ts">
        <metrics statements="0" coveredstatements="0" conditionals="0" coveredconditionals="0" methods="0" coveredmethods="0"/>
      </file>
    </package>
    <package name="server.src.api-zod.generated">
      <metrics statements="63" coveredstatements="63" conditionals="0" coveredconditionals="0" methods="0" coveredmethods="0"/>
      <file name="api.ts" path="C:\Users\nitin\Downloads\jobnest-react-vite-npm\server\src\api-zod\generated\api.ts">
        <metrics statements="63" coveredstatements="63" conditionals="0" coveredconditionals="0" methods="0" coveredmethods="0"/>
        <line num="14" count="1" type="stmt"/>
        <line num="23" count="1" type="stmt"/>
        <line num="27" count="1" type="stmt"/>
        <line num="38" count="1" type="stmt"/>
        <line num="43" count="1" type="stmt"/>
        <line num="60" count="1" type="stmt"/>
        <line num="74" count="1" type="stmt"/>
        <line num="83" count="1" type="stmt"/>
        <line num="112" count="1" type="stmt"/>
        <line num="131" count="1" type="stmt"/>
        <line num="137" count="1" type="stmt"/>
        <line num="141" count="1" type="stmt"/>
        <line num="147" count="1" type="stmt"/>
        <line num="151" count="1" type="stmt"/>
        <line num="175" count="1" type="stmt"/>
        <line num="181" count="1" type="stmt"/>
        <line num="214" count="1" type="stmt"/>
        <line num="233" count="1" type="stmt"/>
        <line num="237" count="1" type="stmt"/>
        <line num="252" count="1" type="stmt"/>
        <line num="276" count="1" type="stmt"/>
        <line num="284" count="1" type="stmt"/>
        <line num="288" count="1" type="stmt"/>
        <line num="292" count="1" type="stmt"/>
        <line num="316" count="1" type="stmt"/>
        <line num="320" count="1" type="stmt"/>
        <line num="324" count="1" type="stmt"/>
        <line num="351" count="1" type="stmt"/>
        <line num="362" count="1" type="stmt"/>
        <line num="392" count="1" type="stmt"/>
        <line num="398" count="1" type="stmt"/>
        <line num="404" count="1" type="stmt"/>
        <line num="444" count="1" type="stmt"/>
        <line num="448" count="1" type="stmt"/>
        <line num="453" count="1" type="stmt"/>
        <line num="472" count="1" type="stmt"/>
        <line num="483" count="1" type="stmt"/>
        <line num="489" count="1" type="stmt"/>
        <line num="512" count="1" type="stmt"/>
        <line num="516" count="1" type="stmt"/>
        <line num="520" count="1" type="stmt"/>
        <line num="538" count="1" type="stmt"/>
        <line num="557" count="1" type="stmt"/>
        <line num="563" count="1" type="stmt"/>
        <line num="571" count="1" type="stmt"/>
        <line num="579" count="1" type="stmt"/>
        <line num="584" count="1" type="stmt"/>
        <line num="603" count="1" type="stmt"/>
        <line num="607" count="1" type="stmt"/>
        <line num="611" count="1" type="stmt"/>
        <line num="625" count="1" type="stmt"/>
        <line num="630" count="1" type="stmt"/>
        <line num="647" count="1" type="stmt"/>
        <line num="656" count="1" type="stmt"/>
        <line num="672" count="1" type="stmt"/>
        <line num="678" count="1" type="stmt"/>
        <line num="699" count="1" type="stmt"/>
        <line num="703" count="1" type="stmt"/>
        <line num="707" count="1" type="stmt"/>
        <line num="723" count="1" type="stmt"/>
        <line num="739" count="1" type="stmt"/>
        <line num="746" count="1" type="stmt"/>
        <line num="752" count="1" type="stmt"/>
      </file>
    </package>
    <package name="server.src.api-zod.generated.types">
      <metrics statements="0" coveredstatements="0" conditionals="0" coveredconditionals="0" methods="0" coveredmethods="0"/>
      <file name="activityItem.ts" path="C:\Users\nitin\Downloads\jobnest-react-vite-npm\server\src\api-zod\generated\types\activityItem.ts">
        <metrics statements="0" coveredstatements="0" conditionals="0" coveredconditionals="0" methods="0" coveredmethods="0"/>
      </file>
      <file name="adminListApplicationsParams.ts" path="C:\Users\nitin\Downloads\jobnest-react-vite-npm\server\src\api-zod\generated\types\adminListApplicationsParams.ts">
        <metrics statements="0" coveredstatements="0" conditionals="0" coveredconditionals="0" methods="0" coveredmethods="0"/>
      </file>
      <file name="adminListJobsParams.ts" path="C:\Users\nitin\Downloads\jobnest-react-vite-npm\server\src\api-zod\generated\types\adminListJobsParams.ts">
        <metrics statements="0" coveredstatements="0" conditionals="0" coveredconditionals="0" methods="0" coveredmethods="0"/>
      </file>
      <file name="adminListPaymentsParams.ts" path="C:\Users\nitin\Downloads\jobnest-react-vite-npm\server\src\api-zod\generated\types\adminListPaymentsParams.ts">
        <metrics statements="0" coveredstatements="0" conditionals="0" coveredconditionals="0" methods="0" coveredmethods="0"/>
      </file>
      <file name="adminListSubscriptionsParams.ts" path="C:\Users\nitin\Downloads\jobnest-react-vite-npm\server\src\api-zod\generated\types\adminListSubscriptionsParams.ts">
        <metrics statements="0" coveredstatements="0" conditionals="0" coveredconditionals="0" methods="0" coveredmethods="0"/>
      </file>
      <file name="adminListUsersParams.ts" path="C:\Users\nitin\Downloads\jobnest-react-vite-npm\server\src\api-zod\generated\types\adminListUsersParams.ts">
        <metrics statements="0" coveredstatements="0" conditionals="0" coveredconditionals="0" methods="0" coveredmethods="0"/>
      </file>
      <file name="application.ts" path="C:\Users\nitin\Downloads\jobnest-react-vite-npm\server\src\api-zod\generated\types\application.ts">
        <metrics statements="0" coveredstatements="0" conditionals="0" coveredconditionals="0" methods="0" coveredmethods="0"/>
      </file>
      <file name="applicationInput.ts" path="C:\Users\nitin\Downloads\jobnest-react-vite-npm\server\src\api-zod\generated\types\applicationInput.ts">
        <metrics statements="0" coveredstatements="0" conditionals="0" coveredconditionals="0" methods="0" coveredmethods="0"/>
      </file>
      <file name="applicationListResponse.ts" path="C:\Users\nitin\Downloads\jobnest-react-vite-npm\server\src\api-zod\generated\types\applicationListResponse.ts">
        <metrics statements="0" coveredstatements="0" conditionals="0" coveredconditionals="0" methods="0" coveredmethods="0"/>
      </file>
      <file name="applicationStatusUpdate.ts" path="C:\Users\nitin\Downloads\jobnest-react-vite-npm\server\src\api-zod\generated\types\applicationStatusUpdate.ts">
        <metrics statements="0" coveredstatements="0" conditionals="0" coveredconditionals="0" methods="0" coveredmethods="0"/>
      </file>
      <file name="applicationWithJob.ts" path="C:\Users\nitin\Downloads\jobnest-react-vite-npm\server\src\api-zod\generated\types\applicationWithJob.ts">
        <metrics statements="0" coveredstatements="0" conditionals="0" coveredconditionals="0" methods="0" coveredmethods="0"/>
      </file>
      <file name="authResponse.ts" path="C:\Users\nitin\Downloads\jobnest-react-vite-npm\server\src\api-zod\generated\types\authResponse.ts">
        <metrics statements="0" coveredstatements="0" conditionals="0" coveredconditionals="0" methods="0" coveredmethods="0"/>
      </file>
      <file name="categoryCount.ts" path="C:\Users\nitin\Downloads\jobnest-react-vite-npm\server\src\api-zod\generated\types\categoryCount.ts">
        <metrics statements="0" coveredstatements="0" conditionals="0" coveredconditionals="0" methods="0" coveredmethods="0"/>
      </file>
      <file name="dashboardStats.ts" path="C:\Users\nitin\Downloads\jobnest-react-vite-npm\server\src\api-zod\generated\types\dashboardStats.ts">
        <metrics statements="0" coveredstatements="0" conditionals="0" coveredconditionals="0" methods="0" coveredmethods="0"/>
      </file>
      <file name="healthStatus.ts" path="C:\Users\nitin\Downloads\jobnest-react-vite-npm\server\src\api-zod\generated\types\healthStatus.ts">
        <metrics statements="0" coveredstatements="0" conditionals="0" coveredconditionals="0" methods="0" coveredmethods="0"/>
      </file>
      <file name="index.ts" path="C:\Users\nitin\Downloads\jobnest-react-vite-npm\server\src\api-zod\generated\types\index.ts">
        <metrics statements="0" coveredstatements="0" conditionals="0" coveredconditionals="0" methods="0" coveredmethods="0"/>
      </file>
      <file name="job.ts" path="C:\Users\nitin\Downloads\jobnest-react-vite-npm\server\src\api-zod\generated\types\job.ts">
        <metrics statements="0" coveredstatements="0" conditionals="0" coveredconditionals="0" methods="0" coveredmethods="0"/>
      </file>
      <file name="jobFeatureUpdate.ts" path="C:\Users\nitin\Downloads\jobnest-react-vite-npm\server\src\api-zod\generated\types\jobFeatureUpdate.ts">
        <metrics statements="0" coveredstatements="0" conditionals="0" coveredconditionals="0" methods="0" coveredmethods="0"/>
      </file>
      <file name="jobInput.ts" path="C:\Users\nitin\Downloads\jobnest-react-vite-npm\server\src\api-zod\generated\types\jobInput.ts">
        <metrics statements="0" coveredstatements="0" conditionals="0" coveredconditionals="0" methods="0" coveredmethods="0"/>
      </file>
      <file name="jobListResponse.ts" path="C:\Users\nitin\Downloads\jobnest-react-vite-npm\server\src\api-zod\generated\types\jobListResponse.ts">
        <metrics statements="0" coveredstatements="0" conditionals="0" coveredconditionals="0" methods="0" coveredmethods="0"/>
      </file>
      <file name="jobStatusUpdate.ts" path="C:\Users\nitin\Downloads\jobnest-react-vite-npm\server\src\api-zod\generated\types\jobStatusUpdate.ts">
        <metrics statements="0" coveredstatements="0" conditionals="0" coveredconditionals="0" methods="0" coveredmethods="0"/>
      </file>
      <file name="jobUpdate.ts" path="C:\Users\nitin\Downloads\jobnest-react-vite-npm\server\src\api-zod\generated\types\jobUpdate.ts">
        <metrics statements="0" coveredstatements="0" conditionals="0" coveredconditionals="0" methods="0" coveredmethods="0"/>
      </file>
      <file name="listJobsParams.ts" path="C:\Users\nitin\Downloads\jobnest-react-vite-npm\server\src\api-zod\generated\types\listJobsParams.ts">
        <metrics statements="0" coveredstatements="0" conditionals="0" coveredconditionals="0" methods="0" coveredmethods="0"/>
      </file>
      <file name="loginInput.ts" path="C:\Users\nitin\Downloads\jobnest-react-vite-npm\server\src\api-zod\generated\types\loginInput.ts">
        <metrics statements="0" coveredstatements="0" conditionals="0" coveredconditionals="0" methods="0" coveredmethods="0"/>
      </file>
      <file name="payment.ts" path="C:\Users\nitin\Downloads\jobnest-react-vite-npm\server\src\api-zod\generated\types\payment.ts">
        <metrics statements="0" coveredstatements="0" conditionals="0" coveredconditionals="0" methods="0" coveredmethods="0"/>
      </file>
      <file name="paymentInput.ts" path="C:\Users\nitin\Downloads\jobnest-react-vite-npm\server\src\api-zod\generated\types\paymentInput.ts">
        <metrics statements="0" coveredstatements="0" conditionals="0" coveredconditionals="0" methods="0" coveredmethods="0"/>
      </file>
      <file name="paymentListResponse.ts" path="C:\Users\nitin\Downloads\jobnest-react-vite-npm\server\src\api-zod\generated\types\paymentListResponse.ts">
        <metrics statements="0" coveredstatements="0" conditionals="0" coveredconditionals="0" methods="0" coveredmethods="0"/>
      </file>
      <file name="paymentVerifyInput.ts" path="C:\Users\nitin\Downloads\jobnest-react-vite-npm\server\src\api-zod\generated\types\paymentVerifyInput.ts">
        <metrics statements="0" coveredstatements="0" conditionals="0" coveredconditionals="0" methods="0" coveredmethods="0"/>
      </file>
      <file name="profileUpdate.ts" path="C:\Users\nitin\Downloads\jobnest-react-vite-npm\server\src\api-zod\generated\types\profileUpdate.ts">
        <metrics statements="0" coveredstatements="0" conditionals="0" coveredconditionals="0" methods="0" coveredmethods="0"/>
      </file>
      <file name="registerInput.ts" path="C:\Users\nitin\Downloads\jobnest-react-vite-npm\server\src\api-zod\generated\types\registerInput.ts">
        <metrics statements="0" coveredstatements="0" conditionals="0" coveredconditionals="0" methods="0" coveredmethods="0"/>
      </file>
      <file name="saveJobInput.ts" path="C:\Users\nitin\Downloads\jobnest-react-vite-npm\server\src\api-zod\generated\types\saveJobInput.ts">
        <metrics statements="0" coveredstatements="0" conditionals="0" coveredconditionals="0" methods="0" coveredmethods="0"/>
      </file>
      <file name="subscription.ts" path="C:\Users\nitin\Downloads\jobnest-react-vite-npm\server\src\api-zod\generated\types\subscription.ts">
        <metrics statements="0" coveredstatements="0" conditionals="0" coveredconditionals="0" methods="0" coveredmethods="0"/>
      </file>
      <file name="subscriptionInput.ts" path="C:\Users\nitin\Downloads\jobnest-react-vite-npm\server\src\api-zod\generated\types\subscriptionInput.ts">
        <metrics statements="0" coveredstatements="0" conditionals="0" coveredconditionals="0" methods="0" coveredmethods="0"/>
      </file>
      <file name="subscriptionListResponse.ts" path="C:\Users\nitin\Downloads\jobnest-react-vite-npm\server\src\api-zod\generated\types\subscriptionListResponse.ts">
        <metrics statements="0" coveredstatements="0" conditionals="0" coveredconditionals="0" methods="0" coveredmethods="0"/>
      </file>
      <file name="subscriptionStatusUpdate.ts" path="C:\Users\nitin\Downloads\jobnest-react-vite-npm\server\src\api-zod\generated\types\subscriptionStatusUpdate.ts">
        <metrics statements="0" coveredstatements="0" conditionals="0" coveredconditionals="0" methods="0" coveredmethods="0"/>
      </file>
      <file name="user.ts" path="C:\Users\nitin\Downloads\jobnest-react-vite-npm\server\src\api-zod\generated\types\user.ts">
        <metrics statements="0" coveredstatements="0" conditionals="0" coveredconditionals="0" methods="0" coveredmethods="0"/>
      </file>
      <file name="userBlockInput.ts" path="C:\Users\nitin\Downloads\jobnest-react-vite-npm\server\src\api-zod\generated\types\userBlockInput.ts">
        <metrics statements="0" coveredstatements="0" conditionals="0" coveredconditionals="0" methods="0" coveredmethods="0"/>
      </file>
      <file name="userDashboardStats.ts" path="C:\Users\nitin\Downloads\jobnest-react-vite-npm\server\src\api-zod\generated\types\userDashboardStats.ts">
        <metrics statements="0" coveredstatements="0" conditionals="0" coveredconditionals="0" methods="0" coveredmethods="0"/>
      </file>
      <file name="userListResponse.ts" path="C:\Users\nitin\Downloads\jobnest-react-vite-npm\server\src\api-zod\generated\types\userListResponse.ts">
        <metrics statements="0" coveredstatements="0" conditionals="0" coveredconditionals="0" methods="0" coveredmethods="0"/>
      </file>
    </package>
    <package name="server.src.db">
      <metrics statements="5" coveredstatements="4" conditionals="2" coveredconditionals="1" methods="0" coveredmethods="0"/>
      <file name="index.ts" path="C:\Users\nitin\Downloads\jobnest-react-vite-npm\server\src\db\index.ts">
        <metrics statements="5" coveredstatements="4" conditionals="2" coveredconditionals="1" methods="0" coveredmethods="0"/>
        <line num="5" count="1" type="stmt"/>
        <line num="7" count="1" type="cond" truecount="1" falsecount="1"/>
        <line num="8" count="0" type="stmt"/>
        <line num="13" count="1" type="stmt"/>
        <line num="14" count="1" type="stmt"/>
      </file>
    </package>
    <package name="server.src.db.schema">
      <metrics statements="22" coveredstatements="13" conditionals="0" coveredconditionals="0" methods="9" coveredmethods="0"/>
      <file name="applications.ts" path="C:\Users\nitin\Downloads\jobnest-react-vite-npm\server\src\db\schema\applications.ts">
        <metrics statements="4" coveredstatements="2" conditionals="0" coveredconditionals="0" methods="2" coveredmethods="0"/>
        <line num="7" count="1" type="stmt"/>
        <line num="9" count="0" type="stmt"/>
        <line num="10" count="0" type="stmt"/>
        <line num="19" count="1" type="stmt"/>
      </file>
      <file name="index.ts" path="C:\Users\nitin\Downloads\jobnest-react-vite-npm\server\src\db\schema\index.ts">
        <metrics statements="0" coveredstatements="0" conditionals="0" coveredconditionals="0" methods="0" coveredmethods="0"/>
      </file>
      <file name="jobs.ts" path="C:\Users\nitin\Downloads\jobnest-react-vite-npm\server\src\db\schema\jobs.ts">
        <metrics statements="3" coveredstatements="2" conditionals="0" coveredconditionals="0" methods="1" coveredmethods="0"/>
        <line num="5" count="1" type="stmt"/>
        <line num="21" count="0" type="stmt"/>
        <line num="24" count="1" type="stmt"/>
      </file>
      <file name="payments.ts" path="C:\Users\nitin\Downloads\jobnest-react-vite-npm\server\src\db\schema\payments.ts">
        <metrics statements="5" coveredstatements="2" conditionals="0" coveredconditionals="0" methods="3" coveredmethods="0"/>
        <line num="7" count="1" type="stmt"/>
        <line num="9" count="0" type="stmt"/>
        <line num="10" count="0" type="stmt"/>
        <line num="15" count="0" type="stmt"/>
        <line num="19" count="1" type="stmt"/>
      </file>
      <file name="saved-jobs.ts" path="C:\Users\nitin\Downloads\jobnest-react-vite-npm\server\src\db\schema\saved-jobs.ts">
        <metrics statements="4" coveredstatements="2" conditionals="0" coveredconditionals="0" methods="2" coveredmethods="0"/>
        <line num="7" count="1" type="stmt"/>
        <line num="9" count="0" type="stmt"/>
        <line num="10" count="0" type="stmt"/>
        <line num="14" count="1" type="stmt"/>
      </file>
      <file name="settings.ts" path="C:\Users\nitin\Downloads\jobnest-react-vite-npm\server\src\db\schema\settings.ts">
        <metrics statements="1" coveredstatements="1" conditionals="0" coveredconditionals="0" methods="0" coveredmethods="0"/>
        <line num="3" count="1" type="stmt"/>
      </file>
      <file name="subscriptions.ts" path="C:\Users\nitin\Downloads\jobnest-react-vite-npm\server\src\db\schema\subscriptions.ts">
        <metrics statements="3" coveredstatements="2" conditionals="0" coveredconditionals="0" methods="1" coveredmethods="0"/>
        <line num="6" count="1" type="stmt"/>
        <line num="8" count="0" type="stmt"/>
        <line num="16" count="1" type="stmt"/>
      </file>
      <file name="users.ts" path="C:\Users\nitin\Downloads\jobnest-react-vite-npm\server\src\db\schema\users.ts">
        <metrics statements="2" coveredstatements="2" conditionals="0" coveredconditionals="0" methods="0" coveredmethods="0"/>
        <line num="5" count="1" type="stmt"/>
        <line num="16" count="1" type="stmt"/>
      </file>
    </package>
    <package name="server.src.lib">
      <metrics statements="31" coveredstatements="3" conditionals="20" coveredconditionals="5" methods="5" coveredmethods="0"/>
      <file name="auth.ts" path="C:\Users\nitin\Downloads\jobnest-react-vite-npm\server\src\lib\auth.ts">
        <metrics statements="29" coveredstatements="1" conditionals="16" coveredconditionals="2" methods="5" coveredmethods="0"/>
        <line num="7" count="1" type="cond" truecount="2" falsecount="0"/>
        <line num="10" count="0" type="stmt"/>
        <line num="14" count="0" type="stmt"/>
        <line num="15" count="0" type="stmt"/>
        <line num="17" count="0" type="stmt"/>
        <line num="22" count="0" type="stmt"/>
        <line num="23" count="0" type="cond" truecount="0" falsecount="4"/>
        <line num="24" count="0" type="stmt"/>
        <line num="25" count="0" type="stmt"/>
        <line num="27" count="0" type="stmt"/>
        <line num="28" count="0" type="stmt"/>
        <line num="29" count="0" type="cond" truecount="0" falsecount="2"/>
        <line num="30" count="0" type="stmt"/>
        <line num="31" count="0" type="stmt"/>
        <line num="33" count="0" type="stmt"/>
        <line num="34" count="0" type="stmt"/>
        <line num="35" count="0" type="cond" truecount="0" falsecount="4"/>
        <line num="36" count="0" type="stmt"/>
        <line num="37" count="0" type="stmt"/>
        <line num="39" count="0" type="stmt"/>
        <line num="40" count="0" type="stmt"/>
        <line num="42" count="0" type="stmt"/>
        <line num="43" count="0" type="stmt"/>
        <line num="48" count="0" type="stmt"/>
        <line num="49" count="0" type="stmt"/>
        <line num="50" count="0" type="cond" truecount="0" falsecount="4"/>
        <line num="51" count="0" type="stmt"/>
        <line num="52" count="0" type="stmt"/>
        <line num="54" count="0" type="stmt"/>
      </file>
      <file name="logger.ts" path="C:\Users\nitin\Downloads\jobnest-react-vite-npm\server\src\lib\logger.ts">
        <metrics statements="2" coveredstatements="2" conditionals="4" coveredconditionals="3" methods="0" coveredmethods="0"/>
        <line num="3" count="1" type="stmt"/>
        <line num="5" count="1" type="stmt"/>
      </file>
    </package>
    <package name="server.src.routes">
      <metrics statements="376" coveredstatements="61" conditionals="280" coveredconditionals="0" methods="55" coveredmethods="1"/>
      <file name="applications.ts" path="C:\Users\nitin\Downloads\jobnest-react-vite-npm\server\src\routes\applications.ts">
        <metrics statements="50" coveredstatements="5" conditionals="42" coveredconditionals="0" methods="8" coveredmethods="0"/>
        <line num="12" count="1" type="stmt"/>
        <line num="17" count="0" type="stmt"/>
        <line num="39" count="0" type="stmt"/>
        <line num="53" count="1" type="stmt"/>
        <line num="54" count="0" type="stmt"/>
        <line num="55" count="0" type="stmt"/>
        <line num="56" count="0" type="cond" truecount="0" falsecount="2"/>
        <line num="57" count="0" type="stmt"/>
        <line num="58" count="0" type="stmt"/>
        <line num="61" count="0" type="stmt"/>
        <line num="63" count="0" type="stmt"/>
        <line num="64" count="0" type="cond" truecount="0" falsecount="2"/>
        <line num="65" count="0" type="stmt"/>
        <line num="66" count="0" type="stmt"/>
        <line num="69" count="0" type="stmt"/>
        <line num="72" count="0" type="cond" truecount="0" falsecount="2"/>
        <line num="73" count="0" type="stmt"/>
        <line num="74" count="0" type="stmt"/>
        <line num="77" count="0" type="stmt"/>
        <line num="86" count="0" type="stmt"/>
        <line num="90" count="1" type="stmt"/>
        <line num="91" count="0" type="stmt"/>
        <line num="92" count="0" type="stmt"/>
        <line num="94" count="0" type="stmt"/>
        <line num="95" count="0" type="stmt"/>
        <line num="96" count="0" type="cond" truecount="0" falsecount="2"/>
        <line num="99" count="0" type="stmt"/>
        <line num="103" count="1" type="stmt"/>
        <line num="104" count="0" type="stmt"/>
        <line num="105" count="0" type="cond" truecount="0" falsecount="4"/>
        <line num="106" count="0" type="cond" truecount="0" falsecount="4"/>
        <line num="107" count="0" type="stmt"/>
        <line num="109" count="0" type="stmt"/>
        <line num="110" count="0" type="cond" truecount="0" falsecount="4"/>
        <line num="111" count="0" type="cond" truecount="0" falsecount="2"/>
        <line num="113" count="0" type="stmt"/>
        <line num="114" count="0" type="cond" truecount="0" falsecount="2"/>
        <line num="115" count="0" type="stmt"/>
        <line num="117" count="0" type="stmt"/>
        <line num="118" count="0" type="stmt"/>
        <line num="119" count="0" type="cond" truecount="0" falsecount="2"/>
        <line num="122" count="0" type="stmt"/>
        <line num="126" count="1" type="stmt"/>
        <line num="127" count="0" type="stmt"/>
        <line num="128" count="0" type="cond" truecount="0" falsecount="2"/>
        <line num="130" count="0" type="stmt"/>
        <line num="131" count="0" type="cond" truecount="0" falsecount="2"/>
        <line num="133" count="0" type="stmt"/>
        <line num="138" count="0" type="cond" truecount="0" falsecount="2"/>
        <line num="139" count="0" type="stmt"/>
      </file>
      <file name="auth.ts" path="C:\Users\nitin\Downloads\jobnest-react-vite-npm\server\src\routes\auth.ts">
        <metrics statements="39" coveredstatements="5" conditionals="14" coveredconditionals="0" methods="4" coveredmethods="0"/>
        <line num="11" count="1" type="stmt"/>
        <line num="13" count="1" type="stmt"/>
        <line num="14" count="0" type="stmt"/>
        <line num="15" count="0" type="cond" truecount="0" falsecount="2"/>
        <line num="16" count="0" type="stmt"/>
        <line num="17" count="0" type="stmt"/>
        <line num="19" count="0" type="stmt"/>
        <line num="21" count="0" type="stmt"/>
        <line num="22" count="0" type="cond" truecount="0" falsecount="2"/>
        <line num="23" count="0" type="stmt"/>
        <line num="24" count="0" type="stmt"/>
        <line num="27" count="0" type="stmt"/>
        <line num="28" count="0" type="stmt"/>
        <line num="37" count="0" type="stmt"/>
        <line num="38" count="0" type="stmt"/>
        <line num="52" count="1" type="stmt"/>
        <line num="53" count="0" type="stmt"/>
        <line num="54" count="0" type="cond" truecount="0" falsecount="2"/>
        <line num="55" count="0" type="stmt"/>
        <line num="56" count="0" type="stmt"/>
        <line num="58" count="0" type="stmt"/>
        <line num="60" count="0" type="stmt"/>
        <line num="61" count="0" type="cond" truecount="0" falsecount="2"/>
        <line num="62" count="0" type="stmt"/>
        <line num="63" count="0" type="stmt"/>
        <line num="65" count="0" type="cond" truecount="0" falsecount="2"/>
        <line num="66" count="0" type="stmt"/>
        <line num="67" count="0" type="stmt"/>
        <line num="69" count="0" type="stmt"/>
        <line num="70" count="0" type="cond" truecount="0" falsecount="2"/>
        <line num="71" count="0" type="stmt"/>
        <line num="72" count="0" type="stmt"/>
        <line num="75" count="0" type="stmt"/>
        <line num="76" count="0" type="stmt"/>
        <line num="90" count="1" type="stmt"/>
        <line num="91" count="0" type="stmt"/>
        <line num="92" count="0" type="stmt"/>
        <line num="103" count="1" type="stmt"/>
        <line num="104" count="0" type="stmt"/>
      </file>
      <file name="dashboard.ts" path="C:\Users\nitin\Downloads\jobnest-react-vite-npm\server\src\routes\dashboard.ts">
        <metrics statements="24" coveredstatements="4" conditionals="30" coveredconditionals="0" methods="4" coveredmethods="0"/>
        <line num="6" count="1" type="stmt"/>
        <line num="11" count="1" type="stmt"/>
        <line num="12" count="0" type="stmt"/>
        <line num="13" count="0" type="stmt"/>
        <line num="14" count="0" type="stmt"/>
        <line num="15" count="0" type="stmt"/>
        <line num="16" count="0" type="stmt"/>
        <line num="17" count="0" type="stmt"/>
        <line num="18" count="0" type="stmt"/>
        <line num="19" count="0" type="stmt"/>
        <line num="20" count="0" type="stmt"/>
        <line num="22" count="0" type="stmt"/>
        <line num="36" count="1" type="stmt"/>
        <line num="37" count="0" type="stmt"/>
        <line num="50" count="0" type="stmt"/>
        <line num="58" count="0" type="stmt"/>
        <line num="62" count="1" type="stmt"/>
        <line num="63" count="0" type="stmt"/>
        <line num="65" count="0" type="stmt"/>
        <line num="66" count="0" type="stmt"/>
        <line num="67" count="0" type="stmt"/>
        <line num="68" count="0" type="stmt"/>
        <line num="69" count="0" type="stmt"/>
        <line num="71" count="0" type="stmt"/>
      </file>
      <file name="health.ts" path="C:\Users\nitin\Downloads\jobnest-react-vite-npm\server\src\routes\health.ts">
        <metrics statements="4" coveredstatements="4" conditionals="0" coveredconditionals="0" methods="1" coveredmethods="1"/>
        <line num="4" count="1" type="stmt"/>
        <line num="6" count="1" type="stmt"/>
        <line num="7" count="1" type="stmt"/>
        <line num="8" count="1" type="stmt"/>
      </file>
      <file name="index.ts" path="C:\Users\nitin\Downloads\jobnest-react-vite-npm\server\src\routes\index.ts">
        <metrics statements="11" coveredstatements="11" conditionals="0" coveredconditionals="0" methods="0" coveredmethods="0"/>
        <line num="13" count="1" type="stmt"/>
        <line num="15" count="1" type="stmt"/>
        <line num="16" count="1" type="stmt"/>
        <line num="17" count="1" type="stmt"/>
        <line num="18" count="1" type="stmt"/>
        <line num="19" count="1" type="stmt"/>
        <line num="20" count="1" type="stmt"/>
        <line num="21" count="1" type="stmt"/>
        <line num="22" count="1" type="stmt"/>
        <line num="23" count="1" type="stmt"/>
        <line num="24" count="1" type="stmt"/>
      </file>
      <file name="jobs.ts" path="C:\Users\nitin\Downloads\jobnest-react-vite-npm\server\src\routes\jobs.ts">
        <metrics statements="87" coveredstatements="11" conditionals="82" coveredconditionals="0" methods="15" coveredmethods="0"/>
        <line num="19" count="1" type="stmt"/>
        <line num="22" count="0" type="stmt"/>
        <line num="44" count="1" type="stmt"/>
        <line num="45" count="0" type="stmt"/>
        <line num="46" count="0" type="cond" truecount="0" falsecount="4"/>
        <line num="47" count="0" type="cond" truecount="0" falsecount="4"/>
        <line num="48" count="0" type="stmt"/>
        <line num="50" count="0" type="stmt"/>
        <line num="51" count="0" type="cond" truecount="0" falsecount="4"/>
        <line num="52" count="0" type="cond" truecount="0" falsecount="4"/>
        <line num="53" count="0" type="cond" truecount="0" falsecount="4"/>
        <line num="54" count="0" type="cond" truecount="0" falsecount="4"/>
        <line num="55" count="0" type="stmt"/>
        <line num="58" count="0" type="stmt"/>
        <line num="60" count="0" type="stmt"/>
        <line num="61" count="0" type="cond" truecount="0" falsecount="2"/>
        <line num="63" count="0" type="stmt"/>
        <line num="65" count="0" type="stmt"/>
        <line num="66" count="0" type="stmt"/>
        <line num="74" count="1" type="stmt"/>
        <line num="75" count="0" type="stmt"/>
        <line num="76" count="0" type="stmt"/>
        <line num="80" count="1" type="stmt"/>
        <line num="81" count="0" type="stmt"/>
        <line num="85" count="0" type="stmt"/>
        <line num="89" count="1" type="stmt"/>
        <line num="90" count="0" type="stmt"/>
        <line num="91" count="0" type="cond" truecount="0" falsecount="2"/>
        <line num="92" count="0" type="stmt"/>
        <line num="93" count="0" type="stmt"/>
        <line num="95" count="0" type="stmt"/>
        <line num="96" count="0" type="cond" truecount="0" falsecount="2"/>
        <line num="97" count="0" type="stmt"/>
        <line num="98" count="0" type="stmt"/>
        <line num="101" count="0" type="stmt"/>
        <line num="102" count="0" type="cond" truecount="0" falsecount="2"/>
        <line num="106" count="1" type="stmt"/>
        <line num="107" count="0" type="stmt"/>
        <line num="108" count="0" type="cond" truecount="0" falsecount="4"/>
        <line num="109" count="0" type="cond" truecount="0" falsecount="4"/>
        <line num="110" count="0" type="stmt"/>
        <line num="112" count="0" type="stmt"/>
        <line num="113" count="0" type="cond" truecount="0" falsecount="4"/>
        <line num="115" count="0" type="cond" truecount="0" falsecount="2"/>
        <line num="116" count="0" type="stmt"/>
        <line num="117" count="0" type="cond" truecount="0" falsecount="2"/>
        <line num="118" count="0" type="stmt"/>
        <line num="120" count="0" type="stmt"/>
        <line num="124" count="1" type="stmt"/>
        <line num="125" count="0" type="stmt"/>
        <line num="126" count="0" type="cond" truecount="0" falsecount="2"/>
        <line num="127" count="0" type="stmt"/>
        <line num="128" count="0" type="stmt"/>
        <line num="130" count="0" type="stmt"/>
        <line num="131" count="0" type="stmt"/>
        <line num="136" count="0" type="stmt"/>
        <line num="140" count="1" type="stmt"/>
        <line num="141" count="0" type="stmt"/>
        <line num="142" count="0" type="cond" truecount="0" falsecount="2"/>
        <line num="144" count="0" type="stmt"/>
        <line num="145" count="0" type="cond" truecount="0" falsecount="2"/>
        <line num="147" count="0" type="stmt"/>
        <line num="148" count="0" type="stmt"/>
        <line num="153" count="0" type="cond" truecount="0" falsecount="2"/>
        <line num="154" count="0" type="stmt"/>
        <line num="158" count="1" type="stmt"/>
        <line num="159" count="0" type="stmt"/>
        <line num="160" count="0" type="cond" truecount="0" falsecount="2"/>
        <line num="162" count="0" type="stmt"/>
        <line num="163" count="0" type="cond" truecount="0" falsecount="2"/>
        <line num="164" count="0" type="stmt"/>
        <line num="168" count="1" type="stmt"/>
        <line num="169" count="0" type="stmt"/>
        <line num="170" count="0" type="cond" truecount="0" falsecount="2"/>
        <line num="172" count="0" type="stmt"/>
        <line num="173" count="0" type="cond" truecount="0" falsecount="2"/>
        <line num="175" count="0" type="stmt"/>
        <line num="176" count="0" type="cond" truecount="0" falsecount="2"/>
        <line num="177" count="0" type="stmt"/>
        <line num="181" count="1" type="stmt"/>
        <line num="182" count="0" type="stmt"/>
        <line num="183" count="0" type="cond" truecount="0" falsecount="2"/>
        <line num="185" count="0" type="stmt"/>
        <line num="186" count="0" type="cond" truecount="0" falsecount="2"/>
        <line num="188" count="0" type="stmt"/>
        <line num="189" count="0" type="cond" truecount="0" falsecount="2"/>
        <line num="190" count="0" type="stmt"/>
      </file>
      <file name="payments.ts" path="C:\Users\nitin\Downloads\jobnest-react-vite-npm\server\src\routes\payments.ts">
        <metrics statements="37" coveredstatements="4" conditionals="34" coveredconditionals="0" methods="4" coveredmethods="0"/>
        <line num="12" count="1" type="stmt"/>
        <line num="17" count="0" type="stmt"/>
        <line num="18" count="0" type="stmt"/>
        <line num="19" count="0" type="cond" truecount="0" falsecount="2"/>
        <line num="20" count="0" type="stmt"/>
        <line num="21" count="0" type="cond" truecount="0" falsecount="2"/>
        <line num="22" count="0" type="stmt"/>
        <line num="23" count="0" type="cond" truecount="0" falsecount="2"/>
        <line num="26" count="0" type="stmt"/>
        <line num="42" count="1" type="stmt"/>
        <line num="43" count="0" type="stmt"/>
        <line num="44" count="0" type="stmt"/>
        <line num="45" count="0" type="cond" truecount="0" falsecount="2"/>
        <line num="47" count="0" type="stmt"/>
        <line num="56" count="0" type="stmt"/>
        <line num="60" count="1" type="stmt"/>
        <line num="61" count="0" type="stmt"/>
        <line num="62" count="0" type="cond" truecount="0" falsecount="4"/>
        <line num="63" count="0" type="cond" truecount="0" falsecount="4"/>
        <line num="64" count="0" type="stmt"/>
        <line num="66" count="0" type="stmt"/>
        <line num="67" count="0" type="cond" truecount="0" falsecount="4"/>
        <line num="68" count="0" type="cond" truecount="0" falsecount="2"/>
        <line num="70" count="0" type="stmt"/>
        <line num="71" count="0" type="cond" truecount="0" falsecount="2"/>
        <line num="72" count="0" type="stmt"/>
        <line num="74" count="0" type="stmt"/>
        <line num="75" count="0" type="stmt"/>
        <line num="79" count="1" type="stmt"/>
        <line num="80" count="0" type="stmt"/>
        <line num="81" count="0" type="stmt"/>
        <line num="82" count="0" type="cond" truecount="0" falsecount="2"/>
        <line num="84" count="0" type="stmt"/>
        <line num="85" count="0" type="cond" truecount="0" falsecount="2"/>
        <line num="87" count="0" type="stmt"/>
        <line num="92" count="0" type="cond" truecount="0" falsecount="2"/>
        <line num="93" count="0" type="stmt"/>
      </file>
      <file name="saved-jobs.ts" path="C:\Users\nitin\Downloads\jobnest-react-vite-npm\server\src\routes\saved-jobs.ts">
        <metrics statements="23" coveredstatements="4" conditionals="10" coveredconditionals="0" methods="5" coveredmethods="0"/>
        <line num="7" count="1" type="stmt"/>
        <line num="12" count="0" type="stmt"/>
        <line num="33" count="1" type="stmt"/>
        <line num="34" count="0" type="stmt"/>
        <line num="35" count="0" type="stmt"/>
        <line num="36" count="0" type="stmt"/>
        <line num="38" count="0" type="stmt"/>
        <line num="39" count="0" type="cond" truecount="0" falsecount="2"/>
        <line num="42" count="0" type="stmt"/>
        <line num="45" count="1" type="stmt"/>
        <line num="46" count="0" type="stmt"/>
        <line num="47" count="0" type="stmt"/>
        <line num="48" count="0" type="cond" truecount="0" falsecount="2"/>
        <line num="50" count="0" type="stmt"/>
        <line num="53" count="0" type="cond" truecount="0" falsecount="2"/>
        <line num="55" count="0" type="stmt"/>
        <line num="56" count="0" type="stmt"/>
        <line num="59" count="1" type="stmt"/>
        <line num="60" count="0" type="stmt"/>
        <line num="61" count="0" type="stmt"/>
        <line num="62" count="0" type="cond" truecount="0" falsecount="2"/>
        <line num="64" count="0" type="stmt"/>
        <line num="67" count="0" type="stmt"/>
      </file>
      <file name="settings.ts" path="C:\Users\nitin\Downloads\jobnest-react-vite-npm\server\src\routes\settings.ts">
        <metrics statements="19" coveredstatements="4" conditionals="3" coveredconditionals="0" methods="4" coveredmethods="0"/>
        <line num="6" count="1" type="stmt"/>
        <line num="8" count="1" type="stmt"/>
        <line num="16" count="0" type="stmt"/>
        <line num="17" count="0" type="cond" truecount="0" falsecount="3"/>
        <line num="21" count="1" type="stmt"/>
        <line num="22" count="0" type="stmt"/>
        <line num="23" count="0" type="stmt"/>
        <line num="24" count="0" type="stmt"/>
        <line num="25" count="0" type="stmt"/>
        <line num="29" count="1" type="stmt"/>
        <line num="30" count="0" type="stmt"/>
        <line num="31" count="0" type="stmt"/>
        <line num="32" count="0" type="stmt"/>
        <line num="34" count="0" type="stmt"/>
        <line num="35" count="0" type="stmt"/>
        <line num="41" count="0" type="stmt"/>
        <line num="42" count="0" type="stmt"/>
        <line num="43" count="0" type="stmt"/>
        <line num="44" count="0" type="stmt"/>
      </file>
      <file name="subscriptions.ts" path="C:\Users\nitin\Downloads\jobnest-react-vite-npm\server\src\routes\subscriptions.ts">
        <metrics statements="57" coveredstatements="5" conditionals="43" coveredconditionals="0" methods="6" coveredmethods="0"/>
        <line num="12" count="1" type="stmt"/>
        <line num="20" count="0" type="stmt"/>
        <line num="34" count="1" type="stmt"/>
        <line num="35" count="0" type="stmt"/>
        <line num="36" count="0" type="stmt"/>
        <line num="43" count="0" type="cond" truecount="0" falsecount="2"/>
        <line num="44" count="0" type="stmt"/>
        <line num="45" count="0" type="stmt"/>
        <line num="49" count="0" type="cond" truecount="0" falsecount="5"/>
        <line num="50" count="0" type="stmt"/>
        <line num="54" count="0" type="stmt"/>
        <line num="55" count="0" type="stmt"/>
        <line num="58" count="0" type="stmt"/>
        <line num="62" count="1" type="stmt"/>
        <line num="63" count="0" type="stmt"/>
        <line num="66" count="0" type="stmt"/>
        <line num="80" count="0" type="cond" truecount="0" falsecount="2"/>
        <line num="81" count="0" type="stmt"/>
        <line num="82" count="0" type="stmt"/>
        <line num="85" count="0" type="stmt"/>
        <line num="86" count="0" type="cond" truecount="0" falsecount="2"/>
        <line num="87" count="0" type="stmt"/>
        <line num="88" count="0" type="stmt"/>
        <line num="91" count="0" type="stmt"/>
        <line num="101" count="0" type="stmt"/>
        <line num="105" count="1" type="stmt"/>
        <line num="106" count="0" type="cond" truecount="0" falsecount="2"/>
        <line num="107" count="0" type="cond" truecount="0" falsecount="2"/>
        <line num="108" count="0" type="stmt"/>
        <line num="109" count="0" type="stmt"/>
        <line num="111" count="0" type="cond" truecount="0" falsecount="2"/>
        <line num="112" count="0" type="cond" truecount="0" falsecount="2"/>
        <line num="114" count="0" type="stmt"/>
        <line num="118" count="0" type="cond" truecount="0" falsecount="2"/>
        <line num="120" count="0" type="stmt"/>
        <line num="128" count="0" type="stmt"/>
        <line num="130" count="0" type="stmt"/>
        <line num="134" count="0" type="stmt"/>
        <line num="138" count="0" type="stmt"/>
        <line num="142" count="1" type="stmt"/>
        <line num="146" count="0" type="stmt"/>
        <line num="147" count="0" type="cond" truecount="0" falsecount="2"/>
        <line num="149" count="0" type="stmt"/>
        <line num="150" count="0" type="cond" truecount="0" falsecount="2"/>
        <line num="152" count="0" type="cond" truecount="0" falsecount="4"/>
        <line num="153" count="0" type="stmt"/>
        <line num="154" count="0" type="stmt"/>
        <line num="157" count="0" type="stmt"/>
        <line num="159" count="0" type="cond" truecount="0" falsecount="2"/>
        <line num="160" count="0" type="cond" truecount="0" falsecount="2"/>
        <line num="161" count="0" type="stmt"/>
        <line num="162" count="0" type="stmt"/>
        <line num="163" count="0" type="stmt"/>
        <line num="166" count="0" type="stmt"/>
        <line num="172" count="0" type="cond" truecount="0" falsecount="2"/>
        <line num="174" count="0" type="stmt"/>
        <line num="175" count="0" type="stmt"/>
      </file>
      <file name="users.ts" path="C:\Users\nitin\Downloads\jobnest-react-vite-npm\server\src\routes\users.ts">
        <metrics statements="25" coveredstatements="4" conditionals="22" coveredconditionals="0" methods="4" coveredmethods="0"/>
        <line num="12" count="1" type="stmt"/>
        <line num="17" count="0" type="stmt"/>
        <line num="29" count="1" type="stmt"/>
        <line num="30" count="0" type="stmt"/>
        <line num="31" count="0" type="cond" truecount="0" falsecount="4"/>
        <line num="32" count="0" type="cond" truecount="0" falsecount="4"/>
        <line num="33" count="0" type="stmt"/>
        <line num="35" count="0" type="stmt"/>
        <line num="36" count="0" type="cond" truecount="0" falsecount="2"/>
        <line num="37" count="0" type="stmt"/>
        <line num="39" count="0" type="stmt"/>
        <line num="43" count="1" type="stmt"/>
        <line num="44" count="0" type="stmt"/>
        <line num="45" count="0" type="cond" truecount="0" falsecount="2"/>
        <line num="47" count="0" type="stmt"/>
        <line num="48" count="0" type="cond" truecount="0" falsecount="2"/>
        <line num="50" count="0" type="stmt"/>
        <line num="55" count="0" type="cond" truecount="0" falsecount="2"/>
        <line num="56" count="0" type="stmt"/>
        <line num="60" count="1" type="stmt"/>
        <line num="61" count="0" type="stmt"/>
        <line num="62" count="0" type="stmt"/>
        <line num="63" count="0" type="cond" truecount="0" falsecount="2"/>
        <line num="65" count="0" type="stmt"/>
        <line num="70" count="0" type="stmt"/>
      </file>
    </package>
    <package name="src.api-client">
      <metrics statements="134" coveredstatements="4" conditionals="140" coveredconditionals="0" methods="25" coveredmethods="0"/>
      <file name="custom-fetch.ts" path="C:\Users\nitin\Downloads\jobnest-react-vite-npm\src\api-client\custom-fetch.ts">
        <metrics statements="134" coveredstatements="4" conditionals="140" coveredconditionals="0" methods="25" coveredmethods="0"/>
        <line num="11" count="1" type="stmt"/>
        <line num="12" count="1" type="stmt"/>
        <line num="18" count="1" type="stmt"/>
        <line num="19" count="1" type="stmt"/>
        <line num="29" count="0" type="cond" truecount="0" falsecount="2"/>
        <line num="44" count="0" type="stmt"/>
        <line num="48" count="0" type="cond" truecount="0" falsecount="2"/>
        <line num="52" count="0" type="cond" truecount="0" falsecount="2"/>
        <line num="53" count="0" type="cond" truecount="0" falsecount="2"/>
        <line num="54" count="0" type="stmt"/>
        <line num="60" count="0" type="cond" truecount="0" falsecount="2"/>
        <line num="64" count="0" type="cond" truecount="0" falsecount="2"/>
        <line num="65" count="0" type="stmt"/>
        <line num="67" count="0" type="cond" truecount="0" falsecount="2"/>
        <line num="69" count="0" type="stmt"/>
        <line num="70" count="0" type="cond" truecount="0" falsecount="2"/>
        <line num="71" count="0" type="cond" truecount="0" falsecount="2"/>
        <line num="72" count="0" type="stmt"/>
        <line num="76" count="0" type="cond" truecount="0" falsecount="2"/>
        <line num="77" count="0" type="cond" truecount="0" falsecount="2"/>
        <line num="78" count="0" type="stmt"/>
        <line num="82" count="0" type="stmt"/>
        <line num="84" count="0" type="stmt"/>
        <line num="85" count="0" type="cond" truecount="0" falsecount="2"/>
        <line num="86" count="0" type="stmt"/>
        <line num="87" count="0" type="stmt"/>
        <line num="91" count="0" type="stmt"/>
        <line num="95" count="0" type="stmt"/>
        <line num="96" count="0" type="cond" truecount="0" falsecount="2"/>
        <line num="100" count="0" type="cond" truecount="0" falsecount="2"/>
        <line num="104" count="0" type="stmt"/>
        <line num="121" count="0" type="cond" truecount="0" falsecount="2"/>
        <line num="122" count="0" type="cond" truecount="0" falsecount="2"/>
        <line num="123" count="0" type="cond" truecount="0" falsecount="2"/>
        <line num="124" count="0" type="cond" truecount="0" falsecount="2"/>
        <line num="125" count="0" type="stmt"/>
        <line num="129" count="0" type="cond" truecount="0" falsecount="2"/>
        <line num="133" count="0" type="stmt"/>
        <line num="134" count="0" type="cond" truecount="0" falsecount="2"/>
        <line num="138" count="0" type="cond" truecount="0" falsecount="4"/>
        <line num="140" count="0" type="stmt"/>
        <line num="141" count="0" type="cond" truecount="0" falsecount="2"/>
        <line num="143" count="0" type="stmt"/>
        <line num="144" count="0" type="cond" truecount="0" falsecount="2"/>
        <line num="148" count="0" type="cond" truecount="0" falsecount="2"/>
        <line num="152" count="0" type="stmt"/>
        <line num="154" count="0" type="cond" truecount="0" falsecount="2"/>
        <line num="155" count="0" type="stmt"/>
        <line num="156" count="0" type="cond" truecount="0" falsecount="2"/>
        <line num="159" count="0" type="stmt"/>
        <line num="160" count="0" type="stmt"/>
        <line num="162" count="0" type="cond" truecount="0" falsecount="3"/>
        <line num="166" count="0" type="cond" truecount="0" falsecount="4"/>
        <line num="167" count="0" type="cond" truecount="0" falsecount="2"/>
        <line num="168" count="0" type="cond" truecount="0" falsecount="2"/>
        <line num="169" count="0" type="cond" truecount="0" falsecount="2"/>
        <line num="171" count="0" type="stmt"/>
        <line num="175" count="0" type="stmt"/>
        <line num="189" count="0" type="stmt"/>
        <line num="190" count="0" type="stmt"/>
        <line num="192" count="0" type="stmt"/>
        <line num="193" count="0" type="stmt"/>
        <line num="194" count="0" type="stmt"/>
        <line num="195" count="0" type="stmt"/>
        <line num="196" count="0" type="stmt"/>
        <line num="197" count="0" type="stmt"/>
        <line num="198" count="0" type="cond" truecount="0" falsecount="2"/>
        <line num="203" count="0" type="stmt"/>
        <line num="219" count="0" type="stmt"/>
        <line num="223" count="0" type="stmt"/>
        <line num="225" count="0" type="stmt"/>
        <line num="226" count="0" type="stmt"/>
        <line num="227" count="0" type="stmt"/>
        <line num="228" count="0" type="stmt"/>
        <line num="229" count="0" type="stmt"/>
        <line num="230" count="0" type="cond" truecount="0" falsecount="2"/>
        <line num="231" count="0" type="stmt"/>
        <line num="232" count="0" type="stmt"/>
        <line num="240" count="0" type="stmt"/>
        <line num="241" count="0" type="stmt"/>
        <line num="243" count="0" type="cond" truecount="0" falsecount="2"/>
        <line num="244" count="0" type="stmt"/>
        <line num="247" count="0" type="stmt"/>
        <line num="248" count="0" type="stmt"/>
        <line num="250" count="0" type="stmt"/>
        <line num="255" count="0" type="cond" truecount="0" falsecount="2"/>
        <line num="256" count="0" type="stmt"/>
        <line num="259" count="0" type="stmt"/>
        <line num="262" count="0" type="cond" truecount="0" falsecount="5"/>
        <line num="263" count="0" type="cond" truecount="0" falsecount="2"/>
        <line num="266" count="0" type="stmt"/>
        <line num="267" count="0" type="stmt"/>
        <line num="268" count="0" type="stmt"/>
        <line num="270" count="0" type="cond" truecount="0" falsecount="2"/>
        <line num="271" count="0" type="stmt"/>
        <line num="274" count="0" type="cond" truecount="0" falsecount="4"/>
        <line num="275" count="0" type="stmt"/>
        <line num="276" count="0" type="stmt"/>
        <line num="278" count="0" type="stmt"/>
        <line num="282" count="0" type="stmt"/>
        <line num="286" count="0" type="stmt"/>
        <line num="288" count="0" type="cond" truecount="0" falsecount="2"/>
        <line num="289" count="0" type="cond" truecount="0" falsecount="4"/>
        <line num="290" count="0" type="stmt"/>
        <line num="298" count="0" type="cond" truecount="0" falsecount="2"/>
        <line num="299" count="0" type="stmt"/>
        <line num="303" count="0" type="cond" truecount="0" falsecount="2"/>
        <line num="305" count="0" type="cond" truecount="0" falsecount="3"/>
        <line num="307" count="0" type="stmt"/>
        <line num="310" count="0" type="stmt"/>
        <line num="311" count="0" type="cond" truecount="0" falsecount="2"/>
        <line num="315" count="0" type="cond" truecount="0" falsecount="2"/>
        <line num="316" count="0" type="stmt"/>
        <line num="321" count="0" type="stmt"/>
        <line num="329" count="0" type="stmt"/>
        <line num="330" count="0" type="cond" truecount="0" falsecount="1"/>
        <line num="332" count="0" type="stmt"/>
        <line num="334" count="0" type="cond" truecount="0" falsecount="5"/>
        <line num="335" count="0" type="stmt"/>
        <line num="338" count="0" type="cond" truecount="0" falsecount="2"/>
        <line num="340" count="0" type="cond" truecount="0" falsecount="2"/>
        <line num="345" count="0" type="stmt"/>
        <line num="348" count="0" type="cond" truecount="0" falsecount="4"/>
        <line num="349" count="0" type="stmt"/>
        <line num="354" count="0" type="cond" truecount="0" falsecount="4"/>
        <line num="355" count="0" type="stmt"/>
        <line num="356" count="0" type="cond" truecount="0" falsecount="2"/>
        <line num="357" count="0" type="stmt"/>
        <line num="361" count="0" type="stmt"/>
        <line num="363" count="0" type="stmt"/>
        <line num="365" count="0" type="cond" truecount="0" falsecount="2"/>
        <line num="366" count="0" type="stmt"/>
        <line num="367" count="0" type="stmt"/>
        <line num="370" count="0" type="stmt"/>
      </file>
      <file name="index.ts" path="C:\Users\nitin\Downloads\jobnest-react-vite-npm\src\api-client\index.ts">
        <metrics statements="0" coveredstatements="0" conditionals="0" coveredconditionals="0" methods="0" coveredmethods="0"/>
      </file>
    </package>
    <package name="src.api-client.generated">
      <metrics statements="501" coveredstatements="145" conditionals="288" coveredconditionals="1" methods="198" coveredmethods="2"/>
      <file name="api.schemas.ts" path="C:\Users\nitin\Downloads\jobnest-react-vite-npm\src\api-client\generated\api.schemas.ts">
        <metrics statements="0" coveredstatements="0" conditionals="0" coveredconditionals="0" methods="0" coveredmethods="0"/>
      </file>
      <file name="api.ts" path="C:\Users\nitin\Downloads\jobnest-react-vite-npm\src\api-client\generated\api.ts">
        <metrics statements="501" coveredstatements="145" conditionals="288" coveredconditionals="1" methods="198" coveredmethods="2"/>
        <line num="75" count="1" type="stmt"/>
        <line num="80" count="0" type="stmt"/>
        <line num="86" count="1" type="stmt"/>
        <line num="88" count="0" type="stmt"/>
        <line num="101" count="1" type="stmt"/>
        <line num="102" count="0" type="stmt"/>
        <line num="108" count="1" type="stmt"/>
        <line num="111" count="0" type="cond" truecount="0" falsecount="2"/>
        <line num="113" count="0" type="cond" truecount="0" falsecount="2"/>
        <line num="117" count="0" type="stmt"/>
        <line num="123" count="0" type="stmt"/>
        <line num="139" count="0" type="stmt"/>
        <line num="141" count="0" type="stmt"/>
        <line num="143" count="0" type="stmt"/>
        <line num="152" count="1" type="stmt"/>
        <line num="157" count="0" type="stmt"/>
        <line num="163" count="1" type="stmt"/>
        <line num="165" count="0" type="stmt"/>
        <line num="178" count="1" type="stmt"/>
        <line num="182" count="0" type="stmt"/>
        <line num="183" count="0" type="cond" truecount="0" falsecount="2"/>
        <line num="192" count="0" type="stmt"/>
        <line num="193" count="0" type="cond" truecount="0" falsecount="2"/>
        <line num="195" count="0" type="stmt"/>
        <line num="203" count="0" type="stmt"/>
        <line num="212" count="1" type="stmt"/>
        <line num="220" count="0" type="stmt"/>
        <line num="223" count="1" type="stmt"/>
        <line num="228" count="0" type="stmt"/>
        <line num="234" count="1" type="stmt"/>
        <line num="236" count="0" type="stmt"/>
        <line num="249" count="1" type="stmt"/>
        <line num="253" count="0" type="stmt"/>
        <line num="254" count="0" type="cond" truecount="0" falsecount="2"/>
        <line num="263" count="0" type="stmt"/>
        <line num="264" count="0" type="cond" truecount="0" falsecount="2"/>
        <line num="266" count="0" type="stmt"/>
        <line num="274" count="0" type="stmt"/>
        <line num="283" count="1" type="stmt"/>
        <line num="291" count="0" type="stmt"/>
        <line num="294" count="1" type="stmt"/>
        <line num="299" count="0" type="stmt"/>
        <line num="305" count="1" type="stmt"/>
        <line num="307" count="0" type="stmt"/>
        <line num="320" count="1" type="stmt"/>
        <line num="321" count="0" type="stmt"/>
        <line num="327" count="1" type="stmt"/>
        <line num="330" count="0" type="cond" truecount="0" falsecount="2"/>
        <line num="332" count="0" type="cond" truecount="0" falsecount="2"/>
        <line num="336" count="0" type="stmt"/>
        <line num="342" count="0" type="stmt"/>
        <line num="358" count="0" type="stmt"/>
        <line num="360" count="0" type="stmt"/>
        <line num="362" count="0" type="stmt"/>
        <line num="371" count="1" type="stmt"/>
        <line num="376" count="0" type="stmt"/>
        <line num="382" count="1" type="stmt"/>
        <line num="384" count="0" type="stmt"/>
        <line num="396" count="1" type="stmt"/>
        <line num="400" count="4" type="stmt"/>
        <line num="401" count="4" type="cond" truecount="1" falsecount="1"/>
        <line num="410" count="4" type="stmt"/>
        <line num="413" count="0" type="stmt"/>
        <line num="421" count="4" type="stmt"/>
        <line num="430" count="1" type="stmt"/>
        <line num="438" count="4" type="stmt"/>
        <line num="441" count="1" type="stmt"/>
        <line num="442" count="0" type="stmt"/>
        <line num="444" count="0" type="cond" truecount="0" falsecount="2"/>
        <line num="446" count="0" type="cond" truecount="0" falsecount="2"/>
        <line num="447" count="0" type="cond" truecount="0" falsecount="2"/>
        <line num="451" count="0" type="stmt"/>
        <line num="453" count="0" type="cond" truecount="0" falsecount="2"/>
        <line num="459" count="1" type="stmt"/>
        <line num="461" count="0" type="stmt"/>
        <line num="474" count="1" type="stmt"/>
        <line num="475" count="0" type="stmt"/>
        <line num="481" count="1" type="stmt"/>
        <line num="484" count="0" type="cond" truecount="0" falsecount="2"/>
        <line num="486" count="0" type="cond" truecount="0" falsecount="2"/>
        <line num="490" count="0" type="stmt"/>
        <line num="496" count="0" type="stmt"/>
        <line num="512" count="0" type="stmt"/>
        <line num="514" count="0" type="stmt"/>
        <line num="516" count="0" type="stmt"/>
        <line num="525" count="1" type="stmt"/>
        <line num="530" count="0" type="stmt"/>
        <line num="536" count="1" type="stmt"/>
        <line num="538" count="0" type="stmt"/>
        <line num="551" count="1" type="stmt"/>
        <line num="552" count="0" type="stmt"/>
        <line num="558" count="1" type="stmt"/>
        <line num="561" count="0" type="cond" truecount="0" falsecount="2"/>
        <line num="563" count="0" type="cond" truecount="0" falsecount="2"/>
        <line num="567" count="0" type="stmt"/>
        <line num="573" count="0" type="stmt"/>
        <line num="589" count="0" type="stmt"/>
        <line num="591" count="0" type="stmt"/>
        <line num="593" count="0" type="stmt"/>
        <line num="602" count="1" type="stmt"/>
        <line num="607" count="0" type="stmt"/>
        <line num="613" count="1" type="stmt"/>
        <line num="615" count="0" type="stmt"/>
        <line num="628" count="1" type="stmt"/>
        <line num="629" count="0" type="stmt"/>
        <line num="635" count="1" type="stmt"/>
        <line num="638" count="0" type="cond" truecount="0" falsecount="2"/>
        <line num="640" count="0" type="cond" truecount="0" falsecount="2"/>
        <line num="644" count="0" type="stmt"/>
        <line num="650" count="0" type="stmt"/>
        <line num="666" count="0" type="stmt"/>
        <line num="668" count="0" type="stmt"/>
        <line num="670" count="0" type="stmt"/>
        <line num="679" count="1" type="stmt"/>
        <line num="684" count="0" type="stmt"/>
        <line num="690" count="1" type="stmt"/>
        <line num="692" count="0" type="stmt"/>
        <line num="705" count="1" type="stmt"/>
        <line num="706" count="0" type="stmt"/>
        <line num="712" count="1" type="stmt"/>
        <line num="715" count="0" type="cond" truecount="0" falsecount="2"/>
        <line num="717" count="0" type="cond" truecount="0" falsecount="2"/>
        <line num="721" count="0" type="stmt"/>
        <line num="727" count="0" type="stmt"/>
        <line num="743" count="0" type="stmt"/>
        <line num="745" count="0" type="stmt"/>
        <line num="747" count="0" type="stmt"/>
        <line num="756" count="1" type="stmt"/>
        <line num="757" count="0" type="stmt"/>
        <line num="759" count="0" type="cond" truecount="0" falsecount="2"/>
        <line num="761" count="0" type="cond" truecount="0" falsecount="2"/>
        <line num="762" count="0" type="cond" truecount="0" falsecount="2"/>
        <line num="766" count="0" type="stmt"/>
        <line num="768" count="0" type="cond" truecount="0" falsecount="2"/>
        <line num="774" count="1" type="stmt"/>
        <line num="776" count="0" type="stmt"/>
        <line num="789" count="1" type="stmt"/>
        <line num="790" count="0" type="stmt"/>
        <line num="796" count="1" type="stmt"/>
        <line num="799" count="0" type="cond" truecount="0" falsecount="2"/>
        <line num="801" count="0" type="cond" truecount="0" falsecount="2"/>
        <line num="805" count="0" type="stmt"/>
        <line num="811" count="0" type="stmt"/>
        <line num="827" count="0" type="stmt"/>
        <line num="829" count="0" type="stmt"/>
        <line num="831" count="0" type="stmt"/>
        <line num="840" count="1" type="stmt"/>
        <line num="845" count="0" type="stmt"/>
        <line num="851" count="1" type="stmt"/>
        <line num="853" count="0" type="stmt"/>
        <line num="866" count="1" type="stmt"/>
        <line num="870" count="0" type="stmt"/>
        <line num="871" count="0" type="cond" truecount="0" falsecount="2"/>
        <line num="880" count="0" type="stmt"/>
        <line num="881" count="0" type="cond" truecount="0" falsecount="2"/>
        <line num="883" count="0" type="stmt"/>
        <line num="891" count="0" type="stmt"/>
        <line num="900" count="1" type="stmt"/>
        <line num="908" count="0" type="stmt"/>
        <line num="911" count="1" type="stmt"/>
        <line num="916" count="0" type="stmt"/>
        <line num="922" count="1" type="stmt"/>
        <line num="925" count="0" type="stmt"/>
        <line num="938" count="1" type="stmt"/>
        <line num="942" count="0" type="stmt"/>
        <line num="943" count="0" type="cond" truecount="0" falsecount="2"/>
        <line num="952" count="0" type="stmt"/>
        <line num="953" count="0" type="cond" truecount="0" falsecount="2"/>
        <line num="955" count="0" type="stmt"/>
        <line num="963" count="0" type="stmt"/>
        <line num="972" count="1" type="stmt"/>
        <line num="980" count="0" type="stmt"/>
        <line num="983" count="1" type="stmt"/>
        <line num="988" count="0" type="stmt"/>
        <line num="994" count="1" type="stmt"/>
        <line num="996" count="0" type="stmt"/>
        <line num="1008" count="1" type="stmt"/>
        <line num="1012" count="0" type="stmt"/>
        <line num="1013" count="0" type="cond" truecount="0" falsecount="2"/>
        <line num="1022" count="0" type="stmt"/>
        <line num="1023" count="0" type="cond" truecount="0" falsecount="2"/>
        <line num="1025" count="0" type="stmt"/>
        <line num="1033" count="0" type="stmt"/>
        <line num="1042" count="1" type="stmt"/>
        <line num="1050" count="0" type="stmt"/>
        <line num="1053" count="1" type="stmt"/>
        <line num="1058" count="0" type="stmt"/>
        <line num="1064" count="1" type="stmt"/>
        <line num="1067" count="0" type="stmt"/>
        <line num="1080" count="1" type="stmt"/>
        <line num="1084" count="0" type="stmt"/>
        <line num="1085" count="0" type="cond" truecount="0" falsecount="2"/>
        <line num="1094" count="0" type="stmt"/>
        <line num="1095" count="0" type="cond" truecount="0" falsecount="2"/>
        <line num="1097" count="0" type="stmt"/>
        <line num="1105" count="0" type="stmt"/>
        <line num="1114" count="1" type="stmt"/>
        <line num="1122" count="0" type="stmt"/>
        <line num="1125" count="1" type="stmt"/>
        <line num="1130" count="0" type="stmt"/>
        <line num="1136" count="1" type="stmt"/>
        <line num="1139" count="0" type="stmt"/>
        <line num="1152" count="1" type="stmt"/>
        <line num="1156" count="0" type="stmt"/>
        <line num="1157" count="0" type="cond" truecount="0" falsecount="2"/>
        <line num="1166" count="0" type="stmt"/>
        <line num="1167" count="0" type="cond" truecount="0" falsecount="2"/>
        <line num="1169" count="0" type="stmt"/>
        <line num="1177" count="0" type="stmt"/>
        <line num="1186" count="1" type="stmt"/>
        <line num="1194" count="0" type="stmt"/>
        <line num="1197" count="1" type="stmt"/>
        <line num="1202" count="0" type="stmt"/>
        <line num="1208" count="1" type="stmt"/>
        <line num="1210" count="0" type="stmt"/>
        <line num="1223" count="1" type="stmt"/>
        <line num="1227" count="0" type="stmt"/>
        <line num="1228" count="0" type="cond" truecount="0" falsecount="2"/>
        <line num="1237" count="0" type="stmt"/>
        <line num="1238" count="0" type="cond" truecount="0" falsecount="2"/>
        <line num="1240" count="0" type="stmt"/>
        <line num="1248" count="0" type="stmt"/>
        <line num="1257" count="1" type="stmt"/>
        <line num="1265" count="0" type="stmt"/>
        <line num="1268" count="1" type="stmt"/>
        <line num="1273" count="0" type="stmt"/>
        <line num="1279" count="1" type="stmt"/>
        <line num="1281" count="0" type="stmt"/>
        <line num="1294" count="1" type="stmt"/>
        <line num="1295" count="0" type="stmt"/>
        <line num="1301" count="1" type="stmt"/>
        <line num="1304" count="0" type="cond" truecount="0" falsecount="2"/>
        <line num="1306" count="0" type="cond" truecount="0" falsecount="2"/>
        <line num="1310" count="0" type="stmt"/>
        <line num="1316" count="0" type="stmt"/>
        <line num="1332" count="0" type="stmt"/>
        <line num="1334" count="0" type="stmt"/>
        <line num="1336" count="0" type="stmt"/>
        <line num="1345" count="1" type="stmt"/>
        <line num="1346" count="0" type="stmt"/>
        <line num="1348" count="0" type="cond" truecount="0" falsecount="2"/>
        <line num="1350" count="0" type="cond" truecount="0" falsecount="2"/>
        <line num="1351" count="0" type="cond" truecount="0" falsecount="2"/>
        <line num="1355" count="0" type="stmt"/>
        <line num="1357" count="0" type="cond" truecount="0" falsecount="2"/>
        <line num="1363" count="1" type="stmt"/>
        <line num="1365" count="0" type="stmt"/>
        <line num="1378" count="1" type="stmt"/>
        <line num="1379" count="0" type="stmt"/>
        <line num="1385" count="1" type="stmt"/>
        <line num="1388" count="0" type="cond" truecount="0" falsecount="2"/>
        <line num="1390" count="0" type="cond" truecount="0" falsecount="2"/>
        <line num="1394" count="0" type="stmt"/>
        <line num="1400" count="0" type="stmt"/>
        <line num="1416" count="0" type="stmt"/>
        <line num="1418" count="0" type="stmt"/>
        <line num="1420" count="0" type="stmt"/>
        <line num="1429" count="1" type="stmt"/>
        <line num="1434" count="0" type="stmt"/>
        <line num="1440" count="1" type="stmt"/>
        <line num="1443" count="0" type="stmt"/>
        <line num="1456" count="1" type="stmt"/>
        <line num="1460" count="0" type="stmt"/>
        <line num="1461" count="0" type="cond" truecount="0" falsecount="2"/>
        <line num="1470" count="0" type="stmt"/>
        <line num="1471" count="0" type="cond" truecount="0" falsecount="2"/>
        <line num="1473" count="0" type="stmt"/>
        <line num="1481" count="0" type="stmt"/>
        <line num="1490" count="1" type="stmt"/>
        <line num="1498" count="0" type="stmt"/>
        <line num="1501" count="1" type="stmt"/>
        <line num="1506" count="0" type="stmt"/>
        <line num="1512" count="1" type="stmt"/>
        <line num="1514" count="0" type="stmt"/>
        <line num="1527" count="1" type="stmt"/>
        <line num="1531" count="0" type="stmt"/>
        <line num="1532" count="0" type="cond" truecount="0" falsecount="2"/>
        <line num="1541" count="0" type="stmt"/>
        <line num="1542" count="0" type="cond" truecount="0" falsecount="2"/>
        <line num="1544" count="0" type="stmt"/>
        <line num="1552" count="0" type="stmt"/>
        <line num="1561" count="1" type="stmt"/>
        <line num="1569" count="0" type="stmt"/>
        <line num="1572" count="1" type="stmt"/>
        <line num="1573" count="0" type="stmt"/>
        <line num="1575" count="0" type="cond" truecount="0" falsecount="2"/>
        <line num="1577" count="0" type="cond" truecount="0" falsecount="2"/>
        <line num="1578" count="0" type="cond" truecount="0" falsecount="2"/>
        <line num="1582" count="0" type="stmt"/>
        <line num="1584" count="0" type="cond" truecount="0" falsecount="2"/>
        <line num="1590" count="1" type="stmt"/>
        <line num="1592" count="0" type="stmt"/>
        <line num="1605" count="1" type="stmt"/>
        <line num="1606" count="0" type="stmt"/>
        <line num="1612" count="1" type="stmt"/>
        <line num="1615" count="0" type="cond" truecount="0" falsecount="2"/>
        <line num="1617" count="0" type="cond" truecount="0" falsecount="2"/>
        <line num="1621" count="0" type="stmt"/>
        <line num="1627" count="0" type="stmt"/>
        <line num="1643" count="0" type="stmt"/>
        <line num="1645" count="0" type="stmt"/>
        <line num="1647" count="0" type="stmt"/>
        <line num="1656" count="1" type="stmt"/>
        <line num="1661" count="0" type="stmt"/>
        <line num="1667" count="1" type="stmt"/>
        <line num="1670" count="0" type="stmt"/>
        <line num="1683" count="1" type="stmt"/>
        <line num="1687" count="0" type="stmt"/>
        <line num="1688" count="0" type="cond" truecount="0" falsecount="2"/>
        <line num="1697" count="0" type="stmt"/>
        <line num="1698" count="0" type="cond" truecount="0" falsecount="2"/>
        <line num="1700" count="0" type="stmt"/>
        <line num="1708" count="0" type="stmt"/>
        <line num="1717" count="1" type="stmt"/>
        <line num="1725" count="0" type="stmt"/>
        <line num="1728" count="1" type="stmt"/>
        <line num="1733" count="0" type="stmt"/>
        <line num="1739" count="1" type="stmt"/>
        <line num="1741" count="0" type="stmt"/>
        <line num="1754" count="1" type="stmt"/>
        <line num="1755" count="0" type="stmt"/>
        <line num="1761" count="1" type="stmt"/>
        <line num="1764" count="0" type="cond" truecount="0" falsecount="2"/>
        <line num="1766" count="0" type="cond" truecount="0" falsecount="2"/>
        <line num="1770" count="0" type="stmt"/>
        <line num="1776" count="0" type="stmt"/>
        <line num="1792" count="0" type="stmt"/>
        <line num="1794" count="0" type="stmt"/>
        <line num="1796" count="0" type="stmt"/>
        <line num="1805" count="1" type="stmt"/>
        <line num="1810" count="0" type="stmt"/>
        <line num="1816" count="1" type="stmt"/>
        <line num="1818" count="0" type="stmt"/>
        <line num="1831" count="1" type="stmt"/>
        <line num="1835" count="0" type="stmt"/>
        <line num="1836" count="0" type="cond" truecount="0" falsecount="2"/>
        <line num="1845" count="0" type="stmt"/>
        <line num="1846" count="0" type="cond" truecount="0" falsecount="2"/>
        <line num="1848" count="0" type="stmt"/>
        <line num="1856" count="0" type="stmt"/>
        <line num="1865" count="1" type="stmt"/>
        <line num="1873" count="0" type="stmt"/>
        <line num="1876" count="1" type="stmt"/>
        <line num="1881" count="0" type="stmt"/>
        <line num="1887" count="1" type="stmt"/>
        <line num="1889" count="0" type="stmt"/>
        <line num="1901" count="1" type="stmt"/>
        <line num="1905" count="0" type="stmt"/>
        <line num="1906" count="0" type="cond" truecount="0" falsecount="2"/>
        <line num="1915" count="0" type="stmt"/>
        <line num="1916" count="0" type="cond" truecount="0" falsecount="2"/>
        <line num="1918" count="0" type="stmt"/>
        <line num="1926" count="0" type="stmt"/>
        <line num="1935" count="1" type="stmt"/>
        <line num="1943" count="0" type="stmt"/>
        <line num="1946" count="1" type="stmt"/>
        <line num="1947" count="0" type="stmt"/>
        <line num="1949" count="0" type="cond" truecount="0" falsecount="2"/>
        <line num="1951" count="0" type="cond" truecount="0" falsecount="2"/>
        <line num="1952" count="0" type="cond" truecount="0" falsecount="2"/>
        <line num="1956" count="0" type="stmt"/>
        <line num="1958" count="0" type="cond" truecount="0" falsecount="2"/>
        <line num="1964" count="1" type="stmt"/>
        <line num="1966" count="0" type="stmt"/>
        <line num="1979" count="1" type="stmt"/>
        <line num="1980" count="0" type="stmt"/>
        <line num="1986" count="1" type="stmt"/>
        <line num="1989" count="0" type="cond" truecount="0" falsecount="2"/>
        <line num="1991" count="0" type="cond" truecount="0" falsecount="2"/>
        <line num="1995" count="0" type="stmt"/>
        <line num="2001" count="0" type="stmt"/>
        <line num="2017" count="0" type="stmt"/>
        <line num="2019" count="0" type="stmt"/>
        <line num="2021" count="0" type="stmt"/>
        <line num="2030" count="1" type="stmt"/>
        <line num="2035" count="0" type="stmt"/>
        <line num="2041" count="1" type="stmt"/>
        <line num="2044" count="0" type="stmt"/>
        <line num="2057" count="1" type="stmt"/>
        <line num="2061" count="0" type="stmt"/>
        <line num="2062" count="0" type="cond" truecount="0" falsecount="2"/>
        <line num="2071" count="0" type="stmt"/>
        <line num="2072" count="0" type="cond" truecount="0" falsecount="2"/>
        <line num="2074" count="0" type="stmt"/>
        <line num="2082" count="0" type="stmt"/>
        <line num="2091" count="1" type="stmt"/>
        <line num="2099" count="0" type="stmt"/>
        <line num="2102" count="1" type="stmt"/>
        <line num="2107" count="0" type="stmt"/>
        <line num="2113" count="1" type="stmt"/>
        <line num="2115" count="0" type="stmt"/>
        <line num="2128" count="1" type="stmt"/>
        <line num="2132" count="0" type="stmt"/>
        <line num="2133" count="0" type="cond" truecount="0" falsecount="2"/>
        <line num="2142" count="0" type="stmt"/>
        <line num="2143" count="0" type="cond" truecount="0" falsecount="2"/>
        <line num="2145" count="0" type="stmt"/>
        <line num="2153" count="0" type="stmt"/>
        <line num="2162" count="1" type="stmt"/>
        <line num="2170" count="0" type="stmt"/>
        <line num="2173" count="1" type="stmt"/>
        <line num="2178" count="0" type="stmt"/>
        <line num="2184" count="1" type="stmt"/>
        <line num="2186" count="0" type="stmt"/>
        <line num="2199" count="1" type="stmt"/>
        <line num="2203" count="0" type="stmt"/>
        <line num="2204" count="0" type="cond" truecount="0" falsecount="2"/>
        <line num="2213" count="0" type="stmt"/>
        <line num="2214" count="0" type="cond" truecount="0" falsecount="2"/>
        <line num="2216" count="0" type="stmt"/>
        <line num="2224" count="0" type="stmt"/>
        <line num="2233" count="1" type="stmt"/>
        <line num="2241" count="0" type="stmt"/>
        <line num="2244" count="1" type="stmt"/>
        <line num="2249" count="0" type="stmt"/>
        <line num="2255" count="1" type="stmt"/>
        <line num="2257" count="0" type="stmt"/>
        <line num="2270" count="1" type="stmt"/>
        <line num="2271" count="0" type="stmt"/>
        <line num="2277" count="1" type="stmt"/>
        <line num="2280" count="0" type="cond" truecount="0" falsecount="2"/>
        <line num="2282" count="0" type="cond" truecount="0" falsecount="2"/>
        <line num="2286" count="0" type="stmt"/>
        <line num="2292" count="0" type="stmt"/>
        <line num="2308" count="0" type="stmt"/>
        <line num="2310" count="0" type="stmt"/>
        <line num="2312" count="0" type="stmt"/>
        <line num="2321" count="1" type="stmt"/>
        <line num="2322" count="0" type="stmt"/>
        <line num="2324" count="0" type="cond" truecount="0" falsecount="2"/>
        <line num="2326" count="0" type="cond" truecount="0" falsecount="2"/>
        <line num="2327" count="0" type="cond" truecount="0" falsecount="2"/>
        <line num="2331" count="0" type="stmt"/>
        <line num="2333" count="0" type="cond" truecount="0" falsecount="2"/>
        <line num="2339" count="1" type="stmt"/>
        <line num="2341" count="0" type="stmt"/>
        <line num="2354" count="1" type="stmt"/>
        <line num="2355" count="0" type="stmt"/>
        <line num="2361" count="1" type="stmt"/>
        <line num="2364" count="0" type="cond" truecount="0" falsecount="2"/>
        <line num="2366" count="0" type="cond" truecount="0" falsecount="2"/>
        <line num="2370" count="0" type="stmt"/>
        <line num="2376" count="0" type="stmt"/>
        <line num="2392" count="0" type="stmt"/>
        <line num="2394" count="0" type="stmt"/>
        <line num="2396" count="0" type="stmt"/>
        <line num="2405" count="1" type="stmt"/>
        <line num="2410" count="0" type="stmt"/>
        <line num="2416" count="1" type="stmt"/>
        <line num="2419" count="0" type="stmt"/>
        <line num="2432" count="1" type="stmt"/>
        <line num="2436" count="0" type="stmt"/>
        <line num="2437" count="0" type="cond" truecount="0" falsecount="2"/>
        <line num="2446" count="0" type="stmt"/>
        <line num="2447" count="0" type="cond" truecount="0" falsecount="2"/>
        <line num="2449" count="0" type="stmt"/>
        <line num="2457" count="0" type="stmt"/>
        <line num="2466" count="1" type="stmt"/>
        <line num="2474" count="0" type="stmt"/>
        <line num="2477" count="1" type="stmt"/>
        <line num="2482" count="0" type="stmt"/>
        <line num="2488" count="1" type="stmt"/>
        <line num="2490" count="0" type="stmt"/>
        <line num="2503" count="1" type="stmt"/>
        <line num="2504" count="0" type="stmt"/>
        <line num="2510" count="1" type="stmt"/>
        <line num="2513" count="0" type="cond" truecount="0" falsecount="2"/>
        <line num="2515" count="0" type="cond" truecount="0" falsecount="2"/>
        <line num="2519" count="0" type="stmt"/>
        <line num="2525" count="0" type="stmt"/>
        <line num="2541" count="0" type="stmt"/>
        <line num="2543" count="0" type="stmt"/>
        <line num="2545" count="0" type="stmt"/>
        <line num="2554" count="1" type="stmt"/>
        <line num="2559" count="0" type="stmt"/>
        <line num="2565" count="1" type="stmt"/>
        <line num="2567" count="0" type="stmt"/>
        <line num="2580" count="1" type="stmt"/>
        <line num="2581" count="0" type="stmt"/>
        <line num="2587" count="1" type="stmt"/>
        <line num="2590" count="0" type="cond" truecount="0" falsecount="2"/>
        <line num="2592" count="0" type="cond" truecount="0" falsecount="2"/>
        <line num="2596" count="0" type="stmt"/>
        <line num="2602" count="0" type="stmt"/>
        <line num="2618" count="0" type="stmt"/>
        <line num="2620" count="0" type="stmt"/>
        <line num="2622" count="0" type="stmt"/>
        <line num="2631" count="1" type="stmt"/>
        <line num="2636" count="0" type="stmt"/>
        <line num="2642" count="1" type="stmt"/>
        <line num="2644" count="0" type="stmt"/>
        <line num="2657" count="1" type="stmt"/>
        <line num="2658" count="0" type="stmt"/>
        <line num="2664" count="1" type="stmt"/>
        <line num="2667" count="0" type="cond" truecount="0" falsecount="2"/>
        <line num="2669" count="0" type="cond" truecount="0" falsecount="2"/>
        <line num="2673" count="0" type="stmt"/>
        <line num="2679" count="0" type="stmt"/>
        <line num="2695" count="0" type="stmt"/>
        <line num="2697" count="0" type="stmt"/>
        <line num="2699" count="0" type="stmt"/>
      </file>
    </package>
    <package name="src.components.layout">
      <metrics statements="21" coveredstatements="8" conditionals="16" coveredconditionals="3" methods="13" coveredmethods="2"/>
      <file name="Layout.tsx" path="C:\Users\nitin\Downloads\jobnest-react-vite-npm\src\components\layout\Layout.tsx">
        <metrics statements="1" coveredstatements="1" conditionals="0" coveredconditionals="0" methods="1" coveredmethods="1"/>
        <line num="5" count="4" type="stmt"/>
      </file>
      <file name="Navbar.tsx" path="C:\Users\nitin\Downloads\jobnest-react-vite-npm\src\components\layout\Navbar.tsx">
        <metrics statements="20" coveredstatements="7" conditionals="16" coveredconditionals="3" methods="12" coveredmethods="1"/>
        <line num="11" count="4" type="stmt"/>
        <line num="12" count="4" type="stmt"/>
        <line num="13" count="4" type="stmt"/>
        <line num="14" count="4" type="stmt"/>
        <line num="15" count="4" type="stmt"/>
        <line num="17" count="4" type="stmt"/>
        <line num="18" count="0" type="stmt"/>
        <line num="20" count="0" type="stmt"/>
        <line num="21" count="0" type="stmt"/>
        <line num="22" count="0" type="stmt"/>
        <line num="27" count="4" type="stmt"/>
        <line num="68" count="0" type="stmt"/>
        <line num="77" count="0" type="stmt"/>
        <line num="78" count="0" type="stmt"/>
        <line num="79" count="0" type="stmt"/>
        <line num="80" count="0" type="stmt"/>
        <line num="84" count="0" type="cond" truecount="0" falsecount="2"/>
        <line num="90" count="0" type="stmt"/>
        <line num="97" count="0" type="stmt"/>
        <line num="100" count="0" type="stmt"/>
      </file>
    </package>
    <package name="src.components.shared">
      <metrics statements="1" coveredstatements="1" conditionals="1" coveredconditionals="1" methods="1" coveredmethods="1"/>
      <file name="Logo.tsx" path="C:\Users\nitin\Downloads\jobnest-react-vite-npm\src\components\shared\Logo.tsx">
        <metrics statements="1" coveredstatements="1" conditionals="1" coveredconditionals="1" methods="1" coveredmethods="1"/>
        <line num="2" count="4" type="stmt"/>
      </file>
    </package>
    <package name="src.components.ui">
      <metrics statements="7" coveredstatements="7" conditionals="3" coveredconditionals="2" methods="2" coveredmethods="2"/>
      <file name="badge.tsx" path="C:\Users\nitin\Downloads\jobnest-react-vite-npm\src\components\ui\badge.tsx">
        <metrics statements="2" coveredstatements="2" conditionals="0" coveredconditionals="0" methods="1" coveredmethods="1"/>
        <line num="6" count="1" type="stmt"/>
        <line num="38" count="4" type="stmt"/>
      </file>
      <file name="button.tsx" path="C:\Users\nitin\Downloads\jobnest-react-vite-npm\src\components\ui\button.tsx">
        <metrics statements="5" coveredstatements="5" conditionals="3" coveredconditionals="2" methods="1" coveredmethods="1"/>
        <line num="7" count="1" type="stmt"/>
        <line num="51" count="1" type="stmt"/>
        <line num="53" count="28" type="cond" truecount="1" falsecount="1"/>
        <line num="54" count="28" type="stmt"/>
        <line num="63" count="1" type="stmt"/>
      </file>
    </package>
    <package name="src.hooks">
      <metrics statements="51" coveredstatements="17" conditionals="20" coveredconditionals="1" methods="18" coveredmethods="3"/>
      <file name="use-toast.ts" path="C:\Users\nitin\Downloads\jobnest-react-vite-npm\src\hooks\use-toast.ts">
        <metrics statements="51" coveredstatements="17" conditionals="20" coveredconditionals="1" methods="18" coveredmethods="3"/>
        <line num="8" count="1" type="stmt"/>
        <line num="9" count="1" type="stmt"/>
        <line num="18" count="1" type="stmt"/>
        <line num="25" count="1" type="stmt"/>
        <line num="28" count="0" type="stmt"/>
        <line num="29" count="0" type="stmt"/>
        <line num="56" count="1" type="stmt"/>
        <line num="58" count="1" type="stmt"/>
        <line num="59" count="0" type="cond" truecount="0" falsecount="2"/>
        <line num="60" count="0" type="stmt"/>
        <line num="63" count="0" type="stmt"/>
        <line num="64" count="0" type="stmt"/>
        <line num="65" count="0" type="stmt"/>
        <line num="71" count="0" type="stmt"/>
        <line num="74" count="1" type="stmt"/>
        <line num="75" count="0" type="cond" truecount="0" falsecount="4"/>
        <line num="77" count="0" type="stmt"/>
        <line num="83" count="0" type="stmt"/>
        <line num="86" count="0" type="cond" truecount="0" falsecount="2"/>
        <line num="91" count="0" type="stmt"/>
        <line num="95" count="0" type="cond" truecount="0" falsecount="2"/>
        <line num="96" count="0" type="stmt"/>
        <line num="98" count="0" type="stmt"/>
        <line num="99" count="0" type="stmt"/>
        <line num="103" count="0" type="stmt"/>
        <line num="106" count="0" type="cond" truecount="0" falsecount="4"/>
        <line num="116" count="0" type="cond" truecount="0" falsecount="2"/>
        <line num="117" count="0" type="stmt"/>
        <line num="122" count="0" type="stmt"/>
        <line num="124" count="0" type="stmt"/>
        <line num="129" count="1" type="stmt"/>
        <line num="131" count="1" type="stmt"/>
        <line num="134" count="0" type="stmt"/>
        <line num="135" count="0" type="stmt"/>
        <line num="136" count="0" type="stmt"/>
        <line num="143" count="0" type="stmt"/>
        <line num="145" count="0" type="stmt"/>
        <line num="146" count="0" type="stmt"/>
        <line num="150" count="0" type="stmt"/>
        <line num="152" count="0" type="stmt"/>
        <line num="159" count="0" type="cond" truecount="0" falsecount="2"/>
        <line num="164" count="0" type="stmt"/>
        <line num="172" count="4" type="stmt"/>
        <line num="174" count="4" type="stmt"/>
        <line num="175" count="3" type="stmt"/>
        <line num="176" count="3" type="stmt"/>
        <line num="177" count="3" type="stmt"/>
        <line num="178" count="3" type="cond" truecount="1" falsecount="1"/>
        <line num="179" count="3" type="stmt"/>
        <line num="184" count="4" type="stmt"/>
        <line num="187" count="0" type="stmt"/>
      </file>
    </package>
    <package name="src.lib">
      <metrics statements="1" coveredstatements="1" conditionals="0" coveredconditionals="0" methods="1" coveredmethods="1"/>
      <file name="utils.ts" path="C:\Users\nitin\Downloads\jobnest-react-vite-npm\src\lib\utils.ts">
        <metrics statements="1" coveredstatements="1" conditionals="0" coveredconditionals="0" methods="1" coveredmethods="1"/>
        <line num="5" count="32" type="stmt"/>
      </file>
    </package>
    <package name="src.pages.public">
      <metrics statements="44" coveredstatements="36" conditionals="28" coveredconditionals="15" methods="25" coveredmethods="16"/>
      <file name="Home.tsx" path="C:\Users\nitin\Downloads\jobnest-react-vite-npm\src\pages\public\Home.tsx">
        <metrics statements="44" coveredstatements="36" conditionals="28" coveredconditionals="15" methods="25" coveredmethods="16"/>
        <line num="16" count="1" type="stmt"/>
        <line num="25" count="1" type="stmt"/>
        <line num="55" count="1" type="stmt"/>
        <line num="79" count="1" type="stmt"/>
        <line num="82" count="4" type="stmt"/>
        <line num="83" count="4" type="stmt"/>
        <line num="84" count="4" type="stmt"/>
        <line num="85" count="4" type="stmt"/>
        <line num="86" count="4" type="stmt"/>
        <line num="88" count="4" type="stmt"/>
        <line num="92" count="4" type="cond" truecount="1" falsecount="1"/>
        <line num="94" count="4" type="stmt"/>
        <line num="95" count="3" type="stmt"/>
        <line num="96" count="1" type="stmt"/>
        <line num="97" count="1" type="stmt"/>
        <line num="98" count="0" type="stmt"/>
        <line num="99" count="0" type="stmt"/>
        <line num="102" count="3" type="stmt"/>
        <line num="105" count="4" type="stmt"/>
        <line num="106" count="4" type="stmt"/>
        <line num="108" count="4" type="stmt"/>
        <line num="109" count="3" type="cond" truecount="1" falsecount="1"/>
        <line num="110" count="3" type="stmt"/>
        <line num="111" count="0" type="cond" truecount="0" falsecount="2"/>
        <line num="115" count="4" type="stmt"/>
        <line num="116" count="3" type="stmt"/>
        <line num="117" count="3" type="cond" truecount="1" falsecount="1"/>
        <line num="120" count="4" type="stmt"/>
        <line num="121" count="0" type="stmt"/>
        <line num="122" count="0" type="stmt"/>
        <line num="124" count="4" type="stmt"/>
        <line num="125" count="0" type="stmt"/>
        <line num="126" count="0" type="stmt"/>
        <line num="129" count="4" type="stmt"/>
        <line num="172" count="16" type="stmt"/>
        <line num="190" count="16" type="stmt"/>
        <line num="209" count="24" type="stmt"/>
        <line num="253" count="4" type="stmt"/>
        <line num="285" count="4" type="stmt"/>
        <line num="287" count="0" type="stmt"/>
        <line num="314" count="12" type="stmt"/>
        <line num="375" count="24" type="stmt"/>
        <line num="396" count="12" type="stmt"/>
        <line num="399" count="60" type="stmt"/>
      </file>
    </package>
  </project>
</coverage>
