{"C:\\Users\\nitin\\Downloads\\jobnest-react-vite-npm\\server\\src\\app.ts": {"path":"C:\\Users\\nitin\\Downloads\\jobnest-react-vite-npm\\server\\src\\app.ts","statementMap":{"0":{"start":{"line":7,"column":6},"end":{"line":7,"column":null}},"1":{"start":{"line":9,"column":0},"end":{"line":27,"column":null}},"2":{"start":{"line":14,"column":8},"end":{"line":18,"column":null}},"3":{"start":{"line":21,"column":8},"end":{"line":23,"column":null}},"4":{"start":{"line":28,"column":0},"end":{"line":28,"column":null}},"5":{"start":{"line":29,"column":0},"end":{"line":29,"column":null}},"6":{"start":{"line":30,"column":0},"end":{"line":30,"column":null}},"7":{"start":{"line":32,"column":0},"end":{"line":32,"column":null}}},"fnMap":{"0":{"name":"req","decl":{"start":{"line":13,"column":6},"end":{"line":13,"column":10}},"loc":{"start":{"line":13,"column":15},"end":{"line":19,"column":null}},"line":13},"1":{"name":"res","decl":{"start":{"line":20,"column":6},"end":{"line":20,"column":10}},"loc":{"start":{"line":20,"column":15},"end":{"line":24,"column":null}},"line":20}},"branchMap":{},"s":{"0":1,"1":1,"2":1,"3":1,"4":1,"5":1,"6":1,"7":1},"f":{"0":1,"1":1},"b":{},"meta":{"lastBranch":0,"lastFunction":2,"lastStatement":8,"seen":{"s:7:6:7:Infinity":0,"s:9:0:27:Infinity":1,"f:13:6:13:10":0,"s:14:8:18:Infinity":2,"f:20:6:20:10":1,"s:21:8:23:Infinity":3,"s:28:0:28:Infinity":4,"s:29:0:29:Infinity":5,"s:30:0:30:Infinity":6,"s:32:0:32:Infinity":7}}}
,"C:\\Users\\nitin\\Downloads\\jobnest-react-vite-npm\\server\\src\\api-zod\\index.ts": {"path":"C:\\Users\\nitin\\Downloads\\jobnest-react-vite-npm\\server\\src\\api-zod\\index.ts","statementMap":{},"fnMap":{},"branchMap":{},"s":{},"f":{},"b":{},"meta":{"lastBranch":0,"lastFunction":0,"lastStatement":0,"seen":{}}}
,"C:\\Users\\nitin\\Downloads\\jobnest-react-vite-npm\\server\\src\\api-zod\\generated\\api.ts": {"path":"C:\\Users\\nitin\\Downloads\\jobnest-react-vite-npm\\server\\src\\api-zod\\generated\\api.ts","statementMap":{"0":{"start":{"line":14,"column":35},"end":{"line":16,"column":null}},"1":{"start":{"line":23,"column":39},"end":{"line":23,"column":null}},"2":{"start":{"line":27,"column":28},"end":{"line":32,"column":null}},"3":{"start":{"line":38,"column":25},"end":{"line":41,"column":null}},"4":{"start":{"line":43,"column":29},"end":{"line":54,"column":null}},"5":{"start":{"line":60,"column":29},"end":{"line":68,"column":null}},"6":{"start":{"line":74,"column":35},"end":{"line":81,"column":null}},"7":{"start":{"line":83,"column":32},"end":{"line":106,"column":null}},"8":{"start":{"line":112,"column":43},"end":{"line":130,"column":null}},"9":{"start":{"line":131,"column":39},"end":{"line":131,"column":null}},"10":{"start":{"line":137,"column":44},"end":{"line":140,"column":null}},"11":{"start":{"line":141,"column":40},"end":{"line":141,"column":null}},"12":{"start":{"line":147,"column":28},"end":{"line":149,"column":null}},"13":{"start":{"line":151,"column":30},"end":{"line":169,"column":null}},"14":{"start":{"line":175,"column":40},"end":{"line":179,"column":null}},"15":{"start":{"line":181,"column":37},"end":{"line":204,"column":null}},"16":{"start":{"line":214,"column":29},"end":{"line":227,"column":null}},"17":{"start":{"line":233,"column":31},"end":{"line":235,"column":null}},"18":{"start":{"line":237,"column":29},"end":{"line":250,"column":null}},"19":{"start":{"line":252,"column":33},"end":{"line":270,"column":null}},"20":{"start":{"line":276,"column":31},"end":{"line":278,"column":null}},"21":{"start":{"line":284,"column":37},"end":{"line":286,"column":null}},"22":{"start":{"line":288,"column":35},"end":{"line":290,"column":null}},"23":{"start":{"line":292,"column":39},"end":{"line":310,"column":null}},"24":{"start":{"line":316,"column":39},"end":{"line":318,"column":null}},"25":{"start":{"line":320,"column":37},"end":{"line":322,"column":null}},"26":{"start":{"line":324,"column":41},"end":{"line":342,"column":null}},"27":{"start":{"line":351,"column":37},"end":{"line":356,"column":null}},"28":{"start":{"line":362,"column":46},"end":{"line":391,"column":null}},"29":{"start":{"line":392,"column":42},"end":{"line":392,"column":null}},"30":{"start":{"line":398,"column":48},"end":{"line":402,"column":null}},"31":{"start":{"line":404,"column":45},"end":{"line":438,"column":null}},"32":{"start":{"line":444,"column":45},"end":{"line":446,"column":null}},"33":{"start":{"line":448,"column":43},"end":{"line":451,"column":null}},"34":{"start":{"line":453,"column":47},"end":{"line":463,"column":null}},"35":{"start":{"line":472,"column":33},"end":{"line":477,"column":null}},"36":{"start":{"line":483,"column":44},"end":{"line":487,"column":null}},"37":{"start":{"line":489,"column":41},"end":{"line":506,"column":null}},"38":{"start":{"line":512,"column":35},"end":{"line":514,"column":null}},"39":{"start":{"line":516,"column":33},"end":{"line":518,"column":null}},"40":{"start":{"line":520,"column":37},"end":{"line":532,"column":null}},"41":{"start":{"line":538,"column":41},"end":{"line":556,"column":null}},"42":{"start":{"line":557,"column":37},"end":{"line":557,"column":null}},"43":{"start":{"line":563,"column":27},"end":{"line":565,"column":null}},"44":{"start":{"line":571,"column":31},"end":{"line":573,"column":null}},"45":{"start":{"line":579,"column":41},"end":{"line":582,"column":null}},"46":{"start":{"line":584,"column":38},"end":{"line":597,"column":null}},"47":{"start":{"line":603,"column":37},"end":{"line":605,"column":null}},"48":{"start":{"line":607,"column":35},"end":{"line":609,"column":null}},"49":{"start":{"line":611,"column":39},"end":{"line":619,"column":null}},"50":{"start":{"line":625,"column":33},"end":{"line":628,"column":null}},"51":{"start":{"line":630,"column":37},"end":{"line":638,"column":null}},"52":{"start":{"line":647,"column":38},"end":{"line":650,"column":null}},"53":{"start":{"line":656,"column":41},"end":{"line":666,"column":null}},"54":{"start":{"line":672,"column":49},"end":{"line":676,"column":null}},"55":{"start":{"line":678,"column":46},"end":{"line":693,"column":null}},"56":{"start":{"line":699,"column":51},"end":{"line":701,"column":null}},"57":{"start":{"line":703,"column":49},"end":{"line":705,"column":null}},"58":{"start":{"line":707,"column":53},"end":{"line":717,"column":null}},"59":{"start":{"line":723,"column":41},"end":{"line":733,"column":null}},"60":{"start":{"line":739,"column":45},"end":{"line":745,"column":null}},"61":{"start":{"line":746,"column":41},"end":{"line":746,"column":null}},"62":{"start":{"line":752,"column":45},"end":{"line":758,"column":null}}},"fnMap":{},"branchMap":{},"s":{"0":1,"1":1,"2":1,"3":1,"4":1,"5":1,"6":1,"7":1,"8":1,"9":1,"10":1,"11":1,"12":1,"13":1,"14":1,"15":1,"16":1,"17":1,"18":1,"19":1,"20":1,"21":1,"22":1,"23":1,"24":1,"25":1,"26":1,"27":1,"28":1,"29":1,"30":1,"31":1,"32":1,"33":1,"34":1,"35":1,"36":1,"37":1,"38":1,"39":1,"40":1,"41":1,"42":1,"43":1,"44":1,"45":1,"46":1,"47":1,"48":1,"49":1,"50":1,"51":1,"52":1,"53":1,"54":1,"55":1,"56":1,"57":1,"58":1,"59":1,"60":1,"61":1,"62":1},"f":{},"b":{},"meta":{"lastBranch":0,"lastFunction":0,"lastStatement":63,"seen":{"s:14:35:16:Infinity":0,"s:23:39:23:Infinity":1,"s:27:28:32:Infinity":2,"s:38:25:41:Infinity":3,"s:43:29:54:Infinity":4,"s:60:29:68:Infinity":5,"s:74:35:81:Infinity":6,"s:83:32:106:Infinity":7,"s:112:43:130:Infinity":8,"s:131:39:131:Infinity":9,"s:137:44:140:Infinity":10,"s:141:40:141:Infinity":11,"s:147:28:149:Infinity":12,"s:151:30:169:Infinity":13,"s:175:40:179:Infinity":14,"s:181:37:204:Infinity":15,"s:214:29:227:Infinity":16,"s:233:31:235:Infinity":17,"s:237:29:250:Infinity":18,"s:252:33:270:Infinity":19,"s:276:31:278:Infinity":20,"s:284:37:286:Infinity":21,"s:288:35:290:Infinity":22,"s:292:39:310:Infinity":23,"s:316:39:318:Infinity":24,"s:320:37:322:Infinity":25,"s:324:41:342:Infinity":26,"s:351:37:356:Infinity":27,"s:362:46:391:Infinity":28,"s:392:42:392:Infinity":29,"s:398:48:402:Infinity":30,"s:404:45:438:Infinity":31,"s:444:45:446:Infinity":32,"s:448:43:451:Infinity":33,"s:453:47:463:Infinity":34,"s:472:33:477:Infinity":35,"s:483:44:487:Infinity":36,"s:489:41:506:Infinity":37,"s:512:35:514:Infinity":38,"s:516:33:518:Infinity":39,"s:520:37:532:Infinity":40,"s:538:41:556:Infinity":41,"s:557:37:557:Infinity":42,"s:563:27:565:Infinity":43,"s:571:31:573:Infinity":44,"s:579:41:582:Infinity":45,"s:584:38:597:Infinity":46,"s:603:37:605:Infinity":47,"s:607:35:609:Infinity":48,"s:611:39:619:Infinity":49,"s:625:33:628:Infinity":50,"s:630:37:638:Infinity":51,"s:647:38:650:Infinity":52,"s:656:41:666:Infinity":53,"s:672:49:676:Infinity":54,"s:678:46:693:Infinity":55,"s:699:51:701:Infinity":56,"s:703:49:705:Infinity":57,"s:707:53:717:Infinity":58,"s:723:41:733:Infinity":59,"s:739:45:745:Infinity":60,"s:746:41:746:Infinity":61,"s:752:45:758:Infinity":62}}}
,"C:\\Users\\nitin\\Downloads\\jobnest-react-vite-npm\\server\\src\\api-zod\\generated\\types\\activityItem.ts": {"path":"C:\\Users\\nitin\\Downloads\\jobnest-react-vite-npm\\server\\src\\api-zod\\generated\\types\\activityItem.ts","statementMap":{},"fnMap":{},"branchMap":{},"s":{},"f":{},"b":{},"meta":{"lastBranch":0,"lastFunction":0,"lastStatement":0,"seen":{}}}
,"C:\\Users\\nitin\\Downloads\\jobnest-react-vite-npm\\server\\src\\api-zod\\generated\\types\\adminListApplicationsParams.ts": {"path":"C:\\Users\\nitin\\Downloads\\jobnest-react-vite-npm\\server\\src\\api-zod\\generated\\types\\adminListApplicationsParams.ts","statementMap":{},"fnMap":{},"branchMap":{},"s":{},"f":{},"b":{},"meta":{"lastBranch":0,"lastFunction":0,"lastStatement":0,"seen":{}}}
,"C:\\Users\\nitin\\Downloads\\jobnest-react-vite-npm\\server\\src\\api-zod\\generated\\types\\adminListJobsParams.ts": {"path":"C:\\Users\\nitin\\Downloads\\jobnest-react-vite-npm\\server\\src\\api-zod\\generated\\types\\adminListJobsParams.ts","statementMap":{},"fnMap":{},"branchMap":{},"s":{},"f":{},"b":{},"meta":{"lastBranch":0,"lastFunction":0,"lastStatement":0,"seen":{}}}
,"C:\\Users\\nitin\\Downloads\\jobnest-react-vite-npm\\server\\src\\api-zod\\generated\\types\\adminListPaymentsParams.ts": {"path":"C:\\Users\\nitin\\Downloads\\jobnest-react-vite-npm\\server\\src\\api-zod\\generated\\types\\adminListPaymentsParams.ts","statementMap":{},"fnMap":{},"branchMap":{},"s":{},"f":{},"b":{},"meta":{"lastBranch":0,"lastFunction":0,"lastStatement":0,"seen":{}}}
,"C:\\Users\\nitin\\Downloads\\jobnest-react-vite-npm\\server\\src\\api-zod\\generated\\types\\adminListSubscriptionsParams.ts": {"path":"C:\\Users\\nitin\\Downloads\\jobnest-react-vite-npm\\server\\src\\api-zod\\generated\\types\\adminListSubscriptionsParams.ts","statementMap":{},"fnMap":{},"branchMap":{},"s":{},"f":{},"b":{},"meta":{"lastBranch":0,"lastFunction":0,"lastStatement":0,"seen":{}}}
,"C:\\Users\\nitin\\Downloads\\jobnest-react-vite-npm\\server\\src\\api-zod\\generated\\types\\adminListUsersParams.ts": {"path":"C:\\Users\\nitin\\Downloads\\jobnest-react-vite-npm\\server\\src\\api-zod\\generated\\types\\adminListUsersParams.ts","statementMap":{},"fnMap":{},"branchMap":{},"s":{},"f":{},"b":{},"meta":{"lastBranch":0,"lastFunction":0,"lastStatement":0,"seen":{}}}
,"C:\\Users\\nitin\\Downloads\\jobnest-react-vite-npm\\server\\src\\api-zod\\generated\\types\\application.ts": {"path":"C:\\Users\\nitin\\Downloads\\jobnest-react-vite-npm\\server\\src\\api-zod\\generated\\types\\application.ts","statementMap":{},"fnMap":{},"branchMap":{},"s":{},"f":{},"b":{},"meta":{"lastBranch":0,"lastFunction":0,"lastStatement":0,"seen":{}}}
,"C:\\Users\\nitin\\Downloads\\jobnest-react-vite-npm\\server\\src\\api-zod\\generated\\types\\applicationInput.ts": {"path":"C:\\Users\\nitin\\Downloads\\jobnest-react-vite-npm\\server\\src\\api-zod\\generated\\types\\applicationInput.ts","statementMap":{},"fnMap":{},"branchMap":{},"s":{},"f":{},"b":{},"meta":{"lastBranch":0,"lastFunction":0,"lastStatement":0,"seen":{}}}
,"C:\\Users\\nitin\\Downloads\\jobnest-react-vite-npm\\server\\src\\api-zod\\generated\\types\\applicationListResponse.ts": {"path":"C:\\Users\\nitin\\Downloads\\jobnest-react-vite-npm\\server\\src\\api-zod\\generated\\types\\applicationListResponse.ts","statementMap":{},"fnMap":{},"branchMap":{},"s":{},"f":{},"b":{},"meta":{"lastBranch":0,"lastFunction":0,"lastStatement":0,"seen":{}}}
,"C:\\Users\\nitin\\Downloads\\jobnest-react-vite-npm\\server\\src\\api-zod\\generated\\types\\applicationStatusUpdate.ts": {"path":"C:\\Users\\nitin\\Downloads\\jobnest-react-vite-npm\\server\\src\\api-zod\\generated\\types\\applicationStatusUpdate.ts","statementMap":{},"fnMap":{},"branchMap":{},"s":{},"f":{},"b":{},"meta":{"lastBranch":0,"lastFunction":0,"lastStatement":0,"seen":{}}}
,"C:\\Users\\nitin\\Downloads\\jobnest-react-vite-npm\\server\\src\\api-zod\\generated\\types\\applicationWithJob.ts": {"path":"C:\\Users\\nitin\\Downloads\\jobnest-react-vite-npm\\server\\src\\api-zod\\generated\\types\\applicationWithJob.ts","statementMap":{},"fnMap":{},"branchMap":{},"s":{},"f":{},"b":{},"meta":{"lastBranch":0,"lastFunction":0,"lastStatement":0,"seen":{}}}
,"C:\\Users\\nitin\\Downloads\\jobnest-react-vite-npm\\server\\src\\api-zod\\generated\\types\\authResponse.ts": {"path":"C:\\Users\\nitin\\Downloads\\jobnest-react-vite-npm\\server\\src\\api-zod\\generated\\types\\authResponse.ts","statementMap":{},"fnMap":{},"branchMap":{},"s":{},"f":{},"b":{},"meta":{"lastBranch":0,"lastFunction":0,"lastStatement":0,"seen":{}}}
,"C:\\Users\\nitin\\Downloads\\jobnest-react-vite-npm\\server\\src\\api-zod\\generated\\types\\categoryCount.ts": {"path":"C:\\Users\\nitin\\Downloads\\jobnest-react-vite-npm\\server\\src\\api-zod\\generated\\types\\categoryCount.ts","statementMap":{},"fnMap":{},"branchMap":{},"s":{},"f":{},"b":{},"meta":{"lastBranch":0,"lastFunction":0,"lastStatement":0,"seen":{}}}
,"C:\\Users\\nitin\\Downloads\\jobnest-react-vite-npm\\server\\src\\api-zod\\generated\\types\\dashboardStats.ts": {"path":"C:\\Users\\nitin\\Downloads\\jobnest-react-vite-npm\\server\\src\\api-zod\\generated\\types\\dashboardStats.ts","statementMap":{},"fnMap":{},"branchMap":{},"s":{},"f":{},"b":{},"meta":{"lastBranch":0,"lastFunction":0,"lastStatement":0,"seen":{}}}
,"C:\\Users\\nitin\\Downloads\\jobnest-react-vite-npm\\server\\src\\api-zod\\generated\\types\\healthStatus.ts": {"path":"C:\\Users\\nitin\\Downloads\\jobnest-react-vite-npm\\server\\src\\api-zod\\generated\\types\\healthStatus.ts","statementMap":{},"fnMap":{},"branchMap":{},"s":{},"f":{},"b":{},"meta":{"lastBranch":0,"lastFunction":0,"lastStatement":0,"seen":{}}}
,"C:\\Users\\nitin\\Downloads\\jobnest-react-vite-npm\\server\\src\\api-zod\\generated\\types\\index.ts": {"path":"C:\\Users\\nitin\\Downloads\\jobnest-react-vite-npm\\server\\src\\api-zod\\generated\\types\\index.ts","statementMap":{},"fnMap":{},"branchMap":{},"s":{},"f":{},"b":{},"meta":{"lastBranch":0,"lastFunction":0,"lastStatement":0,"seen":{}}}
,"C:\\Users\\nitin\\Downloads\\jobnest-react-vite-npm\\server\\src\\api-zod\\generated\\types\\job.ts": {"path":"C:\\Users\\nitin\\Downloads\\jobnest-react-vite-npm\\server\\src\\api-zod\\generated\\types\\job.ts","statementMap":{},"fnMap":{},"branchMap":{},"s":{},"f":{},"b":{},"meta":{"lastBranch":0,"lastFunction":0,"lastStatement":0,"seen":{}}}
,"C:\\Users\\nitin\\Downloads\\jobnest-react-vite-npm\\server\\src\\api-zod\\generated\\types\\jobFeatureUpdate.ts": {"path":"C:\\Users\\nitin\\Downloads\\jobnest-react-vite-npm\\server\\src\\api-zod\\generated\\types\\jobFeatureUpdate.ts","statementMap":{},"fnMap":{},"branchMap":{},"s":{},"f":{},"b":{},"meta":{"lastBranch":0,"lastFunction":0,"lastStatement":0,"seen":{}}}
,"C:\\Users\\nitin\\Downloads\\jobnest-react-vite-npm\\server\\src\\api-zod\\generated\\types\\jobInput.ts": {"path":"C:\\Users\\nitin\\Downloads\\jobnest-react-vite-npm\\server\\src\\api-zod\\generated\\types\\jobInput.ts","statementMap":{},"fnMap":{},"branchMap":{},"s":{},"f":{},"b":{},"meta":{"lastBranch":0,"lastFunction":0,"lastStatement":0,"seen":{}}}
,"C:\\Users\\nitin\\Downloads\\jobnest-react-vite-npm\\server\\src\\api-zod\\generated\\types\\jobListResponse.ts": {"path":"C:\\Users\\nitin\\Downloads\\jobnest-react-vite-npm\\server\\src\\api-zod\\generated\\types\\jobListResponse.ts","statementMap":{},"fnMap":{},"branchMap":{},"s":{},"f":{},"b":{},"meta":{"lastBranch":0,"lastFunction":0,"lastStatement":0,"seen":{}}}
,"C:\\Users\\nitin\\Downloads\\jobnest-react-vite-npm\\server\\src\\api-zod\\generated\\types\\jobStatusUpdate.ts": {"path":"C:\\Users\\nitin\\Downloads\\jobnest-react-vite-npm\\server\\src\\api-zod\\generated\\types\\jobStatusUpdate.ts","statementMap":{},"fnMap":{},"branchMap":{},"s":{},"f":{},"b":{},"meta":{"lastBranch":0,"lastFunction":0,"lastStatement":0,"seen":{}}}
,"C:\\Users\\nitin\\Downloads\\jobnest-react-vite-npm\\server\\src\\api-zod\\generated\\types\\jobUpdate.ts": {"path":"C:\\Users\\nitin\\Downloads\\jobnest-react-vite-npm\\server\\src\\api-zod\\generated\\types\\jobUpdate.ts","statementMap":{},"fnMap":{},"branchMap":{},"s":{},"f":{},"b":{},"meta":{"lastBranch":0,"lastFunction":0,"lastStatement":0,"seen":{}}}
,"C:\\Users\\nitin\\Downloads\\jobnest-react-vite-npm\\server\\src\\api-zod\\generated\\types\\listJobsParams.ts": {"path":"C:\\Users\\nitin\\Downloads\\jobnest-react-vite-npm\\server\\src\\api-zod\\generated\\types\\listJobsParams.ts","statementMap":{},"fnMap":{},"branchMap":{},"s":{},"f":{},"b":{},"meta":{"lastBranch":0,"lastFunction":0,"lastStatement":0,"seen":{}}}
,"C:\\Users\\nitin\\Downloads\\jobnest-react-vite-npm\\server\\src\\api-zod\\generated\\types\\loginInput.ts": {"path":"C:\\Users\\nitin\\Downloads\\jobnest-react-vite-npm\\server\\src\\api-zod\\generated\\types\\loginInput.ts","statementMap":{},"fnMap":{},"branchMap":{},"s":{},"f":{},"b":{},"meta":{"lastBranch":0,"lastFunction":0,"lastStatement":0,"seen":{}}}
,"C:\\Users\\nitin\\Downloads\\jobnest-react-vite-npm\\server\\src\\api-zod\\generated\\types\\payment.ts": {"path":"C:\\Users\\nitin\\Downloads\\jobnest-react-vite-npm\\server\\src\\api-zod\\generated\\types\\payment.ts","statementMap":{},"fnMap":{},"branchMap":{},"s":{},"f":{},"b":{},"meta":{"lastBranch":0,"lastFunction":0,"lastStatement":0,"seen":{}}}
,"C:\\Users\\nitin\\Downloads\\jobnest-react-vite-npm\\server\\src\\api-zod\\generated\\types\\paymentInput.ts": {"path":"C:\\Users\\nitin\\Downloads\\jobnest-react-vite-npm\\server\\src\\api-zod\\generated\\types\\paymentInput.ts","statementMap":{},"fnMap":{},"branchMap":{},"s":{},"f":{},"b":{},"meta":{"lastBranch":0,"lastFunction":0,"lastStatement":0,"seen":{}}}
,"C:\\Users\\nitin\\Downloads\\jobnest-react-vite-npm\\server\\src\\api-zod\\generated\\types\\paymentListResponse.ts": {"path":"C:\\Users\\nitin\\Downloads\\jobnest-react-vite-npm\\server\\src\\api-zod\\generated\\types\\paymentListResponse.ts","statementMap":{},"fnMap":{},"branchMap":{},"s":{},"f":{},"b":{},"meta":{"lastBranch":0,"lastFunction":0,"lastStatement":0,"seen":{}}}
,"C:\\Users\\nitin\\Downloads\\jobnest-react-vite-npm\\server\\src\\api-zod\\generated\\types\\paymentVerifyInput.ts": {"path":"C:\\Users\\nitin\\Downloads\\jobnest-react-vite-npm\\server\\src\\api-zod\\generated\\types\\paymentVerifyInput.ts","statementMap":{},"fnMap":{},"branchMap":{},"s":{},"f":{},"b":{},"meta":{"lastBranch":0,"lastFunction":0,"lastStatement":0,"seen":{}}}
,"C:\\Users\\nitin\\Downloads\\jobnest-react-vite-npm\\server\\src\\api-zod\\generated\\types\\profileUpdate.ts": {"path":"C:\\Users\\nitin\\Downloads\\jobnest-react-vite-npm\\server\\src\\api-zod\\generated\\types\\profileUpdate.ts","statementMap":{},"fnMap":{},"branchMap":{},"s":{},"f":{},"b":{},"meta":{"lastBranch":0,"lastFunction":0,"lastStatement":0,"seen":{}}}
,"C:\\Users\\nitin\\Downloads\\jobnest-react-vite-npm\\server\\src\\api-zod\\generated\\types\\registerInput.ts": {"path":"C:\\Users\\nitin\\Downloads\\jobnest-react-vite-npm\\server\\src\\api-zod\\generated\\types\\registerInput.ts","statementMap":{},"fnMap":{},"branchMap":{},"s":{},"f":{},"b":{},"meta":{"lastBranch":0,"lastFunction":0,"lastStatement":0,"seen":{}}}
,"C:\\Users\\nitin\\Downloads\\jobnest-react-vite-npm\\server\\src\\api-zod\\generated\\types\\saveJobInput.ts": {"path":"C:\\Users\\nitin\\Downloads\\jobnest-react-vite-npm\\server\\src\\api-zod\\generated\\types\\saveJobInput.ts","statementMap":{},"fnMap":{},"branchMap":{},"s":{},"f":{},"b":{},"meta":{"lastBranch":0,"lastFunction":0,"lastStatement":0,"seen":{}}}
,"C:\\Users\\nitin\\Downloads\\jobnest-react-vite-npm\\server\\src\\api-zod\\generated\\types\\subscription.ts": {"path":"C:\\Users\\nitin\\Downloads\\jobnest-react-vite-npm\\server\\src\\api-zod\\generated\\types\\subscription.ts","statementMap":{},"fnMap":{},"branchMap":{},"s":{},"f":{},"b":{},"meta":{"lastBranch":0,"lastFunction":0,"lastStatement":0,"seen":{}}}
,"C:\\Users\\nitin\\Downloads\\jobnest-react-vite-npm\\server\\src\\api-zod\\generated\\types\\subscriptionInput.ts": {"path":"C:\\Users\\nitin\\Downloads\\jobnest-react-vite-npm\\server\\src\\api-zod\\generated\\types\\subscriptionInput.ts","statementMap":{},"fnMap":{},"branchMap":{},"s":{},"f":{},"b":{},"meta":{"lastBranch":0,"lastFunction":0,"lastStatement":0,"seen":{}}}
,"C:\\Users\\nitin\\Downloads\\jobnest-react-vite-npm\\server\\src\\api-zod\\generated\\types\\subscriptionListResponse.ts": {"path":"C:\\Users\\nitin\\Downloads\\jobnest-react-vite-npm\\server\\src\\api-zod\\generated\\types\\subscriptionListResponse.ts","statementMap":{},"fnMap":{},"branchMap":{},"s":{},"f":{},"b":{},"meta":{"lastBranch":0,"lastFunction":0,"lastStatement":0,"seen":{}}}
,"C:\\Users\\nitin\\Downloads\\jobnest-react-vite-npm\\server\\src\\api-zod\\generated\\types\\subscriptionStatusUpdate.ts": {"path":"C:\\Users\\nitin\\Downloads\\jobnest-react-vite-npm\\server\\src\\api-zod\\generated\\types\\subscriptionStatusUpdate.ts","statementMap":{},"fnMap":{},"branchMap":{},"s":{},"f":{},"b":{},"meta":{"lastBranch":0,"lastFunction":0,"lastStatement":0,"seen":{}}}
,"C:\\Users\\nitin\\Downloads\\jobnest-react-vite-npm\\server\\src\\api-zod\\generated\\types\\user.ts": {"path":"C:\\Users\\nitin\\Downloads\\jobnest-react-vite-npm\\server\\src\\api-zod\\generated\\types\\user.ts","statementMap":{},"fnMap":{},"branchMap":{},"s":{},"f":{},"b":{},"meta":{"lastBranch":0,"lastFunction":0,"lastStatement":0,"seen":{}}}
,"C:\\Users\\nitin\\Downloads\\jobnest-react-vite-npm\\server\\src\\api-zod\\generated\\types\\userBlockInput.ts": {"path":"C:\\Users\\nitin\\Downloads\\jobnest-react-vite-npm\\server\\src\\api-zod\\generated\\types\\userBlockInput.ts","statementMap":{},"fnMap":{},"branchMap":{},"s":{},"f":{},"b":{},"meta":{"lastBranch":0,"lastFunction":0,"lastStatement":0,"seen":{}}}
,"C:\\Users\\nitin\\Downloads\\jobnest-react-vite-npm\\server\\src\\api-zod\\generated\\types\\userDashboardStats.ts": {"path":"C:\\Users\\nitin\\Downloads\\jobnest-react-vite-npm\\server\\src\\api-zod\\generated\\types\\userDashboardStats.ts","statementMap":{},"fnMap":{},"branchMap":{},"s":{},"f":{},"b":{},"meta":{"lastBranch":0,"lastFunction":0,"lastStatement":0,"seen":{}}}
,"C:\\Users\\nitin\\Downloads\\jobnest-react-vite-npm\\server\\src\\api-zod\\generated\\types\\userListResponse.ts": {"path":"C:\\Users\\nitin\\Downloads\\jobnest-react-vite-npm\\server\\src\\api-zod\\generated\\types\\userListResponse.ts","statementMap":{},"fnMap":{},"branchMap":{},"s":{},"f":{},"b":{},"meta":{"lastBranch":0,"lastFunction":0,"lastStatement":0,"seen":{}}}
,"C:\\Users\\nitin\\Downloads\\jobnest-react-vite-npm\\server\\src\\db\\index.ts": {"path":"C:\\Users\\nitin\\Downloads\\jobnest-react-vite-npm\\server\\src\\db\\index.ts","statementMap":{"0":{"start":{"line":5,"column":17},"end":{"line":5,"column":null}},"1":{"start":{"line":7,"column":0},"end":{"line":11,"column":null}},"2":{"start":{"line":8,"column":2},"end":{"line":10,"column":null}},"3":{"start":{"line":13,"column":20},"end":{"line":13,"column":null}},"4":{"start":{"line":14,"column":13},"end":{"line":14,"column":null}}},"fnMap":{},"branchMap":{"0":{"loc":{"start":{"line":7,"column":0},"end":{"line":11,"column":null}},"type":"if","locations":[{"start":{"line":7,"column":0},"end":{"line":11,"column":null}},{"start":{},"end":{}}],"line":7}},"s":{"0":1,"1":1,"2":0,"3":1,"4":1},"f":{},"b":{"0":[0,1]},"meta":{"lastBranch":1,"lastFunction":0,"lastStatement":5,"seen":{"s:5:17:5:Infinity":0,"b:7:0:11:Infinity:undefined:undefined:undefined:undefined":0,"s:7:0:11:Infinity":1,"s:8:2:10:Infinity":2,"s:13:20:13:Infinity":3,"s:14:13:14:Infinity":4}}}
,"C:\\Users\\nitin\\Downloads\\jobnest-react-vite-npm\\server\\src\\db\\schema\\applications.ts": {"path":"C:\\Users\\nitin\\Downloads\\jobnest-react-vite-npm\\server\\src\\db\\schema\\applications.ts","statementMap":{"0":{"start":{"line":7,"column":13},"end":{"line":17,"column":null}},"1":{"start":{"line":9,"column":56},"end":{"line":9,"column":69}},"2":{"start":{"line":10,"column":54},"end":{"line":10,"column":66}},"3":{"start":{"line":19,"column":13},"end":{"line":19,"column":null}}},"fnMap":{"0":{"name":"(anonymous_0)","decl":{"start":{"line":9,"column":50},"end":{"line":9,"column":56}},"loc":{"start":{"line":9,"column":56},"end":{"line":9,"column":69}},"line":9},"1":{"name":"(anonymous_1)","decl":{"start":{"line":10,"column":48},"end":{"line":10,"column":54}},"loc":{"start":{"line":10,"column":54},"end":{"line":10,"column":66}},"line":10}},"branchMap":{},"s":{"0":1,"1":0,"2":0,"3":1},"f":{"0":0,"1":0},"b":{},"meta":{"lastBranch":0,"lastFunction":2,"lastStatement":4,"seen":{"s:7:13:17:Infinity":0,"f:9:50:9:56":0,"s:9:56:9:69":1,"f:10:48:10:54":1,"s:10:54:10:66":2,"s:19:13:19:Infinity":3}}}
,"C:\\Users\\nitin\\Downloads\\jobnest-react-vite-npm\\server\\src\\db\\schema\\index.ts": {"path":"C:\\Users\\nitin\\Downloads\\jobnest-react-vite-npm\\server\\src\\db\\schema\\index.ts","statementMap":{},"fnMap":{},"branchMap":{},"s":{},"f":{},"b":{},"meta":{"lastBranch":0,"lastFunction":0,"lastStatement":0,"seen":{}}}
,"C:\\Users\\nitin\\Downloads\\jobnest-react-vite-npm\\server\\src\\db\\schema\\jobs.ts": {"path":"C:\\Users\\nitin\\Downloads\\jobnest-react-vite-npm\\server\\src\\db\\schema\\jobs.ts","statementMap":{"0":{"start":{"line":5,"column":13},"end":{"line":22,"column":null}},"1":{"start":{"line":21,"column":100},"end":{"line":21,"column":110}},"2":{"start":{"line":24,"column":13},"end":{"line":24,"column":null}}},"fnMap":{"0":{"name":"(anonymous_0)","decl":{"start":{"line":21,"column":94},"end":{"line":21,"column":100}},"loc":{"start":{"line":21,"column":100},"end":{"line":21,"column":110}},"line":21}},"branchMap":{},"s":{"0":1,"1":0,"2":1},"f":{"0":0},"b":{},"meta":{"lastBranch":0,"lastFunction":1,"lastStatement":3,"seen":{"s:5:13:22:Infinity":0,"f:21:94:21:100":0,"s:21:100:21:110":1,"s:24:13:24:Infinity":2}}}
,"C:\\Users\\nitin\\Downloads\\jobnest-react-vite-npm\\server\\src\\db\\schema\\payments.ts": {"path":"C:\\Users\\nitin\\Downloads\\jobnest-react-vite-npm\\server\\src\\db\\schema\\payments.ts","statementMap":{"0":{"start":{"line":7,"column":13},"end":{"line":17,"column":null}},"1":{"start":{"line":9,"column":56},"end":{"line":9,"column":69}},"2":{"start":{"line":10,"column":60},"end":{"line":10,"column":80}},"3":{"start":{"line":15,"column":54},"end":{"line":15,"column":67}},"4":{"start":{"line":19,"column":13},"end":{"line":19,"column":null}}},"fnMap":{"0":{"name":"(anonymous_0)","decl":{"start":{"line":9,"column":50},"end":{"line":9,"column":56}},"loc":{"start":{"line":9,"column":56},"end":{"line":9,"column":69}},"line":9},"1":{"name":"(anonymous_1)","decl":{"start":{"line":10,"column":54},"end":{"line":10,"column":60}},"loc":{"start":{"line":10,"column":60},"end":{"line":10,"column":80}},"line":10},"2":{"name":"(anonymous_2)","decl":{"start":{"line":15,"column":48},"end":{"line":15,"column":54}},"loc":{"start":{"line":15,"column":54},"end":{"line":15,"column":67}},"line":15}},"branchMap":{},"s":{"0":1,"1":0,"2":0,"3":0,"4":1},"f":{"0":0,"1":0,"2":0},"b":{},"meta":{"lastBranch":0,"lastFunction":3,"lastStatement":5,"seen":{"s:7:13:17:Infinity":0,"f:9:50:9:56":0,"s:9:56:9:69":1,"f:10:54:10:60":1,"s:10:60:10:80":2,"f:15:48:15:54":2,"s:15:54:15:67":3,"s:19:13:19:Infinity":4}}}
,"C:\\Users\\nitin\\Downloads\\jobnest-react-vite-npm\\server\\src\\db\\schema\\saved-jobs.ts": {"path":"C:\\Users\\nitin\\Downloads\\jobnest-react-vite-npm\\server\\src\\db\\schema\\saved-jobs.ts","statementMap":{"0":{"start":{"line":7,"column":13},"end":{"line":12,"column":null}},"1":{"start":{"line":9,"column":56},"end":{"line":9,"column":69}},"2":{"start":{"line":10,"column":54},"end":{"line":10,"column":66}},"3":{"start":{"line":14,"column":13},"end":{"line":14,"column":null}}},"fnMap":{"0":{"name":"(anonymous_0)","decl":{"start":{"line":9,"column":50},"end":{"line":9,"column":56}},"loc":{"start":{"line":9,"column":56},"end":{"line":9,"column":69}},"line":9},"1":{"name":"(anonymous_1)","decl":{"start":{"line":10,"column":48},"end":{"line":10,"column":54}},"loc":{"start":{"line":10,"column":54},"end":{"line":10,"column":66}},"line":10}},"branchMap":{},"s":{"0":1,"1":0,"2":0,"3":1},"f":{"0":0,"1":0},"b":{},"meta":{"lastBranch":0,"lastFunction":2,"lastStatement":4,"seen":{"s:7:13:12:Infinity":0,"f:9:50:9:56":0,"s:9:56:9:69":1,"f:10:48:10:54":1,"s:10:54:10:66":2,"s:14:13:14:Infinity":3}}}
,"C:\\Users\\nitin\\Downloads\\jobnest-react-vite-npm\\server\\src\\db\\schema\\settings.ts": {"path":"C:\\Users\\nitin\\Downloads\\jobnest-react-vite-npm\\server\\src\\db\\schema\\settings.ts","statementMap":{"0":{"start":{"line":3,"column":13},"end":{"line":7,"column":null}}},"fnMap":{},"branchMap":{},"s":{"0":1},"f":{},"b":{},"meta":{"lastBranch":0,"lastFunction":0,"lastStatement":1,"seen":{"s:3:13:7:Infinity":0}}}
,"C:\\Users\\nitin\\Downloads\\jobnest-react-vite-npm\\server\\src\\db\\schema\\subscriptions.ts": {"path":"C:\\Users\\nitin\\Downloads\\jobnest-react-vite-npm\\server\\src\\db\\schema\\subscriptions.ts","statementMap":{"0":{"start":{"line":6,"column":13},"end":{"line":14,"column":null}},"1":{"start":{"line":8,"column":56},"end":{"line":8,"column":69}},"2":{"start":{"line":16,"column":13},"end":{"line":16,"column":null}}},"fnMap":{"0":{"name":"(anonymous_0)","decl":{"start":{"line":8,"column":50},"end":{"line":8,"column":56}},"loc":{"start":{"line":8,"column":56},"end":{"line":8,"column":69}},"line":8}},"branchMap":{},"s":{"0":1,"1":0,"2":1},"f":{"0":0},"b":{},"meta":{"lastBranch":0,"lastFunction":1,"lastStatement":3,"seen":{"s:6:13:14:Infinity":0,"f:8:50:8:56":0,"s:8:56:8:69":1,"s:16:13:16:Infinity":2}}}
,"C:\\Users\\nitin\\Downloads\\jobnest-react-vite-npm\\server\\src\\db\\schema\\users.ts": {"path":"C:\\Users\\nitin\\Downloads\\jobnest-react-vite-npm\\server\\src\\db\\schema\\users.ts","statementMap":{"0":{"start":{"line":5,"column":13},"end":{"line":14,"column":null}},"1":{"start":{"line":16,"column":13},"end":{"line":16,"column":null}}},"fnMap":{},"branchMap":{},"s":{"0":1,"1":1},"f":{},"b":{},"meta":{"lastBranch":0,"lastFunction":0,"lastStatement":2,"seen":{"s:5:13:14:Infinity":0,"s:16:13:16:Infinity":1}}}
,"C:\\Users\\nitin\\Downloads\\jobnest-react-vite-npm\\server\\src\\lib\\auth.ts": {"path":"C:\\Users\\nitin\\Downloads\\jobnest-react-vite-npm\\server\\src\\lib\\auth.ts","statementMap":{"0":{"start":{"line":7,"column":19},"end":{"line":7,"column":null}},"1":{"start":{"line":10,"column":2},"end":{"line":10,"column":null}},"2":{"start":{"line":14,"column":2},"end":{"line":18,"column":null}},"3":{"start":{"line":15,"column":4},"end":{"line":15,"column":null}},"4":{"start":{"line":17,"column":4},"end":{"line":17,"column":null}},"5":{"start":{"line":22,"column":21},"end":{"line":22,"column":null}},"6":{"start":{"line":23,"column":2},"end":{"line":26,"column":null}},"7":{"start":{"line":24,"column":4},"end":{"line":24,"column":null}},"8":{"start":{"line":25,"column":4},"end":{"line":25,"column":null}},"9":{"start":{"line":27,"column":16},"end":{"line":27,"column":null}},"10":{"start":{"line":28,"column":18},"end":{"line":28,"column":null}},"11":{"start":{"line":29,"column":2},"end":{"line":32,"column":null}},"12":{"start":{"line":30,"column":4},"end":{"line":30,"column":null}},"13":{"start":{"line":31,"column":4},"end":{"line":31,"column":null}},"14":{"start":{"line":33,"column":2},"end":{"line":44,"column":null}},"15":{"start":{"line":34,"column":19},"end":{"line":34,"column":null}},"16":{"start":{"line":35,"column":4},"end":{"line":38,"column":null}},"17":{"start":{"line":36,"column":6},"end":{"line":36,"column":null}},"18":{"start":{"line":37,"column":6},"end":{"line":37,"column":null}},"19":{"start":{"line":39,"column":5},"end":{"line":39,"column":null}},"20":{"start":{"line":40,"column":4},"end":{"line":40,"column":null}},"21":{"start":{"line":42,"column":4},"end":{"line":42,"column":null}},"22":{"start":{"line":43,"column":4},"end":{"line":43,"column":null}},"23":{"start":{"line":48,"column":2},"end":{"line":55,"column":null}},"24":{"start":{"line":49,"column":18},"end":{"line":49,"column":null}},"25":{"start":{"line":50,"column":4},"end":{"line":53,"column":null}},"26":{"start":{"line":51,"column":6},"end":{"line":51,"column":null}},"27":{"start":{"line":52,"column":6},"end":{"line":52,"column":null}},"28":{"start":{"line":54,"column":4},"end":{"line":54,"column":null}}},"fnMap":{"0":{"name":"signToken","decl":{"start":{"line":9,"column":16},"end":{"line":9,"column":26}},"loc":{"start":{"line":9,"column":64},"end":{"line":11,"column":null}},"line":9},"1":{"name":"verifyToken","decl":{"start":{"line":13,"column":16},"end":{"line":13,"column":28}},"loc":{"start":{"line":13,"column":84},"end":{"line":19,"column":null}},"line":13},"2":{"name":"requireAuth","decl":{"start":{"line":21,"column":22},"end":{"line":21,"column":34}},"loc":{"start":{"line":21,"column":98},"end":{"line":45,"column":null}},"line":21},"3":{"name":"requireAdmin","decl":{"start":{"line":47,"column":22},"end":{"line":47,"column":35}},"loc":{"start":{"line":47,"column":99},"end":{"line":56,"column":null}},"line":47},"4":{"name":"(anonymous_4)","decl":{"start":{"line":48,"column":30},"end":{"line":48,"column":36}},"loc":{"start":{"line":48,"column":36},"end":{"line":55,"column":3}},"line":48}},"branchMap":{"0":{"loc":{"start":{"line":7,"column":19},"end":{"line":7,"column":null}},"type":"binary-expr","locations":[{"start":{"line":7,"column":19},"end":{"line":7,"column":49}},{"start":{"line":7,"column":49},"end":{"line":7,"column":null}}],"line":7},"1":{"loc":{"start":{"line":23,"column":2},"end":{"line":26,"column":null}},"type":"if","locations":[{"start":{"line":23,"column":2},"end":{"line":26,"column":null}},{"start":{},"end":{}}],"line":23},"2":{"loc":{"start":{"line":23,"column":6},"end":{"line":23,"column":56}},"type":"binary-expr","locations":[{"start":{"line":23,"column":6},"end":{"line":23,"column":21}},{"start":{"line":23,"column":21},"end":{"line":23,"column":56}}],"line":23},"3":{"loc":{"start":{"line":29,"column":2},"end":{"line":32,"column":null}},"type":"if","locations":[{"start":{"line":29,"column":2},"end":{"line":32,"column":null}},{"start":{},"end":{}}],"line":29},"4":{"loc":{"start":{"line":35,"column":4},"end":{"line":38,"column":null}},"type":"if","locations":[{"start":{"line":35,"column":4},"end":{"line":38,"column":null}},{"start":{},"end":{}}],"line":35},"5":{"loc":{"start":{"line":35,"column":8},"end":{"line":35,"column":33}},"type":"binary-expr","locations":[{"start":{"line":35,"column":8},"end":{"line":35,"column":17}},{"start":{"line":35,"column":17},"end":{"line":35,"column":33}}],"line":35},"6":{"loc":{"start":{"line":50,"column":4},"end":{"line":53,"column":null}},"type":"if","locations":[{"start":{"line":50,"column":4},"end":{"line":53,"column":null}},{"start":{},"end":{}}],"line":50},"7":{"loc":{"start":{"line":50,"column":8},"end":{"line":50,"column":40}},"type":"binary-expr","locations":[{"start":{"line":50,"column":8},"end":{"line":50,"column":17}},{"start":{"line":50,"column":17},"end":{"line":50,"column":40}}],"line":50}},"s":{"0":1,"1":0,"2":0,"3":0,"4":0,"5":0,"6":0,"7":0,"8":0,"9":0,"10":0,"11":0,"12":0,"13":0,"14":0,"15":0,"16":0,"17":0,"18":0,"19":0,"20":0,"21":0,"22":0,"23":0,"24":0,"25":0,"26":0,"27":0,"28":0},"f":{"0":0,"1":0,"2":0,"3":0,"4":0},"b":{"0":[1,1],"1":[0,0],"2":[0,0],"3":[0,0],"4":[0,0],"5":[0,0],"6":[0,0],"7":[0,0]},"meta":{"lastBranch":8,"lastFunction":5,"lastStatement":29,"seen":{"s:7:19:7:Infinity":0,"b:7:19:7:49:7:49:7:Infinity":0,"f:9:16:9:26":0,"s:10:2:10:Infinity":1,"f:13:16:13:28":1,"s:14:2:18:Infinity":2,"s:15:4:15:Infinity":3,"s:17:4:17:Infinity":4,"f:21:22:21:34":2,"s:22:21:22:Infinity":5,"b:23:2:26:Infinity:undefined:undefined:undefined:undefined":1,"s:23:2:26:Infinity":6,"b:23:6:23:21:23:21:23:56":2,"s:24:4:24:Infinity":7,"s:25:4:25:Infinity":8,"s:27:16:27:Infinity":9,"s:28:18:28:Infinity":10,"b:29:2:32:Infinity:undefined:undefined:undefined:undefined":3,"s:29:2:32:Infinity":11,"s:30:4:30:Infinity":12,"s:31:4:31:Infinity":13,"s:33:2:44:Infinity":14,"s:34:19:34:Infinity":15,"b:35:4:38:Infinity:undefined:undefined:undefined:undefined":4,"s:35:4:38:Infinity":16,"b:35:8:35:17:35:17:35:33":5,"s:36:6:36:Infinity":17,"s:37:6:37:Infinity":18,"s:39:5:39:Infinity":19,"s:40:4:40:Infinity":20,"s:42:4:42:Infinity":21,"s:43:4:43:Infinity":22,"f:47:22:47:35":3,"s:48:2:55:Infinity":23,"f:48:30:48:36":4,"s:49:18:49:Infinity":24,"b:50:4:53:Infinity:undefined:undefined:undefined:undefined":6,"s:50:4:53:Infinity":25,"b:50:8:50:17:50:17:50:40":7,"s:51:6:51:Infinity":26,"s:52:6:52:Infinity":27,"s:54:4:54:Infinity":28}}}
,"C:\\Users\\nitin\\Downloads\\jobnest-react-vite-npm\\server\\src\\lib\\logger.ts": {"path":"C:\\Users\\nitin\\Downloads\\jobnest-react-vite-npm\\server\\src\\lib\\logger.ts","statementMap":{"0":{"start":{"line":3,"column":21},"end":{"line":3,"column":null}},"1":{"start":{"line":5,"column":13},"end":{"line":20,"column":null}}},"fnMap":{},"branchMap":{"0":{"loc":{"start":{"line":6,"column":9},"end":{"line":6,"column":null}},"type":"binary-expr","locations":[{"start":{"line":6,"column":9},"end":{"line":6,"column":34}},{"start":{"line":6,"column":34},"end":{"line":6,"column":null}}],"line":6},"1":{"loc":{"start":{"line":12,"column":6},"end":{"line":19,"column":null}},"type":"cond-expr","locations":[{"start":{"line":13,"column":6},"end":{"line":13,"column":null}},{"start":{"line":14,"column":6},"end":{"line":19,"column":null}}],"line":12}},"s":{"0":1,"1":1},"f":{},"b":{"0":[1,1],"1":[0,1]},"meta":{"lastBranch":2,"lastFunction":0,"lastStatement":2,"seen":{"s:3:21:3:Infinity":0,"s:5:13:20:Infinity":1,"b:6:9:6:34:6:34:6:Infinity":0,"b:13:6:13:Infinity:14:6:19:Infinity":1}}}
,"C:\\Users\\nitin\\Downloads\\jobnest-react-vite-npm\\server\\src\\routes\\applications.ts": {"path":"C:\\Users\\nitin\\Downloads\\jobnest-react-vite-npm\\server\\src\\routes\\applications.ts","statementMap":{"0":{"start":{"line":12,"column":6},"end":{"line":12,"column":null}},"1":{"start":{"line":17,"column":2},"end":{"line":35,"column":null}},"2":{"start":{"line":39,"column":2},"end":{"line":49,"column":null}},"3":{"start":{"line":53,"column":0},"end":{"line":87,"column":null}},"4":{"start":{"line":54,"column":16},"end":{"line":54,"column":null}},"5":{"start":{"line":55,"column":17},"end":{"line":55,"column":null}},"6":{"start":{"line":56,"column":2},"end":{"line":59,"column":null}},"7":{"start":{"line":57,"column":4},"end":{"line":57,"column":null}},"8":{"start":{"line":58,"column":4},"end":{"line":58,"column":null}},"9":{"start":{"line":61,"column":58},"end":{"line":61,"column":null}},"10":{"start":{"line":63,"column":16},"end":{"line":63,"column":null}},"11":{"start":{"line":64,"column":2},"end":{"line":67,"column":null}},"12":{"start":{"line":65,"column":4},"end":{"line":65,"column":null}},"13":{"start":{"line":66,"column":4},"end":{"line":66,"column":null}},"14":{"start":{"line":69,"column":21},"end":{"line":71,"column":null}},"15":{"start":{"line":72,"column":2},"end":{"line":75,"column":null}},"16":{"start":{"line":73,"column":4},"end":{"line":73,"column":null}},"17":{"start":{"line":74,"column":4},"end":{"line":74,"column":null}},"18":{"start":{"line":77,"column":24},"end":{"line":84,"column":null}},"19":{"start":{"line":86,"column":2},"end":{"line":86,"column":null}},"20":{"start":{"line":90,"column":0},"end":{"line":100,"column":null}},"21":{"start":{"line":91,"column":16},"end":{"line":91,"column":null}},"22":{"start":{"line":92,"column":15},"end":{"line":92,"column":null}},"23":{"start":{"line":94,"column":17},"end":{"line":97,"column":null}},"24":{"start":{"line":95,"column":18},"end":{"line":95,"column":null}},"25":{"start":{"line":96,"column":4},"end":{"line":96,"column":null}},"26":{"start":{"line":99,"column":2},"end":{"line":99,"column":null}},"27":{"start":{"line":103,"column":0},"end":{"line":123,"column":null}},"28":{"start":{"line":104,"column":16},"end":{"line":104,"column":null}},"29":{"start":{"line":105,"column":15},"end":{"line":105,"column":null}},"30":{"start":{"line":106,"column":16},"end":{"line":106,"column":null}},"31":{"start":{"line":107,"column":8},"end":{"line":107,"column":null}},"32":{"start":{"line":109,"column":21},"end":{"line":109,"column":null}},"33":{"start":{"line":110,"column":2},"end":{"line":110,"column":null}},"34":{"start":{"line":110,"column":42},"end":{"line":110,"column":null}},"35":{"start":{"line":111,"column":22},"end":{"line":111,"column":null}},"36":{"start":{"line":113,"column":24},"end":{"line":113,"column":null}},"37":{"start":{"line":114,"column":16},"end":{"line":114,"column":null}},"38":{"start":{"line":115,"column":15},"end":{"line":115,"column":null}},"39":{"start":{"line":117,"column":17},"end":{"line":120,"column":null}},"40":{"start":{"line":118,"column":18},"end":{"line":118,"column":null}},"41":{"start":{"line":119,"column":4},"end":{"line":119,"column":null}},"42":{"start":{"line":122,"column":2},"end":{"line":122,"column":null}},"43":{"start":{"line":126,"column":0},"end":{"line":140,"column":null}},"44":{"start":{"line":127,"column":17},"end":{"line":127,"column":null}},"45":{"start":{"line":128,"column":2},"end":{"line":128,"column":null}},"46":{"start":{"line":128,"column":25},"end":{"line":128,"column":72}},"47":{"start":{"line":128,"column":72},"end":{"line":128,"column":80}},"48":{"start":{"line":130,"column":17},"end":{"line":130,"column":null}},"49":{"start":{"line":131,"column":2},"end":{"line":131,"column":null}},"50":{"start":{"line":131,"column":25},"end":{"line":131,"column":80}},"51":{"start":{"line":131,"column":80},"end":{"line":131,"column":88}},"52":{"start":{"line":133,"column":16},"end":{"line":136,"column":null}},"53":{"start":{"line":138,"column":2},"end":{"line":138,"column":null}},"54":{"start":{"line":138,"column":14},"end":{"line":138,"column":72}},"55":{"start":{"line":138,"column":72},"end":{"line":138,"column":80}},"56":{"start":{"line":139,"column":2},"end":{"line":139,"column":null}}},"fnMap":{"0":{"name":"formatJob","decl":{"start":{"line":16,"column":9},"end":{"line":16,"column":19}},"loc":{"start":{"line":16,"column":55},"end":{"line":36,"column":null}},"line":16},"1":{"name":"formatApp","decl":{"start":{"line":38,"column":9},"end":{"line":38,"column":19}},"loc":{"start":{"line":38,"column":63},"end":{"line":50,"column":null}},"line":38},"2":{"name":"(anonymous_2)","decl":{"start":{"line":53,"column":42},"end":{"line":53,"column":49}},"loc":{"start":{"line":53,"column":77},"end":{"line":87,"column":1}},"line":53},"3":{"name":"(anonymous_3)","decl":{"start":{"line":90,"column":46},"end":{"line":90,"column":53}},"loc":{"start":{"line":90,"column":81},"end":{"line":100,"column":1}},"line":90},"4":{"name":"(anonymous_4)","decl":{"start":{"line":94,"column":44},"end":{"line":94,"column":51}},"loc":{"start":{"line":94,"column":59},"end":{"line":97,"column":3}},"line":94},"5":{"name":"(anonymous_5)","decl":{"start":{"line":103,"column":48},"end":{"line":103,"column":55}},"loc":{"start":{"line":103,"column":83},"end":{"line":123,"column":1}},"line":103},"6":{"name":"(anonymous_6)","decl":{"start":{"line":117,"column":44},"end":{"line":117,"column":51}},"loc":{"start":{"line":117,"column":59},"end":{"line":120,"column":3}},"line":117},"7":{"name":"(anonymous_7)","decl":{"start":{"line":126,"column":61},"end":{"line":126,"column":68}},"loc":{"start":{"line":126,"column":96},"end":{"line":140,"column":1}},"line":126}},"branchMap":{"0":{"loc":{"start":{"line":31,"column":15},"end":{"line":31,"column":null}},"type":"cond-expr","locations":[{"start":{"line":31,"column":31},"end":{"line":31,"column":61}},{"start":{"line":31,"column":61},"end":{"line":31,"column":null}}],"line":31},"1":{"loc":{"start":{"line":56,"column":2},"end":{"line":59,"column":null}},"type":"if","locations":[{"start":{"line":56,"column":2},"end":{"line":59,"column":null}},{"start":{},"end":{}}],"line":56},"2":{"loc":{"start":{"line":64,"column":2},"end":{"line":67,"column":null}},"type":"if","locations":[{"start":{"line":64,"column":2},"end":{"line":67,"column":null}},{"start":{},"end":{}}],"line":64},"3":{"loc":{"start":{"line":72,"column":2},"end":{"line":75,"column":null}},"type":"if","locations":[{"start":{"line":72,"column":2},"end":{"line":75,"column":null}},{"start":{},"end":{}}],"line":72},"4":{"loc":{"start":{"line":80,"column":15},"end":{"line":80,"column":null}},"type":"binary-expr","locations":[{"start":{"line":80,"column":15},"end":{"line":80,"column":28}},{"start":{"line":80,"column":28},"end":{"line":80,"column":null}}],"line":80},"5":{"loc":{"start":{"line":81,"column":23},"end":{"line":81,"column":null}},"type":"binary-expr","locations":[{"start":{"line":81,"column":23},"end":{"line":81,"column":44}},{"start":{"line":81,"column":44},"end":{"line":81,"column":null}}],"line":81},"6":{"loc":{"start":{"line":82,"column":12},"end":{"line":82,"column":null}},"type":"binary-expr","locations":[{"start":{"line":82,"column":12},"end":{"line":82,"column":22}},{"start":{"line":82,"column":22},"end":{"line":82,"column":null}}],"line":82},"7":{"loc":{"start":{"line":96,"column":37},"end":{"line":96,"column":65}},"type":"cond-expr","locations":[{"start":{"line":96,"column":43},"end":{"line":96,"column":60}},{"start":{"line":96,"column":60},"end":{"line":96,"column":65}}],"line":96},"8":{"loc":{"start":{"line":105,"column":15},"end":{"line":105,"column":null}},"type":"cond-expr","locations":[{"start":{"line":105,"column":50},"end":{"line":105,"column":76}},{"start":{"line":105,"column":76},"end":{"line":105,"column":null}}],"line":105},"9":{"loc":{"start":{"line":105,"column":15},"end":{"line":105,"column":50}},"type":"binary-expr","locations":[{"start":{"line":105,"column":15},"end":{"line":105,"column":32}},{"start":{"line":105,"column":32},"end":{"line":105,"column":50}}],"line":105},"10":{"loc":{"start":{"line":106,"column":16},"end":{"line":106,"column":null}},"type":"cond-expr","locations":[{"start":{"line":106,"column":52},"end":{"line":106,"column":79}},{"start":{"line":106,"column":79},"end":{"line":106,"column":null}}],"line":106},"11":{"loc":{"start":{"line":106,"column":16},"end":{"line":106,"column":52}},"type":"binary-expr","locations":[{"start":{"line":106,"column":16},"end":{"line":106,"column":33}},{"start":{"line":106,"column":33},"end":{"line":106,"column":52}}],"line":106},"12":{"loc":{"start":{"line":110,"column":2},"end":{"line":110,"column":null}},"type":"if","locations":[{"start":{"line":110,"column":2},"end":{"line":110,"column":null}},{"start":{},"end":{}}],"line":110},"13":{"loc":{"start":{"line":110,"column":6},"end":{"line":110,"column":42}},"type":"binary-expr","locations":[{"start":{"line":110,"column":6},"end":{"line":110,"column":23}},{"start":{"line":110,"column":23},"end":{"line":110,"column":42}}],"line":110},"14":{"loc":{"start":{"line":111,"column":22},"end":{"line":111,"column":null}},"type":"cond-expr","locations":[{"start":{"line":111,"column":42},"end":{"line":111,"column":67}},{"start":{"line":111,"column":67},"end":{"line":111,"column":null}}],"line":111},"15":{"loc":{"start":{"line":114,"column":16},"end":{"line":114,"column":null}},"type":"binary-expr","locations":[{"start":{"line":114,"column":16},"end":{"line":114,"column":38}},{"start":{"line":114,"column":38},"end":{"line":114,"column":null}}],"line":114},"16":{"loc":{"start":{"line":119,"column":37},"end":{"line":119,"column":65}},"type":"cond-expr","locations":[{"start":{"line":119,"column":43},"end":{"line":119,"column":60}},{"start":{"line":119,"column":60},"end":{"line":119,"column":65}}],"line":119},"17":{"loc":{"start":{"line":128,"column":2},"end":{"line":128,"column":null}},"type":"if","locations":[{"start":{"line":128,"column":2},"end":{"line":128,"column":null}},{"start":{},"end":{}}],"line":128},"18":{"loc":{"start":{"line":131,"column":2},"end":{"line":131,"column":null}},"type":"if","locations":[{"start":{"line":131,"column":2},"end":{"line":131,"column":null}},{"start":{},"end":{}}],"line":131},"19":{"loc":{"start":{"line":134,"column":50},"end":{"line":134,"column":80}},"type":"binary-expr","locations":[{"start":{"line":134,"column":50},"end":{"line":134,"column":75}},{"start":{"line":134,"column":75},"end":{"line":134,"column":80}}],"line":134},"20":{"loc":{"start":{"line":138,"column":2},"end":{"line":138,"column":null}},"type":"if","locations":[{"start":{"line":138,"column":2},"end":{"line":138,"column":null}},{"start":{},"end":{}}],"line":138}},"s":{"0":1,"1":0,"2":0,"3":1,"4":0,"5":0,"6":0,"7":0,"8":0,"9":0,"10":0,"11":0,"12":0,"13":0,"14":0,"15":0,"16":0,"17":0,"18":0,"19":0,"20":1,"21":0,"22":0,"23":0,"24":0,"25":0,"26":0,"27":1,"28":0,"29":0,"30":0,"31":0,"32":0,"33":0,"34":0,"35":0,"36":0,"37":0,"38":0,"39":0,"40":0,"41":0,"42":0,"43":1,"44":0,"45":0,"46":0,"47":0,"48":0,"49":0,"50":0,"51":0,"52":0,"53":0,"54":0,"55":0,"56":0},"f":{"0":0,"1":0,"2":0,"3":0,"4":0,"5":0,"6":0,"7":0},"b":{"0":[0,0],"1":[0,0],"2":[0,0],"3":[0,0],"4":[0,0],"5":[0,0],"6":[0,0],"7":[0,0],"8":[0,0],"9":[0,0],"10":[0,0],"11":[0,0],"12":[0,0],"13":[0,0],"14":[0,0],"15":[0,0],"16":[0,0],"17":[0,0],"18":[0,0],"19":[0,0],"20":[0,0]},"meta":{"lastBranch":21,"lastFunction":8,"lastStatement":57,"seen":{"s:12:6:12:Infinity":0,"f:16:9:16:19":0,"s:17:2:35:Infinity":1,"b:31:31:31:61:31:61:31:Infinity":0,"f:38:9:38:19":1,"s:39:2:49:Infinity":2,"s:53:0:87:Infinity":3,"f:53:42:53:49":2,"s:54:16:54:Infinity":4,"s:55:17:55:Infinity":5,"b:56:2:59:Infinity:undefined:undefined:undefined:undefined":1,"s:56:2:59:Infinity":6,"s:57:4:57:Infinity":7,"s:58:4:58:Infinity":8,"s:61:58:61:Infinity":9,"s:63:16:63:Infinity":10,"b:64:2:67:Infinity:undefined:undefined:undefined:undefined":2,"s:64:2:67:Infinity":11,"s:65:4:65:Infinity":12,"s:66:4:66:Infinity":13,"s:69:21:71:Infinity":14,"b:72:2:75:Infinity:undefined:undefined:undefined:undefined":3,"s:72:2:75:Infinity":15,"s:73:4:73:Infinity":16,"s:74:4:74:Infinity":17,"s:77:24:84:Infinity":18,"b:80:15:80:28:80:28:80:Infinity":4,"b:81:23:81:44:81:44:81:Infinity":5,"b:82:12:82:22:82:22:82:Infinity":6,"s:86:2:86:Infinity":19,"s:90:0:100:Infinity":20,"f:90:46:90:53":3,"s:91:16:91:Infinity":21,"s:92:15:92:Infinity":22,"s:94:17:97:Infinity":23,"f:94:44:94:51":4,"s:95:18:95:Infinity":24,"s:96:4:96:Infinity":25,"b:96:43:96:60:96:60:96:65":7,"s:99:2:99:Infinity":26,"s:103:0:123:Infinity":27,"f:103:48:103:55":5,"s:104:16:104:Infinity":28,"s:105:15:105:Infinity":29,"b:105:50:105:76:105:76:105:Infinity":8,"b:105:15:105:32:105:32:105:50":9,"s:106:16:106:Infinity":30,"b:106:52:106:79:106:79:106:Infinity":10,"b:106:16:106:33:106:33:106:52":11,"s:107:8:107:Infinity":31,"s:109:21:109:Infinity":32,"b:110:2:110:Infinity:undefined:undefined:undefined:undefined":12,"s:110:2:110:Infinity":33,"b:110:6:110:23:110:23:110:42":13,"s:110:42:110:Infinity":34,"s:111:22:111:Infinity":35,"b:111:42:111:67:111:67:111:Infinity":14,"s:113:24:113:Infinity":36,"s:114:16:114:Infinity":37,"b:114:16:114:38:114:38:114:Infinity":15,"s:115:15:115:Infinity":38,"s:117:17:120:Infinity":39,"f:117:44:117:51":6,"s:118:18:118:Infinity":40,"s:119:4:119:Infinity":41,"b:119:43:119:60:119:60:119:65":16,"s:122:2:122:Infinity":42,"s:126:0:140:Infinity":43,"f:126:61:126:68":7,"s:127:17:127:Infinity":44,"b:128:2:128:Infinity:undefined:undefined:undefined:undefined":17,"s:128:2:128:Infinity":45,"s:128:25:128:72":46,"s:128:72:128:80":47,"s:130:17:130:Infinity":48,"b:131:2:131:Infinity:undefined:undefined:undefined:undefined":18,"s:131:2:131:Infinity":49,"s:131:25:131:80":50,"s:131:80:131:88":51,"s:133:16:136:Infinity":52,"b:134:50:134:75:134:75:134:80":19,"b:138:2:138:Infinity:undefined:undefined:undefined:undefined":20,"s:138:2:138:Infinity":53,"s:138:14:138:72":54,"s:138:72:138:80":55,"s:139:2:139:Infinity":56}}}
,"C:\\Users\\nitin\\Downloads\\jobnest-react-vite-npm\\server\\src\\routes\\auth.ts": {"path":"C:\\Users\\nitin\\Downloads\\jobnest-react-vite-npm\\server\\src\\routes\\auth.ts","statementMap":{"0":{"start":{"line":11,"column":6},"end":{"line":11,"column":null}},"1":{"start":{"line":13,"column":0},"end":{"line":50,"column":null}},"2":{"start":{"line":14,"column":17},"end":{"line":14,"column":null}},"3":{"start":{"line":15,"column":2},"end":{"line":18,"column":null}},"4":{"start":{"line":16,"column":4},"end":{"line":16,"column":null}},"5":{"start":{"line":17,"column":4},"end":{"line":17,"column":null}},"6":{"start":{"line":19,"column":43},"end":{"line":19,"column":null}},"7":{"start":{"line":21,"column":21},"end":{"line":21,"column":null}},"8":{"start":{"line":22,"column":2},"end":{"line":25,"column":null}},"9":{"start":{"line":23,"column":4},"end":{"line":23,"column":null}},"10":{"start":{"line":24,"column":4},"end":{"line":24,"column":null}},"11":{"start":{"line":27,"column":17},"end":{"line":27,"column":null}},"12":{"start":{"line":28,"column":17},"end":{"line":35,"column":null}},"13":{"start":{"line":37,"column":8},"end":{"line":37,"column":null}},"14":{"start":{"line":38,"column":2},"end":{"line":49,"column":null}},"15":{"start":{"line":52,"column":0},"end":{"line":88,"column":null}},"16":{"start":{"line":53,"column":17},"end":{"line":53,"column":null}},"17":{"start":{"line":54,"column":2},"end":{"line":57,"column":null}},"18":{"start":{"line":55,"column":4},"end":{"line":55,"column":null}},"19":{"start":{"line":56,"column":4},"end":{"line":56,"column":null}},"20":{"start":{"line":58,"column":30},"end":{"line":58,"column":null}},"21":{"start":{"line":60,"column":17},"end":{"line":60,"column":null}},"22":{"start":{"line":61,"column":2},"end":{"line":64,"column":null}},"23":{"start":{"line":62,"column":4},"end":{"line":62,"column":null}},"24":{"start":{"line":63,"column":4},"end":{"line":63,"column":null}},"25":{"start":{"line":65,"column":2},"end":{"line":68,"column":null}},"26":{"start":{"line":66,"column":4},"end":{"line":66,"column":null}},"27":{"start":{"line":67,"column":4},"end":{"line":67,"column":null}},"28":{"start":{"line":69,"column":16},"end":{"line":69,"column":null}},"29":{"start":{"line":70,"column":2},"end":{"line":73,"column":null}},"30":{"start":{"line":71,"column":4},"end":{"line":71,"column":null}},"31":{"start":{"line":72,"column":4},"end":{"line":72,"column":null}},"32":{"start":{"line":75,"column":8},"end":{"line":75,"column":null}},"33":{"start":{"line":76,"column":2},"end":{"line":87,"column":null}},"34":{"start":{"line":90,"column":0},"end":{"line":101,"column":null}},"35":{"start":{"line":91,"column":16},"end":{"line":91,"column":null}},"36":{"start":{"line":92,"column":2},"end":{"line":100,"column":null}},"37":{"start":{"line":103,"column":0},"end":{"line":105,"column":null}},"38":{"start":{"line":104,"column":2},"end":{"line":104,"column":null}}},"fnMap":{"0":{"name":"(anonymous_0)","decl":{"start":{"line":13,"column":30},"end":{"line":13,"column":37}},"loc":{"start":{"line":13,"column":65},"end":{"line":50,"column":1}},"line":13},"1":{"name":"(anonymous_1)","decl":{"start":{"line":52,"column":27},"end":{"line":52,"column":34}},"loc":{"start":{"line":52,"column":62},"end":{"line":88,"column":1}},"line":52},"2":{"name":"(anonymous_2)","decl":{"start":{"line":90,"column":36},"end":{"line":90,"column":43}},"loc":{"start":{"line":90,"column":71},"end":{"line":101,"column":1}},"line":90},"3":{"name":"(anonymous_3)","decl":{"start":{"line":103,"column":28},"end":{"line":103,"column":29}},"loc":{"start":{"line":103,"column":49},"end":{"line":105,"column":1}},"line":103}},"branchMap":{"0":{"loc":{"start":{"line":15,"column":2},"end":{"line":18,"column":null}},"type":"if","locations":[{"start":{"line":15,"column":2},"end":{"line":18,"column":null}},{"start":{},"end":{}}],"line":15},"1":{"loc":{"start":{"line":22,"column":2},"end":{"line":25,"column":null}},"type":"if","locations":[{"start":{"line":22,"column":2},"end":{"line":25,"column":null}},{"start":{},"end":{}}],"line":22},"2":{"loc":{"start":{"line":31,"column":11},"end":{"line":31,"column":null}},"type":"binary-expr","locations":[{"start":{"line":31,"column":11},"end":{"line":31,"column":20}},{"start":{"line":31,"column":20},"end":{"line":31,"column":null}}],"line":31},"3":{"loc":{"start":{"line":54,"column":2},"end":{"line":57,"column":null}},"type":"if","locations":[{"start":{"line":54,"column":2},"end":{"line":57,"column":null}},{"start":{},"end":{}}],"line":54},"4":{"loc":{"start":{"line":61,"column":2},"end":{"line":64,"column":null}},"type":"if","locations":[{"start":{"line":61,"column":2},"end":{"line":64,"column":null}},{"start":{},"end":{}}],"line":61},"5":{"loc":{"start":{"line":65,"column":2},"end":{"line":68,"column":null}},"type":"if","locations":[{"start":{"line":65,"column":2},"end":{"line":68,"column":null}},{"start":{},"end":{}}],"line":65},"6":{"loc":{"start":{"line":70,"column":2},"end":{"line":73,"column":null}},"type":"if","locations":[{"start":{"line":70,"column":2},"end":{"line":73,"column":null}},{"start":{},"end":{}}],"line":70}},"s":{"0":1,"1":1,"2":0,"3":0,"4":0,"5":0,"6":0,"7":0,"8":0,"9":0,"10":0,"11":0,"12":0,"13":0,"14":0,"15":1,"16":0,"17":0,"18":0,"19":0,"20":0,"21":0,"22":0,"23":0,"24":0,"25":0,"26":0,"27":0,"28":0,"29":0,"30":0,"31":0,"32":0,"33":0,"34":1,"35":0,"36":0,"37":1,"38":0},"f":{"0":0,"1":0,"2":0,"3":0},"b":{"0":[0,0],"1":[0,0],"2":[0,0],"3":[0,0],"4":[0,0],"5":[0,0],"6":[0,0]},"meta":{"lastBranch":7,"lastFunction":4,"lastStatement":39,"seen":{"s:11:6:11:Infinity":0,"s:13:0:50:Infinity":1,"f:13:30:13:37":0,"s:14:17:14:Infinity":2,"b:15:2:18:Infinity:undefined:undefined:undefined:undefined":0,"s:15:2:18:Infinity":3,"s:16:4:16:Infinity":4,"s:17:4:17:Infinity":5,"s:19:43:19:Infinity":6,"s:21:21:21:Infinity":7,"b:22:2:25:Infinity:undefined:undefined:undefined:undefined":1,"s:22:2:25:Infinity":8,"s:23:4:23:Infinity":9,"s:24:4:24:Infinity":10,"s:27:17:27:Infinity":11,"s:28:17:35:Infinity":12,"b:31:11:31:20:31:20:31:Infinity":2,"s:37:8:37:Infinity":13,"s:38:2:49:Infinity":14,"s:52:0:88:Infinity":15,"f:52:27:52:34":1,"s:53:17:53:Infinity":16,"b:54:2:57:Infinity:undefined:undefined:undefined:undefined":3,"s:54:2:57:Infinity":17,"s:55:4:55:Infinity":18,"s:56:4:56:Infinity":19,"s:58:30:58:Infinity":20,"s:60:17:60:Infinity":21,"b:61:2:64:Infinity:undefined:undefined:undefined:undefined":4,"s:61:2:64:Infinity":22,"s:62:4:62:Infinity":23,"s:63:4:63:Infinity":24,"b:65:2:68:Infinity:undefined:undefined:undefined:undefined":5,"s:65:2:68:Infinity":25,"s:66:4:66:Infinity":26,"s:67:4:67:Infinity":27,"s:69:16:69:Infinity":28,"b:70:2:73:Infinity:undefined:undefined:undefined:undefined":6,"s:70:2:73:Infinity":29,"s:71:4:71:Infinity":30,"s:72:4:72:Infinity":31,"s:75:8:75:Infinity":32,"s:76:2:87:Infinity":33,"s:90:0:101:Infinity":34,"f:90:36:90:43":2,"s:91:16:91:Infinity":35,"s:92:2:100:Infinity":36,"s:103:0:105:Infinity":37,"f:103:28:103:29":3,"s:104:2:104:Infinity":38}}}
,"C:\\Users\\nitin\\Downloads\\jobnest-react-vite-npm\\server\\src\\routes\\dashboard.ts": {"path":"C:\\Users\\nitin\\Downloads\\jobnest-react-vite-npm\\server\\src\\routes\\dashboard.ts","statementMap":{"0":{"start":{"line":6,"column":6},"end":{"line":6,"column":null}},"1":{"start":{"line":11,"column":0},"end":{"line":33,"column":null}},"2":{"start":{"line":12,"column":26},"end":{"line":12,"column":null}},"3":{"start":{"line":13,"column":25},"end":{"line":13,"column":null}},"4":{"start":{"line":14,"column":25},"end":{"line":14,"column":null}},"5":{"start":{"line":15,"column":31},"end":{"line":15,"column":null}},"6":{"start":{"line":16,"column":28},"end":{"line":16,"column":null}},"7":{"start":{"line":17,"column":28},"end":{"line":17,"column":null}},"8":{"start":{"line":18,"column":26},"end":{"line":18,"column":null}},"9":{"start":{"line":19,"column":28},"end":{"line":19,"column":null}},"10":{"start":{"line":20,"column":23},"end":{"line":20,"column":null}},"11":{"start":{"line":22,"column":2},"end":{"line":32,"column":null}},"12":{"start":{"line":36,"column":0},"end":{"line":59,"column":null}},"13":{"start":{"line":37,"column":21},"end":{"line":48,"column":null}},"14":{"start":{"line":50,"column":19},"end":{"line":56,"column":null}},"15":{"start":{"line":50,"column":49},"end":{"line":56,"column":4}},"16":{"start":{"line":58,"column":2},"end":{"line":58,"column":null}},"17":{"start":{"line":62,"column":0},"end":{"line":78,"column":null}},"18":{"start":{"line":63,"column":16},"end":{"line":63,"column":null}},"19":{"start":{"line":65,"column":25},"end":{"line":65,"column":null}},"20":{"start":{"line":66,"column":23},"end":{"line":66,"column":null}},"21":{"start":{"line":67,"column":24},"end":{"line":67,"column":null}},"22":{"start":{"line":68,"column":24},"end":{"line":68,"column":null}},"23":{"start":{"line":69,"column":21},"end":{"line":69,"column":null}},"24":{"start":{"line":71,"column":2},"end":{"line":77,"column":null}}},"fnMap":{"0":{"name":"(anonymous_0)","decl":{"start":{"line":11,"column":45},"end":{"line":11,"column":52}},"loc":{"start":{"line":11,"column":81},"end":{"line":33,"column":1}},"line":11},"1":{"name":"(anonymous_1)","decl":{"start":{"line":36,"column":55},"end":{"line":36,"column":62}},"loc":{"start":{"line":36,"column":91},"end":{"line":59,"column":1}},"line":36},"2":{"name":"(anonymous_2)","decl":{"start":{"line":50,"column":34},"end":{"line":50,"column":35}},"loc":{"start":{"line":50,"column":49},"end":{"line":56,"column":4}},"line":50},"3":{"name":"(anonymous_3)","decl":{"start":{"line":62,"column":49},"end":{"line":62,"column":56}},"loc":{"start":{"line":62,"column":84},"end":{"line":78,"column":1}},"line":62}},"branchMap":{"0":{"loc":{"start":{"line":23,"column":16},"end":{"line":23,"column":null}},"type":"binary-expr","locations":[{"start":{"line":23,"column":16},"end":{"line":23,"column":40}},{"start":{"line":23,"column":40},"end":{"line":23,"column":null}}],"line":23},"1":{"loc":{"start":{"line":24,"column":15},"end":{"line":24,"column":null}},"type":"binary-expr","locations":[{"start":{"line":24,"column":15},"end":{"line":24,"column":38}},{"start":{"line":24,"column":38},"end":{"line":24,"column":null}}],"line":24},"2":{"loc":{"start":{"line":25,"column":23},"end":{"line":25,"column":null}},"type":"binary-expr","locations":[{"start":{"line":25,"column":23},"end":{"line":25,"column":46}},{"start":{"line":25,"column":46},"end":{"line":25,"column":null}}],"line":25},"3":{"loc":{"start":{"line":26,"column":21},"end":{"line":26,"column":null}},"type":"binary-expr","locations":[{"start":{"line":26,"column":21},"end":{"line":26,"column":50}},{"start":{"line":26,"column":50},"end":{"line":26,"column":null}}],"line":26},"4":{"loc":{"start":{"line":27,"column":26},"end":{"line":27,"column":null}},"type":"binary-expr","locations":[{"start":{"line":27,"column":26},"end":{"line":27,"column":52}},{"start":{"line":27,"column":52},"end":{"line":27,"column":null}}],"line":27},"5":{"loc":{"start":{"line":28,"column":26},"end":{"line":28,"column":null}},"type":"binary-expr","locations":[{"start":{"line":28,"column":26},"end":{"line":28,"column":52}},{"start":{"line":28,"column":52},"end":{"line":28,"column":null}}],"line":28},"6":{"loc":{"start":{"line":29,"column":16},"end":{"line":29,"column":null}},"type":"binary-expr","locations":[{"start":{"line":29,"column":16},"end":{"line":29,"column":40}},{"start":{"line":29,"column":40},"end":{"line":29,"column":null}}],"line":29},"7":{"loc":{"start":{"line":30,"column":18},"end":{"line":30,"column":null}},"type":"binary-expr","locations":[{"start":{"line":30,"column":18},"end":{"line":30,"column":44}},{"start":{"line":30,"column":44},"end":{"line":30,"column":null}}],"line":30},"8":{"loc":{"start":{"line":31,"column":20},"end":{"line":31,"column":42}},"type":"binary-expr","locations":[{"start":{"line":31,"column":20},"end":{"line":31,"column":41}},{"start":{"line":31,"column":41},"end":{"line":31,"column":42}}],"line":31},"9":{"loc":{"start":{"line":55,"column":14},"end":{"line":55,"column":null}},"type":"binary-expr","locations":[{"start":{"line":55,"column":14},"end":{"line":55,"column":30}},{"start":{"line":55,"column":30},"end":{"line":55,"column":null}}],"line":55},"10":{"loc":{"start":{"line":72,"column":23},"end":{"line":72,"column":null}},"type":"binary-expr","locations":[{"start":{"line":72,"column":23},"end":{"line":72,"column":46}},{"start":{"line":72,"column":46},"end":{"line":72,"column":null}}],"line":72},"11":{"loc":{"start":{"line":73,"column":25},"end":{"line":73,"column":null}},"type":"binary-expr","locations":[{"start":{"line":73,"column":25},"end":{"line":73,"column":46}},{"start":{"line":73,"column":46},"end":{"line":73,"column":null}}],"line":73},"12":{"loc":{"start":{"line":74,"column":26},"end":{"line":74,"column":null}},"type":"binary-expr","locations":[{"start":{"line":74,"column":26},"end":{"line":74,"column":48}},{"start":{"line":74,"column":48},"end":{"line":74,"column":null}}],"line":74},"13":{"loc":{"start":{"line":75,"column":26},"end":{"line":75,"column":null}},"type":"binary-expr","locations":[{"start":{"line":75,"column":26},"end":{"line":75,"column":48}},{"start":{"line":75,"column":48},"end":{"line":75,"column":null}}],"line":75},"14":{"loc":{"start":{"line":76,"column":15},"end":{"line":76,"column":null}},"type":"binary-expr","locations":[{"start":{"line":76,"column":15},"end":{"line":76,"column":34}},{"start":{"line":76,"column":34},"end":{"line":76,"column":null}}],"line":76}},"s":{"0":1,"1":1,"2":0,"3":0,"4":0,"5":0,"6":0,"7":0,"8":0,"9":0,"10":0,"11":0,"12":1,"13":0,"14":0,"15":0,"16":0,"17":1,"18":0,"19":0,"20":0,"21":0,"22":0,"23":0,"24":0},"f":{"0":0,"1":0,"2":0,"3":0},"b":{"0":[0,0],"1":[0,0],"2":[0,0],"3":[0,0],"4":[0,0],"5":[0,0],"6":[0,0],"7":[0,0],"8":[0,0],"9":[0,0],"10":[0,0],"11":[0,0],"12":[0,0],"13":[0,0],"14":[0,0]},"meta":{"lastBranch":15,"lastFunction":4,"lastStatement":25,"seen":{"s:6:6:6:Infinity":0,"s:11:0:33:Infinity":1,"f:11:45:11:52":0,"s:12:26:12:Infinity":2,"s:13:25:13:Infinity":3,"s:14:25:14:Infinity":4,"s:15:31:15:Infinity":5,"s:16:28:16:Infinity":6,"s:17:28:17:Infinity":7,"s:18:26:18:Infinity":8,"s:19:28:19:Infinity":9,"s:20:23:20:Infinity":10,"s:22:2:32:Infinity":11,"b:23:16:23:40:23:40:23:Infinity":0,"b:24:15:24:38:24:38:24:Infinity":1,"b:25:23:25:46:25:46:25:Infinity":2,"b:26:21:26:50:26:50:26:Infinity":3,"b:27:26:27:52:27:52:27:Infinity":4,"b:28:26:28:52:28:52:28:Infinity":5,"b:29:16:29:40:29:40:29:Infinity":6,"b:30:18:30:44:30:44:30:Infinity":7,"b:31:20:31:41:31:41:31:42":8,"s:36:0:59:Infinity":12,"f:36:55:36:62":1,"s:37:21:48:Infinity":13,"s:50:19:56:Infinity":14,"f:50:34:50:35":2,"s:50:49:56:4":15,"b:55:14:55:30:55:30:55:Infinity":9,"s:58:2:58:Infinity":16,"s:62:0:78:Infinity":17,"f:62:49:62:56":3,"s:63:16:63:Infinity":18,"s:65:25:65:Infinity":19,"s:66:23:66:Infinity":20,"s:67:24:67:Infinity":21,"s:68:24:68:Infinity":22,"s:69:21:69:Infinity":23,"s:71:2:77:Infinity":24,"b:72:23:72:46:72:46:72:Infinity":10,"b:73:25:73:46:73:46:73:Infinity":11,"b:74:26:74:48:74:48:74:Infinity":12,"b:75:26:75:48:75:48:75:Infinity":13,"b:76:15:76:34:76:34:76:Infinity":14}}}
,"C:\\Users\\nitin\\Downloads\\jobnest-react-vite-npm\\server\\src\\routes\\health.ts": {"path":"C:\\Users\\nitin\\Downloads\\jobnest-react-vite-npm\\server\\src\\routes\\health.ts","statementMap":{"0":{"start":{"line":4,"column":6},"end":{"line":4,"column":null}},"1":{"start":{"line":6,"column":0},"end":{"line":9,"column":null}},"2":{"start":{"line":7,"column":15},"end":{"line":7,"column":null}},"3":{"start":{"line":8,"column":2},"end":{"line":8,"column":null}}},"fnMap":{"0":{"name":"(anonymous_0)","decl":{"start":{"line":6,"column":23},"end":{"line":6,"column":24}},"loc":{"start":{"line":6,"column":38},"end":{"line":9,"column":1}},"line":6}},"branchMap":{},"s":{"0":1,"1":1,"2":1,"3":1},"f":{"0":1},"b":{},"meta":{"lastBranch":0,"lastFunction":1,"lastStatement":4,"seen":{"s:4:6:4:Infinity":0,"s:6:0:9:Infinity":1,"f:6:23:6:24":0,"s:7:15:7:Infinity":2,"s:8:2:8:Infinity":3}}}
,"C:\\Users\\nitin\\Downloads\\jobnest-react-vite-npm\\server\\src\\routes\\index.ts": {"path":"C:\\Users\\nitin\\Downloads\\jobnest-react-vite-npm\\server\\src\\routes\\index.ts","statementMap":{"0":{"start":{"line":13,"column":6},"end":{"line":13,"column":null}},"1":{"start":{"line":15,"column":0},"end":{"line":15,"column":null}},"2":{"start":{"line":16,"column":0},"end":{"line":16,"column":null}},"3":{"start":{"line":17,"column":0},"end":{"line":17,"column":null}},"4":{"start":{"line":18,"column":0},"end":{"line":18,"column":null}},"5":{"start":{"line":19,"column":0},"end":{"line":19,"column":null}},"6":{"start":{"line":20,"column":0},"end":{"line":20,"column":null}},"7":{"start":{"line":21,"column":0},"end":{"line":21,"column":null}},"8":{"start":{"line":22,"column":0},"end":{"line":22,"column":null}},"9":{"start":{"line":23,"column":0},"end":{"line":23,"column":null}},"10":{"start":{"line":24,"column":0},"end":{"line":24,"column":null}}},"fnMap":{},"branchMap":{},"s":{"0":1,"1":1,"2":1,"3":1,"4":1,"5":1,"6":1,"7":1,"8":1,"9":1,"10":1},"f":{},"b":{},"meta":{"lastBranch":0,"lastFunction":0,"lastStatement":11,"seen":{"s:13:6:13:Infinity":0,"s:15:0:15:Infinity":1,"s:16:0:16:Infinity":2,"s:17:0:17:Infinity":3,"s:18:0:18:Infinity":4,"s:19:0:19:Infinity":5,"s:20:0:20:Infinity":6,"s:21:0:21:Infinity":7,"s:22:0:22:Infinity":8,"s:23:0:23:Infinity":9,"s:24:0:24:Infinity":10}}}
,"C:\\Users\\nitin\\Downloads\\jobnest-react-vite-npm\\server\\src\\routes\\jobs.ts": {"path":"C:\\Users\\nitin\\Downloads\\jobnest-react-vite-npm\\server\\src\\routes\\jobs.ts","statementMap":{"0":{"start":{"line":19,"column":6},"end":{"line":19,"column":null}},"1":{"start":{"line":22,"column":2},"end":{"line":40,"column":null}},"2":{"start":{"line":44,"column":0},"end":{"line":71,"column":null}},"3":{"start":{"line":45,"column":16},"end":{"line":45,"column":null}},"4":{"start":{"line":46,"column":15},"end":{"line":46,"column":null}},"5":{"start":{"line":47,"column":16},"end":{"line":47,"column":null}},"6":{"start":{"line":48,"column":8},"end":{"line":48,"column":null}},"7":{"start":{"line":50,"column":21},"end":{"line":50,"column":null}},"8":{"start":{"line":51,"column":2},"end":{"line":51,"column":null}},"9":{"start":{"line":51,"column":44},"end":{"line":51,"column":null}},"10":{"start":{"line":52,"column":2},"end":{"line":52,"column":null}},"11":{"start":{"line":52,"column":44},"end":{"line":52,"column":null}},"12":{"start":{"line":53,"column":2},"end":{"line":53,"column":null}},"13":{"start":{"line":53,"column":40},"end":{"line":53,"column":null}},"14":{"start":{"line":54,"column":2},"end":{"line":56,"column":null}},"15":{"start":{"line":55,"column":4},"end":{"line":55,"column":null}},"16":{"start":{"line":58,"column":8},"end":{"line":58,"column":null}},"17":{"start":{"line":60,"column":24},"end":{"line":60,"column":null}},"18":{"start":{"line":61,"column":16},"end":{"line":61,"column":null}},"19":{"start":{"line":63,"column":15},"end":{"line":63,"column":null}},"20":{"start":{"line":65,"column":2},"end":{"line":70,"column":null}},"21":{"start":{"line":66,"column":24},"end":{"line":66,"column":36}},"22":{"start":{"line":74,"column":0},"end":{"line":77,"column":null}},"23":{"start":{"line":75,"column":15},"end":{"line":75,"column":null}},"24":{"start":{"line":76,"column":2},"end":{"line":76,"column":null}},"25":{"start":{"line":76,"column":25},"end":{"line":76,"column":37}},"26":{"start":{"line":80,"column":0},"end":{"line":86,"column":null}},"27":{"start":{"line":81,"column":17},"end":{"line":84,"column":null}},"28":{"start":{"line":85,"column":2},"end":{"line":85,"column":null}},"29":{"start":{"line":85,"column":28},"end":{"line":85,"column":69}},"30":{"start":{"line":89,"column":0},"end":{"line":103,"column":null}},"31":{"start":{"line":90,"column":17},"end":{"line":90,"column":null}},"32":{"start":{"line":91,"column":2},"end":{"line":94,"column":null}},"33":{"start":{"line":92,"column":4},"end":{"line":92,"column":null}},"34":{"start":{"line":93,"column":4},"end":{"line":93,"column":null}},"35":{"start":{"line":95,"column":16},"end":{"line":95,"column":null}},"36":{"start":{"line":96,"column":2},"end":{"line":99,"column":null}},"37":{"start":{"line":97,"column":4},"end":{"line":97,"column":null}},"38":{"start":{"line":98,"column":4},"end":{"line":98,"column":null}},"39":{"start":{"line":101,"column":21},"end":{"line":101,"column":null}},"40":{"start":{"line":102,"column":2},"end":{"line":102,"column":null}},"41":{"start":{"line":106,"column":0},"end":{"line":121,"column":null}},"42":{"start":{"line":107,"column":16},"end":{"line":107,"column":null}},"43":{"start":{"line":108,"column":15},"end":{"line":108,"column":null}},"44":{"start":{"line":109,"column":16},"end":{"line":109,"column":null}},"45":{"start":{"line":110,"column":8},"end":{"line":110,"column":null}},"46":{"start":{"line":112,"column":21},"end":{"line":112,"column":null}},"47":{"start":{"line":113,"column":2},"end":{"line":113,"column":null}},"48":{"start":{"line":113,"column":42},"end":{"line":113,"column":null}},"49":{"start":{"line":115,"column":22},"end":{"line":115,"column":null}},"50":{"start":{"line":116,"column":24},"end":{"line":116,"column":null}},"51":{"start":{"line":117,"column":16},"end":{"line":117,"column":null}},"52":{"start":{"line":118,"column":15},"end":{"line":118,"column":null}},"53":{"start":{"line":120,"column":2},"end":{"line":120,"column":null}},"54":{"start":{"line":120,"column":33},"end":{"line":120,"column":45}},"55":{"start":{"line":124,"column":0},"end":{"line":137,"column":null}},"56":{"start":{"line":125,"column":17},"end":{"line":125,"column":null}},"57":{"start":{"line":126,"column":2},"end":{"line":129,"column":null}},"58":{"start":{"line":127,"column":4},"end":{"line":127,"column":null}},"59":{"start":{"line":128,"column":4},"end":{"line":128,"column":null}},"60":{"start":{"line":130,"column":33},"end":{"line":130,"column":null}},"61":{"start":{"line":131,"column":16},"end":{"line":135,"column":null}},"62":{"start":{"line":136,"column":2},"end":{"line":136,"column":null}},"63":{"start":{"line":140,"column":0},"end":{"line":155,"column":null}},"64":{"start":{"line":141,"column":17},"end":{"line":141,"column":null}},"65":{"start":{"line":142,"column":2},"end":{"line":142,"column":null}},"66":{"start":{"line":142,"column":25},"end":{"line":142,"column":72}},"67":{"start":{"line":142,"column":72},"end":{"line":142,"column":80}},"68":{"start":{"line":144,"column":17},"end":{"line":144,"column":null}},"69":{"start":{"line":145,"column":2},"end":{"line":145,"column":null}},"70":{"start":{"line":145,"column":25},"end":{"line":145,"column":80}},"71":{"start":{"line":145,"column":80},"end":{"line":145,"column":88}},"72":{"start":{"line":147,"column":33},"end":{"line":147,"column":null}},"73":{"start":{"line":148,"column":16},"end":{"line":151,"column":null}},"74":{"start":{"line":153,"column":2},"end":{"line":153,"column":null}},"75":{"start":{"line":153,"column":14},"end":{"line":153,"column":64}},"76":{"start":{"line":153,"column":64},"end":{"line":153,"column":72}},"77":{"start":{"line":154,"column":2},"end":{"line":154,"column":null}},"78":{"start":{"line":158,"column":0},"end":{"line":165,"column":null}},"79":{"start":{"line":159,"column":17},"end":{"line":159,"column":null}},"80":{"start":{"line":160,"column":2},"end":{"line":160,"column":null}},"81":{"start":{"line":160,"column":25},"end":{"line":160,"column":72}},"82":{"start":{"line":160,"column":72},"end":{"line":160,"column":80}},"83":{"start":{"line":162,"column":16},"end":{"line":162,"column":null}},"84":{"start":{"line":163,"column":2},"end":{"line":163,"column":null}},"85":{"start":{"line":163,"column":14},"end":{"line":163,"column":64}},"86":{"start":{"line":163,"column":64},"end":{"line":163,"column":72}},"87":{"start":{"line":164,"column":2},"end":{"line":164,"column":null}},"88":{"start":{"line":168,"column":0},"end":{"line":178,"column":null}},"89":{"start":{"line":169,"column":17},"end":{"line":169,"column":null}},"90":{"start":{"line":170,"column":2},"end":{"line":170,"column":null}},"91":{"start":{"line":170,"column":25},"end":{"line":170,"column":72}},"92":{"start":{"line":170,"column":72},"end":{"line":170,"column":80}},"93":{"start":{"line":172,"column":17},"end":{"line":172,"column":null}},"94":{"start":{"line":173,"column":2},"end":{"line":173,"column":null}},"95":{"start":{"line":173,"column":25},"end":{"line":173,"column":80}},"96":{"start":{"line":173,"column":80},"end":{"line":173,"column":88}},"97":{"start":{"line":175,"column":16},"end":{"line":175,"column":null}},"98":{"start":{"line":176,"column":2},"end":{"line":176,"column":null}},"99":{"start":{"line":176,"column":14},"end":{"line":176,"column":64}},"100":{"start":{"line":176,"column":64},"end":{"line":176,"column":72}},"101":{"start":{"line":177,"column":2},"end":{"line":177,"column":null}},"102":{"start":{"line":181,"column":0},"end":{"line":191,"column":null}},"103":{"start":{"line":182,"column":17},"end":{"line":182,"column":null}},"104":{"start":{"line":183,"column":2},"end":{"line":183,"column":null}},"105":{"start":{"line":183,"column":25},"end":{"line":183,"column":72}},"106":{"start":{"line":183,"column":72},"end":{"line":183,"column":80}},"107":{"start":{"line":185,"column":17},"end":{"line":185,"column":null}},"108":{"start":{"line":186,"column":2},"end":{"line":186,"column":null}},"109":{"start":{"line":186,"column":25},"end":{"line":186,"column":80}},"110":{"start":{"line":186,"column":80},"end":{"line":186,"column":88}},"111":{"start":{"line":188,"column":16},"end":{"line":188,"column":null}},"112":{"start":{"line":189,"column":2},"end":{"line":189,"column":null}},"113":{"start":{"line":189,"column":14},"end":{"line":189,"column":64}},"114":{"start":{"line":189,"column":64},"end":{"line":189,"column":72}},"115":{"start":{"line":190,"column":2},"end":{"line":190,"column":null}}},"fnMap":{"0":{"name":"formatJob","decl":{"start":{"line":21,"column":9},"end":{"line":21,"column":19}},"loc":{"start":{"line":21,"column":82},"end":{"line":41,"column":null}},"line":21},"1":{"name":"(anonymous_1)","decl":{"start":{"line":44,"column":20},"end":{"line":44,"column":27}},"loc":{"start":{"line":44,"column":55},"end":{"line":71,"column":1}},"line":44},"2":{"name":"(anonymous_2)","decl":{"start":{"line":66,"column":19},"end":{"line":66,"column":24}},"loc":{"start":{"line":66,"column":24},"end":{"line":66,"column":36}},"line":66},"3":{"name":"(anonymous_3)","decl":{"start":{"line":74,"column":29},"end":{"line":74,"column":36}},"loc":{"start":{"line":74,"column":65},"end":{"line":77,"column":1}},"line":74},"4":{"name":"(anonymous_4)","decl":{"start":{"line":76,"column":20},"end":{"line":76,"column":25}},"loc":{"start":{"line":76,"column":25},"end":{"line":76,"column":37}},"line":76},"5":{"name":"(anonymous_5)","decl":{"start":{"line":80,"column":31},"end":{"line":80,"column":38}},"loc":{"start":{"line":80,"column":67},"end":{"line":86,"column":1}},"line":80},"6":{"name":"(anonymous_6)","decl":{"start":{"line":85,"column":22},"end":{"line":85,"column":28}},"loc":{"start":{"line":85,"column":28},"end":{"line":85,"column":69}},"line":85},"7":{"name":"(anonymous_7)","decl":{"start":{"line":89,"column":24},"end":{"line":89,"column":31}},"loc":{"start":{"line":89,"column":59},"end":{"line":103,"column":1}},"line":89},"8":{"name":"(anonymous_8)","decl":{"start":{"line":106,"column":40},"end":{"line":106,"column":47}},"loc":{"start":{"line":106,"column":75},"end":{"line":121,"column":1}},"line":1
[...]
ine":97,"column":13},"end":{"line":101,"column":null}}],"line":95},"4":{"loc":{"start":{"line":106,"column":10},"end":{"line":111,"column":null}},"type":"cond-expr","locations":[{"start":{"line":107,"column":14},"end":{"line":110,"column":null}},{"start":{"line":111,"column":14},"end":{"line":111,"column":null}}],"line":106},"5":{"loc":{"start":{"line":106,"column":10},"end":{"line":106,"column":null}},"type":"binary-expr","locations":[{"start":{"line":106,"column":10},"end":{"line":106,"column":30}},{"start":{"line":106,"column":30},"end":{"line":106,"column":null}}],"line":106},"6":{"loc":{"start":{"line":116,"column":6},"end":{"line":121,"column":null}},"type":"if","locations":[{"start":{"line":116,"column":6},"end":{"line":121,"column":null}},{"start":{},"end":{}}],"line":116},"7":{"loc":{"start":{"line":159,"column":8},"end":{"line":159,"column":null}},"type":"if","locations":[{"start":{"line":159,"column":8},"end":{"line":159,"column":null}},{"start":{},"end":{}}],"line":159},"8":{"loc":{"start":{"line":178,"column":6},"end":{"line":180,"column":null}},"type":"if","locations":[{"start":{"line":178,"column":6},"end":{"line":180,"column":null}},{"start":{},"end":{}}],"line":178}},"s":{"0":1,"1":1,"2":1,"3":1,"4":0,"5":0,"6":1,"7":1,"8":0,"9":0,"10":0,"11":0,"12":0,"13":0,"14":1,"15":0,"16":0,"17":0,"18":0,"19":0,"20":0,"21":0,"22":0,"23":0,"24":0,"25":0,"26":0,"27":0,"28":0,"29":0,"30":1,"31":1,"32":0,"33":0,"34":0,"35":0,"36":0,"37":0,"38":0,"39":0,"40":0,"41":0,"42":0,"43":0,"44":4,"45":4,"46":3,"47":3,"48":3,"49":3,"50":3,"51":4,"52":0},"f":{"0":0,"1":0,"2":0,"3":0,"4":0,"5":0,"6":0,"7":0,"8":0,"9":0,"10":0,"11":0,"12":0,"13":0,"14":4,"15":3,"16":3,"17":0},"b":{"0":[0,0],"1":[0,0,0,0],"2":[0,0],"3":[0,0],"4":[0,0],"5":[0,0],"6":[0,0],"7":[0,0],"8":[3,0]},"meta":{"lastBranch":9,"lastFunction":18,"lastStatement":53,"seen":{"s:8:20:8:Infinity":0,"s:9:27:9:Infinity":1,"s:18:20:23:Infinity":2,"s:25:12:25:Infinity":3,"f:27:9:27:17":0,"s:28:2:28:Infinity":4,"s:29:2:29:Infinity":5,"s:56:22:56:Infinity":6,"s:58:25:72:Infinity":7,"f:58:25:58:26":1,"b:59:2:61:Infinity:undefined:undefined:undefined:undefined":0,"s:59:2:61:Infinity":8,"s:60:4:60:Infinity":9,"s:63:18:69:Infinity":10,"f:63:29:63:35":2,"s:64:4:64:Infinity":11,"s:65:4:68:Infinity":12,"s:71:2:71:Infinity":13,"s:74:23:127:Infinity":14,"f:74:23:74:24":3,"b:76:4:80:Infinity:82:4:88:Infinity:90:4:114:Infinity:115:4:125:Infinity":1,"s:75:2:126:Infinity":15,"s:77:6:80:Infinity":16,"s:83:6:88:Infinity":17,"f:85:33:85:34":4,"s:86:10:86:Infinity":18,"b:86:37:86:65:86:65:86:Infinity":2,"s:91:26:91:Infinity":19,"b:95:6:101:Infinity:97:13:101:Infinity":3,"s:95:6:101:Infinity":20,"s:96:8:96:Infinity":21,"s:98:8:100:Infinity":22,"f:98:29:98:30":5,"s:99:10:99:Infinity":23,"s:103:6:113:Infinity":24,"f:105:33:105:34":6,"s:106:10:111:Infinity":25,"b:107:14:110:Infinity:111:14:111:Infinity":4,"b:106:10:106:30:106:30:106:Infinity":5,"b:116:6:121:Infinity:undefined:undefined:undefined:undefined":6,"s:116:6:121:Infinity":26,"s:117:8:120:Infinity":27,"s:122:6:125:Infinity":28,"f:124:36:124:37":7,"s:124:43:124:66":29,"s:129:49:129:Infinity":30,"s:131:25:131:Infinity":31,"f:133:9:133:18":8,"s:134:2:134:Infinity":32,"s:135:2:137:Infinity":33,"f:135:20:135:21":9,"s:136:4:136:Infinity":34,"f:142:9:142:15":10,"s:143:13:143:Infinity":35,"s:145:17:149:Infinity":36,"f:145:17:145:18":11,"s:146:4:149:Infinity":37,"s:150:18:150:Infinity":38,"f:150:18:150:24":12,"s:150:24:150:Infinity":39,"s:152:2:162:Infinity":40,"f:158:20:158:21":13,"b:159:8:159:Infinity:undefined:undefined:undefined:undefined":7,"s:159:8:159:Infinity":41,"s:159:19:159:Infinity":42,"s:164:2:168:Infinity":43,"f:171:9:171:20":14,"s:172:28:172:Infinity":44,"s:174:2:182:Infinity":45,"f:174:18:174:24":15,"s:175:4:175:Infinity":46,"s:176:4:181:Infinity":47,"f:176:11:176:17":16,"s:177:20:177:Infinity":48,"b:178:6:180:Infinity:undefined:undefined:undefined:undefined":8,"s:178:6:180:Infinity":49,"s:179:8:179:Infinity":50,"s:184:2:188:Infinity":51,"f:187:13:187:14":17,"s:187:35:187:Infinity":52}}}
,"C:\\Users\\nitin\\Downloads\\jobnest-react-vite-npm\\src\\lib\\utils.ts": {"path":"C:\\Users\\nitin\\Downloads\\jobnest-react-vite-npm\\src\\lib\\utils.ts","statementMap":{"0":{"start":{"line":5,"column":2},"end":{"line":5,"column":null}}},"fnMap":{"0":{"name":"cn","decl":{"start":{"line":4,"column":16},"end":{"line":4,"column":22}},"loc":{"start":{"line":4,"column":44},"end":{"line":6,"column":null}},"line":4}},"branchMap":{},"s":{"0":32},"f":{"0":32},"b":{},"meta":{"lastBranch":0,"lastFunction":1,"lastStatement":1,"seen":{"f:4:16:4:22":0,"s:5:2:5:Infinity":0}}}
,"C:\\Users\\nitin\\Downloads\\jobnest-react-vite-npm\\src\\pages\\public\\Home.tsx": {"path":"C:\\Users\\nitin\\Downloads\\jobnest-react-vite-npm\\src\\pages\\public\\Home.tsx","statementMap":{"0":{"start":{"line":16,"column":19},"end":{"line":23,"column":null}},"1":{"start":{"line":25,"column":21},"end":{"line":53,"column":null}},"2":{"start":{"line":55,"column":14},"end":{"line":77,"column":null}},"3":{"start":{"line":79,"column":24},"end":{"line":79,"column":null}},"4":{"start":{"line":82,"column":15},"end":{"line":82,"column":null}},"5":{"start":{"line":83,"column":30},"end":{"line":83,"column":null}},"6":{"start":{"line":84,"column":38},"end":{"line":84,"column":null}},"7":{"start":{"line":85,"column":30},"end":{"line":85,"column":null}},"8":{"start":{"line":86,"column":8},"end":{"line":86,"column":null}},"9":{"start":{"line":88,"column":25},"end":{"line":91,"column":null}},"10":{"start":{"line":92,"column":15},"end":{"line":92,"column":null}},"11":{"start":{"line":94,"column":2},"end":{"line":103,"column":null}},"12":{"start":{"line":95,"column":15},"end":{"line":101,"column":null}},"13":{"start":{"line":96,"column":6},"end":{"line":96,"column":null}},"14":{"start":{"line":97,"column":6},"end":{"line":100,"column":null}},"15":{"start":{"line":98,"column":8},"end":{"line":98,"column":null}},"16":{"start":{"line":98,"column":20},"end":{"line":98,"column":57}},"17":{"start":{"line":99,"column":8},"end":{"line":99,"column":null}},"18":{"start":{"line":102,"column":4},"end":{"line":102,"column":null}},"19":{"start":{"line":102,"column":17},"end":{"line":102,"column":null}},"20":{"start":{"line":105,"column":22},"end":{"line":105,"column":null}},"21":{"start":{"line":106,"column":19},"end":{"line":106,"column":null}},"22":{"start":{"line":108,"column":20},"end":{"line":113,"column":null}},"23":{"start":{"line":109,"column":4},"end":{"line":109,"column":null}},"24":{"start":{"line":109,"column":25},"end":{"line":109,"column":null}},"25":{"start":{"line":110,"column":4},"end":{"line":112,"column":null}},"26":{"start":{"line":111,"column":6},"end":{"line":111,"column":null}},"27":{"start":{"line":111,"column":24},"end":{"line":111,"column":50}},"28":{"start":{"line":115,"column":2},"end":{"line":118,"column":null}},"29":{"start":{"line":116,"column":4},"end":{"line":116,"column":null}},"30":{"start":{"line":117,"column":4},"end":{"line":117,"column":null}},"31":{"start":{"line":117,"column":19},"end":{"line":117,"column":72}},"32":{"start":{"line":117,"column":40},"end":{"line":117,"column":72}},"33":{"start":{"line":120,"column":20},"end":{"line":123,"column":null}},"34":{"start":{"line":121,"column":4},"end":{"line":121,"column":null}},"35":{"start":{"line":121,"column":21},"end":{"line":121,"column":39}},"36":{"start":{"line":122,"column":4},"end":{"line":122,"column":null}},"37":{"start":{"line":124,"column":20},"end":{"line":127,"column":null}},"38":{"start":{"line":125,"column":4},"end":{"line":125,"column":null}},"39":{"start":{"line":125,"column":21},"end":{"line":125,"column":46}},"40":{"start":{"line":126,"column":4},"end":{"line":126,"column":null}},"41":{"start":{"line":129,"column":2},"end":{"line":446,"column":null}},"42":{"start":{"line":172,"column":14},"end":{"line":174,"column":null}},"43":{"start":{"line":190,"column":14},"end":{"line":194,"column":null}},"44":{"start":{"line":209,"column":14},"end":{"line":214,"column":null}},"45":{"start":{"line":253,"column":18},"end":{"line":278,"column":null}},"46":{"start":{"line":285,"column":16},"end":{"line":289,"column":null}},"47":{"start":{"line":287,"column":35},"end":{"line":287,"column":51}},"48":{"start":{"line":287,"column":51},"end":{"line":287,"column":64}},"49":{"start":{"line":314,"column":14},"end":{"line":323,"column":null}},"50":{"start":{"line":375,"column":14},"end":{"line":381,"column":null}},"51":{"start":{"line":396,"column":14},"end":{"line":412,"column":null}},"52":{"start":{"line":399,"column":20},"end":{"line":399,"column":null}}},"fnMap":{"0":{"name":"Home","decl":{"start":{"line":81,"column":24},"end":{"line":81,"column":31}},"loc":{"start":{"line":81,"column":31},"end":{"line":448,"column":null}},"line":81},"1":{"name":"(anonymous_1)","decl":{"start":{"line":94,"column":12},"end":{"line":94,"column":18}},"loc":{"start":{"line":94,"column":18},"end":{"line":103,"column":5}},"line":94},"2":{"name":"(anonymous_2)","decl":{"start":{"line":95,"column":27},"end":{"line":95,"column":33}},"loc":{"start":{"line":95,"column":33},"end":{"line":101,"column":7}},"line":95},"3":{"name":"(anonymous_3)","decl":{"start":{"line":97,"column":17},"end":{"line":97,"column":23}},"loc":{"start":{"line":97,"column":23},"end":{"line":100,"column":9}},"line":97},"4":{"name":"(anonymous_4)","decl":{"start":{"line":98,"column":20},"end":{"line":98,"column":26}},"loc":{"start":{"line":98,"column":20},"end":{"line":98,"column":57}},"line":98},"5":{"name":"(anonymous_5)","decl":{"start":{"line":102,"column":11},"end":{"line":102,"column":17}},"loc":{"start":{"line":102,"column":17},"end":{"line":102,"column":null}},"line":102},"6":{"name":"(anonymous_6)","decl":{"start":{"line":108,"column":20},"end":{"line":108,"column":26}},"loc":{"start":{"line":108,"column":26},"end":{"line":113,"column":null}},"line":108},"7":{"name":"(anonymous_7)","decl":{"start":{"line":110,"column":34},"end":{"line":110,"column":40}},"loc":{"start":{"line":110,"column":40},"end":{"line":112,"column":7}},"line":110},"8":{"name":"(anonymous_8)","decl":{"start":{"line":111,"column":18},"end":{"line":111,"column":24}},"loc":{"start":{"line":111,"column":24},"end":{"line":111,"column":50}},"line":111},"9":{"name":"(anonymous_9)","decl":{"start":{"line":115,"column":12},"end":{"line":115,"column":18}},"loc":{"start":{"line":115,"column":18},"end":{"line":118,"column":5}},"line":115},"10":{"name":"(anonymous_10)","decl":{"start":{"line":117,"column":11},"end":{"line":117,"column":17}},"loc":{"start":{"line":117,"column":17},"end":{"line":117,"column":null}},"line":117},"11":{"name":"(anonymous_11)","decl":{"start":{"line":120,"column":20},"end":{"line":120,"column":26}},"loc":{"start":{"line":120,"column":26},"end":{"line":123,"column":null}},"line":120},"12":{"name":"(anonymous_12)","decl":{"start":{"line":121,"column":16},"end":{"line":121,"column":21}},"loc":{"start":{"line":121,"column":21},"end":{"line":121,"column":39}},"line":121},"13":{"name":"(anonymous_13)","decl":{"start":{"line":124,"column":20},"end":{"line":124,"column":26}},"loc":{"start":{"line":124,"column":26},"end":{"line":127,"column":null}},"line":124},"14":{"name":"(anonymous_14)","decl":{"start":{"line":125,"column":16},"end":{"line":125,"column":21}},"loc":{"start":{"line":125,"column":21},"end":{"line":125,"column":46}},"line":125},"15":{"name":"(anonymous_15)","decl":{"start":{"line":171,"column":91},"end":{"line":171,"column":null}},"loc":{"start":{"line":172,"column":14},"end":{"line":174,"column":null}},"line":172},"16":{"name":"(anonymous_16)","decl":{"start":{"line":189,"column":18},"end":{"line":189,"column":19}},"loc":{"start":{"line":190,"column":14},"end":{"line":194,"column":null}},"line":190},"17":{"name":"(anonymous_17)","decl":{"start":{"line":208,"column":28},"end":{"line":208,"column":29}},"loc":{"start":{"line":209,"column":14},"end":{"line":214,"column":null}},"line":209},"18":{"name":"(anonymous_18)","decl":{"start":{"line":252,"column":26},"end":{"line":252,"column":27}},"loc":{"start":{"line":253,"column":18},"end":{"line":278,"column":null}},"line":253},"19":{"name":"(anonymous_19)","decl":{"start":{"line":284,"column":56},"end":{"line":284,"column":57}},"loc":{"start":{"line":285,"column":16},"end":{"line":289,"column":null}},"line":285},"20":{"name":"(anonymous_20)","decl":{"start":{"line":287,"column":27},"end":{"line":287,"column":33}},"loc":{"start":{"line":287,"column":33},"end":{"line":287,"column":null}},"line":287},"21":{"name":"(anonymous_21)","decl":{"start":{"line":313,"column":23},"end":{"line":313,"column":24}},"loc":{"start":{"line":314,"column":14},"end":{"line":323,"column":null}},"line":314},"22":{"name":"(anonymous_22)","decl":{"start":{"line":374,"column":18},"end":{"line":374,"column":19}},"loc":{"start":{"line":375,"column":14},"end":{"line":381,"column":null}},"line":375},"23":{"name":"(anonymous_23)","decl":{"start":{"line":395,"column":30},"end":{"line":395,"column":31}},"loc":{"start":{"line":396,"column":14},"end":{"line":412,"column":null}},"line":396},"24":{"name":"(anonymous_24)","decl":{"start":{"line":398,"column":54},"end":{"line":398,"column":55}},"loc":{"start":{"line":399,"column":20},"end":{"line":399,"column":null}},"line":399}},"branchMap":{"0":{"loc":{"start":{"line":92,"column":15},"end":{"line":92,"column":null}},"type":"binary-expr","locations":[{"start":{"line":92,"column":15},"end":{"line":92,"column":33}},{"start":{"line":92,"column":33},"end":{"line":92,"column":null}}],"line":92},"1":{"loc":{"start":{"line":109,"column":4},"end":{"line":109,"column":null}},"type":"if","locations":[{"start":{"line":109,"column":4},"end":{"line":109,"column":null}},{"start":{},"end":{}}],"line":109},"2":{"loc":{"start":{"line":111,"column":24},"end":{"line":111,"column":50}},"type":"cond-expr","locations":[{"start":{"line":111,"column":40},"end":{"line":111,"column":44}},{"start":{"line":111,"column":44},"end":{"line":111,"column":50}}],"line":111},"3":{"loc":{"start":{"line":117,"column":19},"end":{"line":117,"column":72}},"type":"if","locations":[{"start":{"line":117,"column":19},"end":{"line":117,"column":72}},{"start":{},"end":{}}],"line":117},"4":{"loc":{"start":{"line":148,"column":172},"end":{"line":148,"column":242}},"type":"cond-expr","locations":[{"start":{"line":148,"column":187},"end":{"line":148,"column":217}},{"start":{"line":148,"column":217},"end":{"line":148,"column":242}}],"line":148},"5":{"loc":{"start":{"line":163,"column":24},"end":{"line":163,"column":null}},"type":"cond-expr","locations":[{"start":{"line":163,"column":31},"end":{"line":163,"column":46}},{"start":{"line":163,"column":46},"end":{"line":163,"column":null}}],"line":163},"6":{"loc":{"start":{"line":165,"column":17},"end":{"line":165,"column":63}},"type":"cond-expr","locations":[{"start":{"line":165,"column":24},"end":{"line":165,"column":41}},{"start":{"line":165,"column":41},"end":{"line":165,"column":63}}],"line":165},"7":{"loc":{"start":{"line":221,"column":7},"end":{"line":301,"column":null}},"type":"binary-expr","locations":[{"start":{"line":221,"column":7},"end":{"line":221,"column":null}},{"start":{"line":222,"column":8},"end":{"line":301,"column":null}}],"line":221},"8":{"loc":{"start":{"line":260,"column":27},"end":{"line":261,"column":null}},"type":"binary-expr","locations":[{"start":{"line":260,"column":27},"end":{"line":260,"column":null}},{"start":{"line":261,"column":28},"end":{"line":261,"column":null}}],"line":260},"9":{"loc":{"start":{"line":270,"column":103},"end":{"line":270,"column":130}},"type":"binary-expr","locations":[{"start":{"line":270,"column":103},"end":{"line":270,"column":117}},{"start":{"line":270,"column":117},"end":{"line":270,"column":130}}],"line":270},"10":{"loc":{"start":{"line":272,"column":23},"end":{"line":275,"column":null}},"type":"binary-expr","locations":[{"start":{"line":272,"column":23},"end":{"line":272,"column":null}},{"start":{"line":273,"column":24},"end":{"line":275,"column":null}}],"line":272},"11":{"loc":{"start":{"line":288,"column":64},"end":{"line":288,"column":128}},"type":"cond-expr","locations":[{"start":{"line":288,"column":81},"end":{"line":288,"column":100}},{"start":{"line":288,"column":100},"end":{"line":288,"column":128}}],"line":288},"12":{"loc":{"start":{"line":433,"column":24},"end":{"line":433,"column":null}},"type":"cond-expr","locations":[{"start":{"line":433,"column":31},"end":{"line":433,"column":41}},{"start":{"line":433,"column":41},"end":{"line":433,"column":null}}],"line":433},"13":{"loc":{"start":{"line":435,"column":17},"end":{"line":435,"column":59}},"type":"cond-expr","locations":[{"start":{"line":435,"column":24},"end":{"line":435,"column":40}},{"start":{"line":435,"column":40},"end":{"line":435,"column":59}}],"line":435}},"s":{"0":1,"1":1,"2":1,"3":1,"4":4,"5":4,"6":4,"7":4,"8":4,"9":4,"10":4,"11":4,"12":3,"13":1,"14":1,"15":0,"16":0,"17":0,"18":3,"19":3,"20":4,"21":4,"22":4,"23":3,"24":0,"25":3,"26":0,"27":0,"28":4,"29":3,"30":3,"31":3,"32":3,"33":4,"34":0,"35":0,"36":0,"37":4,"38":0,"39":0,"40":0,"41":4,"42":16,"43":16,"44":24,"45":4,"46":4,"47":0,"48":0,"49":12,"50":24,"51":12,"52":60},"f":{"0":4,"1":3,"2":1,"3":0,"4":0,"5":3,"6":3,"7":0,"8":0,"9":3,"10":3,"11":0,"12":0,"13":0,"14":0,"15":16,"16":16,"17":24,"18":4,"19":4,"20":0,"21":12,"22":24,"23":12,"24":60},"b":{"0":[4,0],"1":[0,3],"2":[0,0],"3":[3,0],"4":[3,1],"5":[0,4],"6":[0,4],"7":[4,4],"8":[4,0],"9":[4,0],"10":[4,0],"11":[4,0],"12":[0,4],"13":[0,4]},"meta":{"lastBranch":14,"lastFunction":25,"lastStatement":53,"seen":{"s:16:19:23:Infinity":0,"s:25:21:53:Infinity":1,"s:55:14:77:Infinity":2,"s:79:24:79:Infinity":3,"f:81:24:81:31":0,"s:82:15:82:Infinity":4,"s:83:30:83:Infinity":5,"s:84:38:84:Infinity":6,"s:85:30:85:Infinity":7,"s:86:8:86:Infinity":8,"s:88:25:91:Infinity":9,"s:92:15:92:Infinity":10,"b:92:15:92:33:92:33:92:Infinity":0,"s:94:2:103:Infinity":11,"f:94:12:94:18":1,"s:95:15:101:Infinity":12,"f:95:27:95:33":2,"s:96:6:96:Infinity":13,"s:97:6:100:Infinity":14,"f:97:17:97:23":3,"s:98:8:98:Infinity":15,"f:98:20:98:26":4,"s:98:20:98:57":16,"s:99:8:99:Infinity":17,"s:102:4:102:Infinity":18,"f:102:11:102:17":5,"s:102:17:102:Infinity":19,"s:105:22:105:Infinity":20,"s:106:19:106:Infinity":21,"s:108:20:113:Infinity":22,"f:108:20:108:26":6,"b:109:4:109:Infinity:undefined:undefined:undefined:undefined":1,"s:109:4:109:Infinity":23,"s:109:25:109:Infinity":24,"s:110:4:112:Infinity":25,"f:110:34:110:40":7,"s:111:6:111:Infinity":26,"f:111:18:111:24":8,"s:111:24:111:50":27,"b:111:40:111:44:111:44:111:50":2,"s:115:2:118:Infinity":28,"f:115:12:115:18":9,"s:116:4:116:Infinity":29,"s:117:4:117:Infinity":30,"f:117:11:117:17":10,"b:117:19:117:72:undefined:undefined:undefined:undefined":3,"s:117:19:117:72":31,"s:117:40:117:72":32,"s:120:20:123:Infinity":33,"f:120:20:120:26":11,"s:121:4:121:Infinity":34,"f:121:16:121:21":12,"s:121:21:121:39":35,"s:122:4:122:Infinity":36,"s:124:20:127:Infinity":37,"f:124:20:124:26":13,"s:125:4:125:Infinity":38,"f:125:16:125:21":14,"s:125:21:125:46":39,"s:126:4:126:Infinity":40,"s:129:2:446:Infinity":41,"b:148:187:148:217:148:217:148:242":4,"b:163:31:163:46:163:46:163:Infinity":5,"b:165:24:165:41:165:41:165:63":6,"f:171:91:171:Infinity":15,"s:172:14:174:Infinity":42,"f:189:18:189:19":16,"s:190:14:194:Infinity":43,"f:208:28:208:29":17,"s:209:14:214:Infinity":44,"b:221:7:221:Infinity:222:8:301:Infinity":7,"f:252:26:252:27":18,"s:253:18:278:Infinity":45,"b:260:27:260:Infinity:261:28:261:Infinity":8,"b:270:103:270:117:270:117:270:130":9,"b:272:23:272:Infinity:273:24:275:Infinity":10,"f:284:56:284:57":19,"s:285:16:289:Infinity":46,"f:287:27:287:33":20,"s:287:35:287:51":47,"s:287:51:287:64":48,"b:288:81:288:100:288:100:288:128":11,"f:313:23:313:24":21,"s:314:14:323:Infinity":49,"f:374:18:374:19":22,"s:375:14:381:Infinity":50,"f:395:30:395:31":23,"s:396:14:412:Infinity":51,"f:398:54:398:55":24,"s:399:20:399:Infinity":52,"b:433:31:433:41:433:41:433:Infinity":12,"b:435:24:435:40:435:40:435:59":13}}}
}
